{"C:\\Users\\Prais\\projects\\recipe\\expo-env.d.ts": {"path":"C:\\Users\\Prais\\projects\\recipe\\expo-env.d.ts","statementMap":{},"fnMap":{},"branchMap":{},"s":{},"f":{},"b":{}}
,"C:\\Users\\Prais\\projects\\recipe\\.expo\\types\\router.d.ts": {"path":"C:\\Users\\Prais\\projects\\recipe\\.expo\\types\\router.d.ts","statementMap":{},"fnMap":{},"branchMap":{},"s":{},"f":{},"b":{}}
,"C:\\Users\\Prais\\projects\\recipe\\app\\_layout.tsx": {"path":"C:\\Users\\Prais\\projects\\recipe\\app\\_layout.tsx","statementMap":{"0":{"start":{"line":24,"column":33},"end":{"line":26,"column":1}},"1":{"start":{"line":29,"column":63},"end":{"line":29,"column":73}},"2":{"start":{"line":30,"column":24},"end":{"line":30,"column":42}},"3":{"start":{"line":32,"column":2},"end":{"line":56,"column":9}},"4":{"start":{"line":34,"column":21},"end":{"line":42,"column":5}},"5":{"start":{"line":35,"column":6},"end":{"line":41,"column":7}},"6":{"start":{"line":36,"column":8},"end":{"line":36,"column":44}},"7":{"start":{"line":37,"column":8},"end":{"line":37,"column":29}},"8":{"start":{"line":38,"column":8},"end":{"line":38,"column":40}},"9":{"start":{"line":40,"column":8},"end":{"line":40,"column":48}},"10":{"start":{"line":43,"column":4},"end":{"line":43,"column":15}},"11":{"start":{"line":46,"column":31},"end":{"line":53,"column":5}},"12":{"start":{"line":48,"column":8},"end":{"line":48,"column":69}},"13":{"start":{"line":49,"column":6},"end":{"line":51,"column":7}},"14":{"start":{"line":50,"column":8},"end":{"line":50,"column":45}},"15":{"start":{"line":52,"column":6},"end":{"line":52,"column":56}},"16":{"start":{"line":55,"column":4},"end":{"line":55,"column":25}},"17":{"start":{"line":58,"column":2},"end":{"line":60,"column":3}},"18":{"start":{"line":59,"column":4},"end":{"line":59,"column":25}},"19":{"start":{"line":62,"column":2},"end":{"line":104,"column":4}}},"fnMap":{"0":{"name":"RootLayout","decl":{"start":{"line":28,"column":24},"end":{"line":28,"column":34}},"loc":{"start":{"line":28,"column":37},"end":{"line":105,"column":1}},"line":28},"1":{"name":"(anonymous_1)","decl":{"start":{"line":32,"column":12},"end":{"line":32,"column":13}},"loc":{"start":{"line":32,"column":18},"end":{"line":56,"column":3}},"line":32},"2":{"name":"(anonymous_2)","decl":{"start":{"line":34,"column":21},"end":{"line":34,"column":22}},"loc":{"start":{"line":34,"column":33},"end":{"line":42,"column":5}},"line":34},"3":{"name":"(anonymous_3)","decl":{"start":{"line":46,"column":31},"end":{"line":46,"column":32}},"loc":{"start":{"line":46,"column":43},"end":{"line":53,"column":5}},"line":46}},"branchMap":{"0":{"loc":{"start":{"line":49,"column":6},"end":{"line":51,"column":7}},"type":"if","locations":[{"start":{"line":49,"column":6},"end":{"line":51,"column":7}},{"start":{},"end":{}}],"line":49},"1":{"loc":{"start":{"line":58,"column":2},"end":{"line":60,"column":3}},"type":"if","locations":[{"start":{"line":58,"column":2},"end":{"line":60,"column":3}},{"start":{},"end":{}}],"line":58},"2":{"loc":{"start":{"line":64,"column":28},"end":{"line":64,"column":65}},"type":"cond-expr","locations":[{"start":{"line":64,"column":41},"end":{"line":64,"column":50}},{"start":{"line":64,"column":53},"end":{"line":64,"column":65}}],"line":64}},"s":{"0":0,"1":0,"2":0,"3":0,"4":0,"5":0,"6":0,"7":0,"8":0,"9":0,"10":0,"11":0,"12":0,"13":0,"14":0,"15":0,"16":0,"17":0,"18":0,"19":0},"f":{"0":0,"1":0,"2":0,"3":0},"b":{"0":[0,0],"1":[0,0],"2":[0,0]}}
,"C:\\Users\\Prais\\projects\\recipe\\app\\achievements.tsx": {"path":"C:\\Users\\Prais\\projects\\recipe\\app\\achievements.tsx","statementMap":{"0":{"start":{"line":18,"column":18},"end":{"line":18,"column":42}},"1":{"start":{"line":23,"column":17},"end":{"line":23,"column":36}},"2":{"start":{"line":24,"column":17},"end":{"line":24,"column":28}},"3":{"start":{"line":25,"column":30},"end":{"line":25,"column":57}},"4":{"start":{"line":27,"column":26},"end":{"line":27,"column":36}},"5":{"start":{"line":28,"column":38},"end":{"line":28,"column":49}},"6":{"start":{"line":29,"column":20},"end":{"line":29,"column":32}},"7":{"start":{"line":30,"column":16},"end":{"line":30,"column":31}},"8":{"start":{"line":37,"column":22},"end":{"line":37,"column":69}},"9":{"start":{"line":38,"column":25},"end":{"line":38,"column":40}},"10":{"start":{"line":40,"column":26},"end":{"line":43,"column":3}},"11":{"start":{"line":49,"column":31},"end":{"line":54,"column":4}},"12":{"start":{"line":50,"column":23},"end":{"line":50,"column":52}},"13":{"start":{"line":51,"column":4},"end":{"line":51,"column":49}},"14":{"start":{"line":51,"column":31},"end":{"line":51,"column":49}},"15":{"start":{"line":52,"column":4},"end":{"line":52,"column":48}},"16":{"start":{"line":52,"column":29},"end":{"line":52,"column":48}},"17":{"start":{"line":53,"column":4},"end":{"line":53,"column":16}},"18":{"start":{"line":57,"column":2},"end":{"line":63,"column":5}},"19":{"start":{"line":58,"column":22},"end":{"line":58,"column":48}},"20":{"start":{"line":59,"column":22},"end":{"line":59,"column":48}},"21":{"start":{"line":60,"column":4},"end":{"line":60,"column":43}},"22":{"start":{"line":60,"column":33},"end":{"line":60,"column":43}},"23":{"start":{"line":61,"column":4},"end":{"line":61,"column":42}},"24":{"start":{"line":61,"column":33},"end":{"line":61,"column":42}},"25":{"start":{"line":62,"column":4},"end":{"line":62,"column":35}},"26":{"start":{"line":65,"column":24},"end":{"line":65,"column":42}},"27":{"start":{"line":66,"column":21},"end":{"line":66,"column":34}},"28":{"start":{"line":71,"column":4},"end":{"line":71,"column":49}},"29":{"start":{"line":77,"column":4},"end":{"line":77,"column":49}},"30":{"start":{"line":80,"column":2},"end":{"line":229,"column":4}},"31":{"start":{"line":87,"column":25},"end":{"line":87,"column":38}},"32":{"start":{"line":149,"column":35},"end":{"line":149,"column":61}},"33":{"start":{"line":150,"column":16},"end":{"line":159,"column":23}},"34":{"start":{"line":168,"column":12},"end":{"line":178,"column":31}},"35":{"start":{"line":171,"column":29},"end":{"line":171,"column":41}},"36":{"start":{"line":185,"column":31},"end":{"line":185,"column":60}},"37":{"start":{"line":186,"column":12},"end":{"line":224,"column":14}},"38":{"start":{"line":232,"column":15},"end":{"line":454,"column":2}}},"fnMap":{"0":{"name":"AchievementsScreen","decl":{"start":{"line":22,"column":24},"end":{"line":22,"column":42}},"loc":{"start":{"line":22,"column":45},"end":{"line":230,"column":1}},"line":22},"1":{"name":"(anonymous_1)","decl":{"start":{"line":49,"column":45},"end":{"line":49,"column":46}},"loc":{"start":{"line":49,"column":55},"end":{"line":54,"column":3}},"line":49},"2":{"name":"(anonymous_2)","decl":{"start":{"line":57,"column":28},"end":{"line":57,"column":29}},"loc":{"start":{"line":57,"column":38},"end":{"line":63,"column":3}},"line":57},"3":{"name":"getCategoryColor","decl":{"start":{"line":68,"column":11},"end":{"line":68,"column":27}},"loc":{"start":{"line":70,"column":51},"end":{"line":72,"column":3}},"line":70},"4":{"name":"getCategoryColor","decl":{"start":{"line":74,"column":11},"end":{"line":74,"column":27}},"loc":{"start":{"line":76,"column":51},"end":{"line":78,"column":3}},"line":76},"5":{"name":"(anonymous_5)","decl":{"start":{"line":87,"column":19},"end":{"line":87,"column":20}},"loc":{"start":{"line":87,"column":25},"end":{"line":87,"column":38}},"line":87},"6":{"name":"(anonymous_6)","decl":{"start":{"line":149,"column":28},"end":{"line":149,"column":29}},"loc":{"start":{"line":149,"column":35},"end":{"line":149,"column":61}},"line":149},"7":{"name":"(anonymous_7)","decl":{"start":{"line":149,"column":67},"end":{"line":149,"column":68}},"loc":{"start":{"line":150,"column":16},"end":{"line":159,"column":23}},"line":150},"8":{"name":"(anonymous_8)","decl":{"start":{"line":167,"column":63},"end":{"line":167,"column":64}},"loc":{"start":{"line":168,"column":12},"end":{"line":178,"column":31}},"line":168},"9":{"name":"(anonymous_9)","decl":{"start":{"line":171,"column":23},"end":{"line":171,"column":24}},"loc":{"start":{"line":171,"column":29},"end":{"line":171,"column":41}},"line":171},"10":{"name":"(anonymous_10)","decl":{"start":{"line":184,"column":36},"end":{"line":184,"column":37}},"loc":{"start":{"line":184,"column":46},"end":{"line":225,"column":11}},"line":184}},"branchMap":{"0":{"loc":{"start":{"line":37,"column":22},"end":{"line":37,"column":69}},"type":"binary-expr","locations":[{"start":{"line":37,"column":22},"end":{"line":37,"column":43}},{"start":{"line":37,"column":47},"end":{"line":37,"column":69}}],"line":37},"1":{"loc":{"start":{"line":51,"column":4},"end":{"line":51,"column":49}},"type":"if","locations":[{"start":{"line":51,"column":4},"end":{"line":51,"column":49}},{"start":{},"end":{}}],"line":51},"2":{"loc":{"start":{"line":52,"column":4},"end":{"line":52,"column":48}},"type":"if","locations":[{"start":{"line":52,"column":4},"end":{"line":52,"column":48}},{"start":{},"end":{}}],"line":52},"3":{"loc":{"start":{"line":60,"column":4},"end":{"line":60,"column":43}},"type":"if","locations":[{"start":{"line":60,"column":4},"end":{"line":60,"column":43}},{"start":{},"end":{}}],"line":60},"4":{"loc":{"start":{"line":60,"column":8},"end":{"line":60,"column":31}},"type":"binary-expr","locations":[{"start":{"line":60,"column":8},"end":{"line":60,"column":17}},{"start":{"line":60,"column":21},"end":{"line":60,"column":31}}],"line":60},"5":{"loc":{"start":{"line":61,"column":4},"end":{"line":61,"column":42}},"type":"if","locations":[{"start":{"line":61,"column":4},"end":{"line":61,"column":42}},{"start":{},"end":{}}],"line":61},"6":{"loc":{"start":{"line":61,"column":8},"end":{"line":61,"column":31}},"type":"binary-expr","locations":[{"start":{"line":61,"column":8},"end":{"line":61,"column":18}},{"start":{"line":61,"column":22},"end":{"line":61,"column":31}}],"line":61},"7":{"loc":{"start":{"line":144,"column":13},"end":{"line":161,"column":13}},"type":"cond-expr","locations":[{"start":{"line":145,"column":14},"end":{"line":147,"column":21}},{"start":{"line":149,"column":14},"end":{"line":160,"column":16}}],"line":144},"8":{"loc":{"start":{"line":170,"column":40},"end":{"line":170,"column":72}},"type":"binary-expr","locations":[{"start":{"line":170,"column":40},"end":{"line":170,"column":52}},{"start":{"line":170,"column":56},"end":{"line":170,"column":72}}],"line":170},"9":{"loc":{"start":{"line":174,"column":40},"end":{"line":174,"column":76}},"type":"binary-expr","locations":[{"start":{"line":174,"column":40},"end":{"line":174,"column":52}},{"start":{"line":174,"column":56},"end":{"line":174,"column":76}}],"line":174},"10":{"loc":{"start":{"line":189,"column":47},"end":{"line":189,"column":78}},"type":"binary-expr","locations":[{"start":{"line":189,"column":47},"end":{"line":189,"column":58}},{"start":{"line":189,"column":62},"end":{"line":189,"column":78}}],"line":189},"11":{"loc":{"start":{"line":194,"column":20},"end":{"line":196,"column":41}},"type":"cond-expr","locations":[{"start":{"line":195,"column":24},"end":{"line":195,"column":76}},{"start":{"line":196,"column":24},"end":{"line":196,"column":41}}],"line":194},"12":{"loc":{"start":{"line":199,"column":19},"end":{"line":203,"column":19}},"type":"cond-expr","locations":[{"start":{"line":200,"column":20},"end":{"line":200,"column":69}},{"start":{"line":202,"column":20},"end":{"line":202,"column":74}}],"line":199},"13":{"loc":{"start":{"line":208,"column":45},"end":{"line":208,"column":77}},"type":"binary-expr","locations":[{"start":{"line":208,"column":45},"end":{"line":208,"column":56}},{"start":{"line":208,"column":60},"end":{"line":208,"column":77}}],"line":208},"14":{"loc":{"start":{"line":215,"column":19},"end":{"line":217,"column":19}},"type":"binary-expr","locations":[{"start":{"line":215,"column":19},"end":{"line":215,"column":30}},{"start":{"line":216,"column":20},"end":{"line":216,"column":78}}],"line":215},"15":{"loc":{"start":{"line":220,"column":17},"end":{"line":222,"column":17}},"type":"binary-expr","locations":[{"start":{"line":220,"column":17},"end":{"line":220,"column":27}},{"start":{"line":221,"column":18},"end":{"line":221,"column":80}}],"line":220}},"s":{"0":0,"1":0,"2":0,"3":0,"4":0,"5":0,"6":0,"7":0,"8":0,"9":0,"10":0,"11":0,"12":0,"13":0,"14":0,"15":0,"16":0,"17":0,"18":0,"19":0,"20":0,"21":0,"22":0,"23":0,"24":0,"25":0,"26":0,"27":0,"28":0,"29":0,"30":0,"31":0,"32":0,"33":0,"34":0,"35":0,"36":0,"37":0,"38":0},"f":{"0":0,"1":0,"2":0,"3":0,"4":0,"5":0,"6":0,"7":0,"8":0,"9":0,"10":0},"b":{"0":[0,0],"1":[0,0],"2":[0,0],"3":[0,0],"4":[0,0],"5":[0,0],"6":[0,0],"7":[0,0],"8":[0,0],"9":[0,0],"10":[0,0],"11":[0,0],"12":[0,0],"13":[0,0],"14":[0,0],"15":[0,0]}}
,"C:\\Users\\Prais\\projects\\recipe\\app\\edit-profile.tsx": {"path":"C:\\Users\\Prais\\projects\\recipe\\app\\edit-profile.tsx","statementMap":{"0":{"start":{"line":21,"column":17},"end":{"line":21,"column":28}},"1":{"start":{"line":22,"column":42},"end":{"line":22,"column":52}},"2":{"start":{"line":24,"column":26},"end":{"line":24,"column":52}},"3":{"start":{"line":25,"column":20},"end":{"line":25,"column":41}},"4":{"start":{"line":26,"column":30},"end":{"line":26,"column":58}},"5":{"start":{"line":27,"column":24},"end":{"line":27,"column":55}},"6":{"start":{"line":29,"column":21},"end":{"line":51,"column":3}},"7":{"start":{"line":30,"column":4},"end":{"line":36,"column":7}},"8":{"start":{"line":38,"column":21},"end":{"line":38,"column":58}},"9":{"start":{"line":39,"column":4},"end":{"line":48,"column":5}},"10":{"start":{"line":41,"column":6},"end":{"line":41,"column":32}},"11":{"start":{"line":42,"column":6},"end":{"line":45,"column":8}},"12":{"start":{"line":47,"column":6},"end":{"line":47,"column":69}},"13":{"start":{"line":50,"column":4},"end":{"line":50,"column":18}},"14":{"start":{"line":53,"column":20},"end":{"line":64,"column":3}},"15":{"start":{"line":54,"column":17},"end":{"line":59,"column":6}},"16":{"start":{"line":61,"column":4},"end":{"line":63,"column":5}},"17":{"start":{"line":62,"column":6},"end":{"line":62,"column":38}},"18":{"start":{"line":66,"column":2},"end":{"line":142,"column":4}},"19":{"start":{"line":70,"column":25},"end":{"line":70,"column":38}},"20":{"start":{"line":145,"column":15},"end":{"line":250,"column":2}}},"fnMap":{"0":{"name":"EditProfileScreen","decl":{"start":{"line":20,"column":24},"end":{"line":20,"column":41}},"loc":{"start":{"line":20,"column":44},"end":{"line":143,"column":1}},"line":20},"1":{"name":"(anonymous_1)","decl":{"start":{"line":29,"column":21},"end":{"line":29,"column":22}},"loc":{"start":{"line":29,"column":33},"end":{"line":51,"column":3}},"line":29},"2":{"name":"(anonymous_2)","decl":{"start":{"line":53,"column":20},"end":{"line":53,"column":21}},"loc":{"start":{"line":53,"column":32},"end":{"line":64,"column":3}},"line":53},"3":{"name":"(anonymous_3)","decl":{"start":{"line":70,"column":19},"end":{"line":70,"column":20}},"loc":{"start":{"line":70,"column":25},"end":{"line":70,"column":38}},"line":70}},"branchMap":{"0":{"loc":{"start":{"line":27,"column":33},"end":{"line":27,"column":54}},"type":"binary-expr","locations":[{"start":{"line":27,"column":33},"end":{"line":27,"column":48}},{"start":{"line":27,"column":52},"end":{"line":27,"column":54}}],"line":27},"1":{"loc":{"start":{"line":39,"column":4},"end":{"line":48,"column":5}},"type":"if","locations":[{"start":{"line":39,"column":4},"end":{"line":48,"column":5}},{"start":{"line":46,"column":11},"end":{"line":48,"column":5}}],"line":39},"2":{"loc":{"start":{"line":44,"column":8},"end":{"line":44,"column":53}},"type":"binary-expr","locations":[{"start":{"line":44,"column":8},"end":{"line":44,"column":32}},{"start":{"line":44,"column":36},"end":{"line":44,"column":53}}],"line":44},"3":{"loc":{"start":{"line":61,"column":4},"end":{"line":63,"column":5}},"type":"if","locations":[{"start":{"line":61,"column":4},"end":{"line":63,"column":5}},{"start":{},"end":{}}],"line":61},"4":{"loc":{"start":{"line":83,"column":11},"end":{"line":98,"column":11}},"type":"cond-expr","locations":[{"start":{"line":84,"column":12},"end":{"line":84,"column":68}},{"start":{"line":86,"column":12},"end":{"line":97,"column":19}}],"line":83},"5":{"loc":{"start":{"line":115,"column":38},"end":{"line":115,"column":69}},"type":"binary-expr","locations":[{"start":{"line":115,"column":38},"end":{"line":115,"column":53}},{"start":{"line":115,"column":57},"end":{"line":115,"column":69}}],"line":115}},"s":{"0":0,"1":0,"2":0,"3":0,"4":0,"5":0,"6":0,"7":0,"8":0,"9":0,"10":0,"11":0,"12":0,"13":0,"14":0,"15":0,"16":0,"17":0,"18":0,"19":0,"20":0},"f":{"0":0,"1":0,"2":0,"3":0},"b":{"0":[0,0],"1":[0,0],"2":[0,0],"3":[0,0],"4":[0,0],"5":[0,0]}}
,"C:\\Users\\Prais\\projects\\recipe\\app\\index.tsx": {"path":"C:\\Users\\Prais\\projects\\recipe\\app\\index.tsx","statementMap":{"0":{"start":{"line":10,"column":17},"end":{"line":10,"column":28}},"1":{"start":{"line":11,"column":17},"end":{"line":11,"column":36}},"2":{"start":{"line":12,"column":27},"end":{"line":12,"column":37}},"3":{"start":{"line":15,"column":19},"end":{"line":15,"column":56}},"4":{"start":{"line":16,"column":20},"end":{"line":16,"column":59}},"5":{"start":{"line":18,"column":2},"end":{"line":45,"column":50}},"6":{"start":{"line":20,"column":4},"end":{"line":31,"column":15}},"7":{"start":{"line":34,"column":18},"end":{"line":42,"column":12}},"8":{"start":{"line":37,"column":6},"end":{"line":41,"column":7}},"9":{"start":{"line":38,"column":8},"end":{"line":38,"column":38}},"10":{"start":{"line":40,"column":8},"end":{"line":40,"column":34}},"11":{"start":{"line":44,"column":4},"end":{"line":44,"column":37}},"12":{"start":{"line":44,"column":17},"end":{"line":44,"column":36}},"13":{"start":{"line":47,"column":2},"end":{"line":66,"column":4}},"14":{"start":{"line":69,"column":15},"end":{"line":113,"column":2}}},"fnMap":{"0":{"name":"AnimatedSplashScreen","decl":{"start":{"line":9,"column":24},"end":{"line":9,"column":44}},"loc":{"start":{"line":9,"column":47},"end":{"line":67,"column":1}},"line":9},"1":{"name":"(anonymous_1)","decl":{"start":{"line":18,"column":12},"end":{"line":18,"column":13}},"loc":{"start":{"line":18,"column":18},"end":{"line":45,"column":3}},"line":18},"2":{"name":"(anonymous_2)","decl":{"start":{"line":34,"column":29},"end":{"line":34,"column":30}},"loc":{"start":{"line":34,"column":35},"end":{"line":42,"column":5}},"line":34},"3":{"name":"(anonymous_3)","decl":{"start":{"line":44,"column":11},"end":{"line":44,"column":12}},"loc":{"start":{"line":44,"column":17},"end":{"line":44,"column":36}},"line":44}},"branchMap":{"0":{"loc":{"start":{"line":37,"column":6},"end":{"line":41,"column":7}},"type":"if","locations":[{"start":{"line":37,"column":6},"end":{"line":41,"column":7}},{"start":{"line":39,"column":13},"end":{"line":41,"column":7}}],"line":37}},"s":{"0":0,"1":0,"2":0,"3":0,"4":0,"5":0,"6":0,"7":0,"8":0,"9":0,"10":0,"11":0,"12":0,"13":0,"14":0},"f":{"0":0,"1":0,"2":0,"3":0},"b":{"0":[0,0]}}
,"C:\\Users\\Prais\\projects\\recipe\\app\\notification-settings.tsx": {"path":"C:\\Users\\Prais\\projects\\recipe\\app\\notification-settings.tsx","statementMap":{"0":{"start":{"line":17,"column":17},"end":{"line":17,"column":28}},"1":{"start":{"line":18,"column":42},"end":{"line":18,"column":52}},"2":{"start":{"line":20,"column":66},"end":{"line":20,"column":76}},"3":{"start":{"line":21,"column":70},"end":{"line":21,"column":93}},"4":{"start":{"line":23,"column":27},"end":{"line":25,"column":3}},"5":{"start":{"line":24,"column":4},"end":{"line":24,"column":49}},"6":{"start":{"line":27,"column":2},"end":{"line":151,"column":4}},"7":{"start":{"line":39,"column":25},"end":{"line":39,"column":38}},"8":{"start":{"line":77,"column":38},"end":{"line":77,"column":76}},"9":{"start":{"line":99,"column":38},"end":{"line":99,"column":80}},"10":{"start":{"line":121,"column":38},"end":{"line":121,"column":72}},"11":{"start":{"line":143,"column":38},"end":{"line":143,"column":73}},"12":{"start":{"line":154,"column":15},"end":{"line":196,"column":2}}},"fnMap":{"0":{"name":"NotificationSettingsScreen","decl":{"start":{"line":16,"column":24},"end":{"line":16,"column":50}},"loc":{"start":{"line":16,"column":53},"end":{"line":152,"column":1}},"line":16},"1":{"name":"(anonymous_1)","decl":{"start":{"line":23,"column":27},"end":{"line":23,"column":28}},"loc":{"start":{"line":23,"column":90},"end":{"line":25,"column":3}},"line":23},"2":{"name":"(anonymous_2)","decl":{"start":{"line":39,"column":19},"end":{"line":39,"column":20}},"loc":{"start":{"line":39,"column":25},"end":{"line":39,"column":38}},"line":39},"3":{"name":"(anonymous_3)","decl":{"start":{"line":77,"column":29},"end":{"line":77,"column":30}},"loc":{"start":{"line":77,"column":38},"end":{"line":77,"column":76}},"line":77},"4":{"name":"(anonymous_4)","decl":{"start":{"line":99,"column":29},"end":{"line":99,"column":30}},"loc":{"start":{"line":99,"column":38},"end":{"line":99,"column":80}},"line":99},"5":{"name":"(anonymous_5)","decl":{"start":{"line":121,"column":29},"end":{"line":121,"column":30}},"loc":{"start":{"line":121,"column":38},"end":{"line":121,"column":72}},"line":121},"6":{"name":"(anonymous_6)","decl":{"start":{"line":143,"column":29},"end":{"line":143,"column":30}},"loc":{"start":{"line":143,"column":38},"end":{"line":143,"column":73}},"line":143}},"branchMap":{"0":{"loc":{"start":{"line":46,"column":11},"end":{"line":46,"column":68}},"type":"binary-expr","locations":[{"start":{"line":46,"column":11},"end":{"line":46,"column":41}},{"start":{"line":46,"column":45},"end":{"line":46,"column":68}}],"line":46},"1":{"loc":{"start":{"line":58,"column":11},"end":{"line":59,"column":61}},"type":"binary-expr","locations":[{"start":{"line":58,"column":11},"end":{"line":58,"column":45}},{"start":{"line":59,"column":12},"end":{"line":59,"column":61}}],"line":58},"2":{"loc":{"start":{"line":66,"column":17},"end":{"line":66,"column":60}},"type":"binary-expr","locations":[{"start":{"line":66,"column":17},"end":{"line":66,"column":40}},{"start":{"line":66,"column":44},"end":{"line":66,"column":60}}],"line":66},"3":{"loc":{"start":{"line":71,"column":17},"end":{"line":72,"column":65}},"type":"binary-expr","locations":[{"start":{"line":71,"column":17},"end":{"line":71,"column":44}},{"start":{"line":72,"column":18},"end":{"line":72,"column":65}}],"line":71},"4":{"loc":{"start":{"line":88,"column":17},"end":{"line":88,"column":68}},"type":"binary-expr","locations":[{"start":{"line":88,"column":17},"end":{"line":88,"column":44}},{"start":{"line":88,"column":48},"end":{"line":88,"column":68}}],"line":88},"5":{"loc":{"start":{"line":93,"column":17},"end":{"line":94,"column":59}},"type":"binary-expr","locations":[{"start":{"line":93,"column":17},"end":{"line":93,"column":48}},{"start":{"line":94,"column":18},"end":{"line":94,"column":59}}],"line":93},"6":{"loc":{"start":{"line":110,"column":17},"end":{"line":110,"column":52}},"type":"binary-expr","locations":[{"start":{"line":110,"column":17},"end":{"line":110,"column":36}},{"start":{"line":110,"column":40},"end":{"line":110,"column":52}}],"line":110},"7":{"loc":{"start":{"line":115,"column":17},"end":{"line":116,"column":61}},"type":"binary-expr","locations":[{"start":{"line":115,"column":17},"end":{"line":115,"column":40}},{"start":{"line":116,"column":18},"end":{"line":116,"column":61}}],"line":115},"8":{"loc":{"start":{"line":132,"column":17},"end":{"line":132,"column":54}},"type":"binary-expr","locations":[{"start":{"line":132,"column":17},"end":{"line":132,"column":37}},{"start":{"line":132,"column":41},"end":{"line":132,"column":54}}],"line":132},"9":{"loc":{"start":{"line":137,"column":17},"end":{"line":138,"column":64}},"type":"binary-expr","locations":[{"start":{"line":137,"column":17},"end":{"line":137,"column":41}},{"start":{"line":138,"column":18},"end":{"line":138,"column":64}}],"line":137}},"s":{"0":0,"1":0,"2":0,"3":0,"4":0,"5":0,"6":0,"7":0,"8":0,"9":0,"10":0,"11":0,"12":0},"f":{"0":0,"1":0,"2":0,"3":0,"4":0,"5":0,"6":0},"b":{"0":[0,0],"1":[0,0],"2":[0,0],"3":[0,0],"4":[0,0],"5":[0,0],"6":[0,0],"7":[0,0],"8":[0,0],"9":[0,0]}}
,"C:\\Users\\Prais\\projects\\recipe\\app\\notifications.tsx": {"path":"C:\\Users\\Prais\\projects\\recipe\\app\\notifications.tsx","statementMap":{"0":{"start":{"line":18,"column":17},"end":{"line":18,"column":28}},"1":{"start":{"line":19,"column":33},"end":{"line":19,"column":43}},"2":{"start":{"line":20,"column":69},"end":{"line":20,"column":79}},"3":{"start":{"line":22,"column":33},"end":{"line":37,"column":3}},"4":{"start":{"line":23,"column":18},"end":{"line":23,"column":37}},"5":{"start":{"line":24,"column":17},"end":{"line":24,"column":63}},"6":{"start":{"line":27,"column":4},"end":{"line":27,"column":65}},"7":{"start":{"line":30,"column":4},"end":{"line":34,"column":7}},"8":{"start":{"line":36,"column":4},"end":{"line":36,"column":76}},"9":{"start":{"line":39,"column":21},"end":{"line":52,"column":3}},"10":{"start":{"line":40,"column":17},"end":{"line":40,"column":36}},"11":{"start":{"line":41,"column":16},"end":{"line":41,"column":26}},"12":{"start":{"line":42,"column":17},"end":{"line":42,"column":47}},"13":{"start":{"line":44,"column":20},"end":{"line":44,"column":44}},"14":{"start":{"line":45,"column":18},"end":{"line":45,"column":44}},"15":{"start":{"line":46,"column":17},"end":{"line":46,"column":44}},"16":{"start":{"line":48,"column":4},"end":{"line":48,"column":39}},"17":{"start":{"line":48,"column":21},"end":{"line":48,"column":39}},"18":{"start":{"line":49,"column":4},"end":{"line":49,"column":47}},"19":{"start":{"line":49,"column":22},"end":{"line":49,"column":47}},"20":{"start":{"line":50,"column":4},"end":{"line":50,"column":43}},"21":{"start":{"line":50,"column":20},"end":{"line":50,"column":43}},"22":{"start":{"line":51,"column":4},"end":{"line":51,"column":26}},"23":{"start":{"line":54,"column":2},"end":{"line":153,"column":4}},"24":{"start":{"line":61,"column":25},"end":{"line":61,"column":38}},"25":{"start":{"line":84,"column":32},"end":{"line":84,"column":39}},"26":{"start":{"line":94,"column":10},"end":{"line":149,"column":29}},"27":{"start":{"line":96,"column":27},"end":{"line":96,"column":58}},"28":{"start":{"line":156,"column":15},"end":{"line":201,"column":2}}},"fnMap":{"0":{"name":"NotificationsScreen","decl":{"start":{"line":17,"column":24},"end":{"line":17,"column":43}},"loc":{"start":{"line":17,"column":46},"end":{"line":154,"column":1}},"line":17},"1":{"name":"(anonymous_1)","decl":{"start":{"line":22,"column":33},"end":{"line":22,"column":34}},"loc":{"start":{"line":22,"column":45},"end":{"line":37,"column":3}},"line":22},"2":{"name":"(anonymous_2)","decl":{"start":{"line":39,"column":21},"end":{"line":39,"column":22}},"loc":{"start":{"line":39,"column":44},"end":{"line":52,"column":3}},"line":39},"3":{"name":"(anonymous_3)","decl":{"start":{"line":61,"column":19},"end":{"line":61,"column":20}},"loc":{"start":{"line":61,"column":25},"end":{"line":61,"column":38}},"line":61},"4":{"name":"(anonymous_4)","decl":{"start":{"line":84,"column":22},"end":{"line":84,"column":23}},"loc":{"start":{"line":84,"column":32},"end":{"line":84,"column":39}},"line":84},"5":{"name":"(anonymous_5)","decl":{"start":{"line":93,"column":20},"end":{"line":93,"column":21}},"loc":{"start":{"line":94,"column":10},"end":{"line":149,"column":29}},"line":94},"6":{"name":"(anonymous_6)","decl":{"start":{"line":96,"column":21},"end":{"line":96,"column":22}},"loc":{"start":{"line":96,"column":27},"end":{"line":96,"column":58}},"line":96}},"branchMap":{"0":{"loc":{"start":{"line":48,"column":4},"end":{"line":48,"column":39}},"type":"if","locations":[{"start":{"line":48,"column":4},"end":{"line":48,"column":39}},{"start":{},"end":{}}],"line":48},"1":{"loc":{"start":{"line":49,"column":4},"end":{"line":49,"column":47}},"type":"if","locations":[{"start":{"line":49,"column":4},"end":{"line":49,"column":47}},{"start":{},"end":{}}],"line":49},"2":{"loc":{"start":{"line":50,"column":4},"end":{"line":50,"column":43}},"type":"if","locations":[{"start":{"line":50,"column":4},"end":{"line":50,"column":43}},{"start":{},"end":{}}],"line":50},"3":{"loc":{"start":{"line":100,"column":14},"end":{"line":100,"column":63}},"type":"binary-expr","locations":[{"start":{"line":100,"column":14},"end":{"line":100,"column":24}},{"start":{"line":100,"column":28},"end":{"line":100,"column":63}}],"line":100},"4":{"loc":{"start":{"line":108,"column":20},"end":{"line":108,"column":71}},"type":"cond-expr","locations":[{"start":{"line":108,"column":50},"end":{"line":108,"column":59}},{"start":{"line":108,"column":62},"end":{"line":108,"column":71}}],"line":108},"5":{"loc":{"start":{"line":114,"column":18},"end":{"line":118,"column":35}},"type":"cond-expr","locations":[{"start":{"line":115,"column":22},"end":{"line":115,"column":30}},{"start":{"line":116,"column":22},"end":{"line":118,"column":35}}],"line":114},"6":{"loc":{"start":{"line":116,"column":22},"end":{"line":118,"column":35}},"type":"cond-expr","locations":[{"start":{"line":117,"column":24},"end":{"line":117,"column":36}},{"start":{"line":118,"column":24},"end":{"line":118,"column":35}}],"line":116},"7":{"loc":{"start":{"line":121,"column":23},"end":{"line":121,"column":74}},"type":"cond-expr","locations":[{"start":{"line":121,"column":53},"end":{"line":121,"column":62}},{"start":{"line":121,"column":65},"end":{"line":121,"column":74}}],"line":121},"8":{"loc":{"start":{"line":129,"column":18},"end":{"line":129,"column":54}},"type":"binary-expr","locations":[{"start":{"line":129,"column":18},"end":{"line":129,"column":28}},{"start":{"line":129,"column":32},"end":{"line":129,"column":54}}],"line":129},"9":{"loc":{"start":{"line":146,"column":13},"end":{"line":148,"column":13}},"type":"binary-expr","locations":[{"start":{"line":146,"column":13},"end":{"line":146,"column":23}},{"start":{"line":147,"column":14},"end":{"line":147,"column":80}}],"line":146}},"s":{"0":0,"1":0,"2":0,"3":0,"4":0,"5":0,"6":0,"7":0,"8":0,"9":0,"10":0,"11":0,"12":0,"13":0,"14":0,"15":0,"16":0,"17":0,"18":0,"19":0,"20":0,"21":0,"22":0,"23":0,"24":0,"25":0,"26":0,"27":0,"28":0},"f":{"0":0,"1":0,"2":0,"3":0,"4":0,"5":0,"6":0},"b":{"0":[0,0],"1":[0,0],"2":[0,0],"3":[0,0],"4":[0,0],"5":[0,0],"6":[0,0],"7":[0,0],"8":[0,0],"9":[0,0]}}
,"C:\\Users\\Prais\\projects\\recipe\\app\\onboarding.tsx": {"path":"C:\\Users\\Prais\\projects\\recipe\\app\\onboarding.tsx","statementMap":{"0":{"start":{"line":19,"column":17},"end":{"line":19,"column":28}},"1":{"start":{"line":20,"column":63},"end":{"line":20,"column":73}},"2":{"start":{"line":22,"column":26},"end":{"line":22,"column":38}},"3":{"start":{"line":23,"column":28},"end":{"line":25,"column":3}},"4":{"start":{"line":26,"column":26},"end":{"line":26,"column":48}},"5":{"start":{"line":27,"column":30},"end":{"line":27,"column":59}},"6":{"start":{"line":29,"column":20},"end":{"line":40,"column":3}},"7":{"start":{"line":30,"column":19},"end":{"line":35,"column":6}},"8":{"start":{"line":37,"column":4},"end":{"line":39,"column":5}},"9":{"start":{"line":38,"column":6},"end":{"line":38,"column":38}},"10":{"start":{"line":42,"column":21},"end":{"line":48,"column":3}},"11":{"start":{"line":43,"column":4},"end":{"line":47,"column":5}},"12":{"start":{"line":44,"column":6},"end":{"line":44,"column":46}},"13":{"start":{"line":44,"column":33},"end":{"line":44,"column":43}},"14":{"start":{"line":46,"column":6},"end":{"line":46,"column":31}},"15":{"start":{"line":50,"column":21},"end":{"line":65,"column":3}},"16":{"start":{"line":51,"column":4},"end":{"line":54,"column":5}},"17":{"start":{"line":53,"column":6},"end":{"line":53,"column":13}},"18":{"start":{"line":56,"column":4},"end":{"line":61,"column":7}},"19":{"start":{"line":64,"column":4},"end":{"line":64,"column":36}},"20":{"start":{"line":67,"column":24},"end":{"line":78,"column":3}},"21":{"start":{"line":68,"column":4},"end":{"line":77,"column":5}},"22":{"start":{"line":70,"column":8},"end":{"line":70,"column":34}},"23":{"start":{"line":72,"column":8},"end":{"line":72,"column":34}},"24":{"start":{"line":74,"column":8},"end":{"line":74,"column":29}},"25":{"start":{"line":76,"column":8},"end":{"line":76,"column":17}},"26":{"start":{"line":80,"column":23},"end":{"line":95,"column":3}},"27":{"start":{"line":81,"column":4},"end":{"line":94,"column":5}},"28":{"start":{"line":83,"column":8},"end":{"line":83,"column":36}},"29":{"start":{"line":85,"column":8},"end":{"line":85,"column":31}},"30":{"start":{"line":87,"column":8},"end":{"line":87,"column":36}},"31":{"start":{"line":89,"column":8},"end":{"line":89,"column":31}},"32":{"start":{"line":91,"column":8},"end":{"line":91,"column":30}},"33":{"start":{"line":93,"column":8},"end":{"line":93,"column":17}},"34":{"start":{"line":97,"column":2},"end":{"line":197,"column":4}},"35":{"start":{"line":138,"column":14},"end":{"line":154,"column":33}},"36":{"start":{"line":144,"column":31},"end":{"line":144,"column":49}},"37":{"start":{"line":164,"column":14},"end":{"line":177,"column":33}},"38":{"start":{"line":167,"column":31},"end":{"line":167,"column":44}},"39":{"start":{"line":200,"column":15},"end":{"line":358,"column":2}}},"fnMap":{"0":{"name":"UserInfoScreen","decl":{"start":{"line":18,"column":24},"end":{"line":18,"column":38}},"loc":{"start":{"line":18,"column":41},"end":{"line":198,"column":1}},"line":18},"1":{"name":"(anonymous_1)","decl":{"start":{"line":29,"column":20},"end":{"line":29,"column":21}},"loc":{"start":{"line":29,"column":32},"end":{"line":40,"column":3}},"line":29},"2":{"name":"(anonymous_2)","decl":{"start":{"line":42,"column":21},"end":{"line":42,"column":22}},"loc":{"start":{"line":42,"column":39},"end":{"line":48,"column":3}},"line":42},"3":{"name":"(anonymous_3)","decl":{"start":{"line":44,"column":26},"end":{"line":44,"column":27}},"loc":{"start":{"line":44,"column":33},"end":{"line":44,"column":43}},"line":44},"4":{"name":"(anonymous_4)","decl":{"start":{"line":50,"column":21},"end":{"line":50,"column":22}},"loc":{"start":{"line":50,"column":27},"end":{"line":65,"column":3}},"line":50},"5":{"name":"(anonymous_5)","decl":{"start":{"line":67,"column":24},"end":{"line":67,"column":25}},"loc":{"start":{"line":67,"column":39},"end":{"line":78,"column":3}},"line":67},"6":{"name":"(anonymous_6)","decl":{"start":{"line":80,"column":23},"end":{"line":80,"column":24}},"loc":{"start":{"line":80,"column":38},"end":{"line":95,"column":3}},"line":80},"7":{"name":"(anonymous_7)","decl":{"start":{"line":137,"column":34},"end":{"line":137,"column":35}},"loc":{"start":{"line":138,"column":14},"end":{"line":154,"column":33}},"line":138},"8":{"name":"(anonymous_8)","decl":{"start":{"line":144,"column":25},"end":{"line":144,"column":26}},"loc":{"start":{"line":144,"column":31},"end":{"line":144,"column":49}},"line":144},"9":{"name":"(anonymous_9)","decl":{"start":{"line":163,"column":32},"end":{"line":163,"column":33}},"loc":{"start":{"line":164,"column":14},"end":{"line":177,"column":33}},"line":164},"10":{"name":"(anonymous_10)","decl":{"start":{"line":167,"column":25},"end":{"line":167,"column":26}},"loc":{"start":{"line":167,"column":31},"end":{"line":167,"column":44}},"line":167}},"branchMap":{"0":{"loc":{"start":{"line":37,"column":4},"end":{"line":39,"column":5}},"type":"if","locations":[{"start":{"line":37,"column":4},"end":{"line":39,"column":5}},{"start":{},"end":{}}],"line":37},"1":{"loc":{"start":{"line":43,"column":4},"end":{"line":47,"column":5}},"type":"if","locations":[{"start":{"line":43,"column":4},"end":{"line":47,"column":5}},{"start":{"line":45,"column":11},"end":{"line":47,"column":5}}],"line":43},"2":{"loc":{"start":{"line":51,"column":4},"end":{"line":54,"column":5}},"type":"if","locations":[{"start":{"line":51,"column":4},"end":{"line":54,"column":5}},{"start":{},"end":{}}],"line":51},"3":{"loc":{"start":{"line":60,"column":14},"end":{"line":60,"column":33}},"type":"binary-expr","locations":[{"start":{"line":60,"column":14},"end":{"line":60,"column":20}},{"start":{"line":60,"column":24},"end":{"line":60,"column":33}}],"line":60},"4":{"loc":{"start":{"line":68,"column":4},"end":{"line":77,"column":5}},"type":"switch","locations":[{"start":{"line":69,"column":6},"end":{"line":70,"column":34}},{"start":{"line":71,"column":6},"end":{"line":72,"column":34}},{"start":{"line":73,"column":6},"end":{"line":74,"column":29}},{"start":{"line":75,"column":6},"end":{"line":76,"column":17}}],"line":68},"5":{"loc":{"start":{"line":81,"column":4},"end":{"line":94,"column":5}},"type":"switch","locations":[{"start":{"line":82,"column":6},"end":{"line":83,"column":36}},{"start":{"line":84,"column":6},"end":{"line":85,"column":31}},{"start":{"line":86,"column":6},"end":{"line":87,"column":36}},{"start":{"line":88,"column":6},"end":{"line":89,"column":31}},{"start":{"line":90,"column":6},"end":{"line":91,"column":30}},{"start":{"line":92,"column":6},"end":{"line":93,"column":17}}],"line":81},"6":{"loc":{"start":{"line":108,"column":13},"end":{"line":114,"column":13}},"type":"cond-expr","locations":[{"start":{"line":109,"column":14},"end":{"line":109,"column":70}},{"start":{"line":111,"column":14},"end":{"line":113,"column":21}}],"line":108},"7":{"loc":{"start":{"line":142,"column":18},"end":{"line":142,"column":54}},"type":"binary-expr","locations":[{"start":{"line":142,"column":18},"end":{"line":142,"column":29}},{"start":{"line":142,"column":33},"end":{"line":142,"column":54}}],"line":142},"8":{"loc":{"start":{"line":149,"column":20},"end":{"line":149,"column":60}},"type":"binary-expr","locations":[{"start":{"line":149,"column":20},"end":{"line":149,"column":31}},{"start":{"line":149,"column":35},"end":{"line":149,"column":60}}],"line":149},"9":{"loc":{"start":{"line":166,"column":37},"end":{"line":166,"column":76}},"type":"binary-expr","locations":[{"start":{"line":166,"column":37},"end":{"line":166,"column":53}},{"start":{"line":166,"column":57},"end":{"line":166,"column":76}}],"line":166},"10":{"loc":{"start":{"line":172,"column":20},"end":{"line":172,"column":63}},"type":"binary-expr","locations":[{"start":{"line":172,"column":20},"end":{"line":172,"column":36}},{"start":{"line":172,"column":40},"end":{"line":172,"column":63}}],"line":172},"11":{"loc":{"start":{"line":187,"column":12},"end":{"line":187,"column":61}},"type":"binary-expr","locations":[{"start":{"line":187,"column":12},"end":{"line":187,"column":36}},{"start":{"line":187,"column":40},"end":{"line":187,"column":61}}],"line":187}},"s":{"0":0,"1":0,"2":0,"3":0,"4":0,"5":0,"6":0,"7":0,"8":0,"9":0,"10":0,"11":0,"12":0,"13":0,"14":0,"15":0,"16":0,"17":0,"18":0,"19":0,"20":0,"21":0,"22":0,"23":0,"24":0,"25":0,"26":0,"27":0,"28":0,"29":0,"30":0,"31":0,"32":0,"33":0,"34":0,"35":0,"36":0,"37":0,"38":0,"39":0},"f":{"0":0,"1":0,"2":0,"3":0,"4":0,"5":0,"6":0,"7":0,"8":0,"9":0,"10":0},"b":{"0":[0,0],"1":[0,0],"2":[0,0],"3":[0,0],"4":[0,0,0,0],"5":[0,0,0,0,0,0],"6":[0,0],"7":[0,0],"8":[0,0],"9":[0,0],"10":[0,0],"11":[0,0]}}
,"C:\\Users\\Prais\\projects\\recipe\\app\\pantry-check.tsx": {"path":"C:\\Users\\Prais\\projects\\recipe\\app\\pantry-check.tsx","statementMap":{"0":{"start":{"line":16,"column":17},"end":{"line":16,"column":28}},"1":{"start":{"line":17,"column":60},"end":{"line":17,"column":70}},"2":{"start":{"line":18,"column":34},"end":{"line":18,"column":66}},"3":{"start":{"line":20,"column":27},"end":{"line":28,"column":3}},"4":{"start":{"line":21,"column":19},"end":{"line":21,"column":36}},"5":{"start":{"line":22,"column":4},"end":{"line":26,"column":5}},"6":{"start":{"line":23,"column":6},"end":{"line":23,"column":24}},"7":{"start":{"line":25,"column":6},"end":{"line":25,"column":21}},"8":{"start":{"line":27,"column":4},"end":{"line":27,"column":24}},"9":{"start":{"line":30,"column":25},"end":{"line":34,"column":3}},"10":{"start":{"line":31,"column":4},"end":{"line":31,"column":36}},"11":{"start":{"line":32,"column":4},"end":{"line":32,"column":26}},"12":{"start":{"line":33,"column":4},"end":{"line":33,"column":30}},"13":{"start":{"line":36,"column":21},"end":{"line":39,"column":3}},"14":{"start":{"line":37,"column":4},"end":{"line":37,"column":26}},"15":{"start":{"line":38,"column":4},"end":{"line":38,"column":30}},"16":{"start":{"line":41,"column":2},"end":{"line":88,"column":4}},"17":{"start":{"line":50,"column":10},"end":{"line":69,"column":29}},"18":{"start":{"line":53,"column":27},"end":{"line":53,"column":52}},"19":{"start":{"line":91,"column":15},"end":{"line":191,"column":2}}},"fnMap":{"0":{"name":"PantryCheckScreen","decl":{"start":{"line":15,"column":24},"end":{"line":15,"column":41}},"loc":{"start":{"line":15,"column":44},"end":{"line":89,"column":1}},"line":15},"1":{"name":"(anonymous_1)","decl":{"start":{"line":20,"column":27},"end":{"line":20,"column":28}},"loc":{"start":{"line":20,"column":43},"end":{"line":28,"column":3}},"line":20},"2":{"name":"(anonymous_2)","decl":{"start":{"line":30,"column":25},"end":{"line":30,"column":26}},"loc":{"start":{"line":30,"column":31},"end":{"line":34,"column":3}},"line":30},"3":{"name":"(anonymous_3)","decl":{"start":{"line":36,"column":21},"end":{"line":36,"column":22}},"loc":{"start":{"line":36,"column":27},"end":{"line":39,"column":3}},"line":36},"4":{"name":"(anonymous_4)","decl":{"start":{"line":49,"column":31},"end":{"line":49,"column":32}},"loc":{"start":{"line":50,"column":10},"end":{"line":69,"column":29}},"line":50},"5":{"name":"(anonymous_5)","decl":{"start":{"line":53,"column":21},"end":{"line":53,"column":22}},"loc":{"start":{"line":53,"column":27},"end":{"line":53,"column":52}},"line":53}},"branchMap":{"0":{"loc":{"start":{"line":22,"column":4},"end":{"line":26,"column":5}},"type":"if","locations":[{"start":{"line":22,"column":4},"end":{"line":26,"column":5}},{"start":{"line":24,"column":11},"end":{"line":26,"column":5}}],"line":22},"1":{"loc":{"start":{"line":52,"column":33},"end":{"line":52,"column":77}},"type":"binary-expr","locations":[{"start":{"line":52,"column":33},"end":{"line":52,"column":54}},{"start":{"line":52,"column":58},"end":{"line":52,"column":77}}],"line":52},"2":{"loc":{"start":{"line":59,"column":16},"end":{"line":59,"column":60}},"type":"binary-expr","locations":[{"start":{"line":59,"column":16},"end":{"line":59,"column":37}},{"start":{"line":59,"column":41},"end":{"line":59,"column":60}}],"line":59},"3":{"loc":{"start":{"line":64,"column":13},"end":{"line":68,"column":13}},"type":"binary-expr","locations":[{"start":{"line":64,"column":13},"end":{"line":64,"column":34}},{"start":{"line":65,"column":14},"end":{"line":67,"column":21}}],"line":64}},"s":{"0":0,"1":0,"2":0,"3":0,"4":0,"5":0,"6":0,"7":0,"8":0,"9":0,"10":0,"11":0,"12":0,"13":0,"14":0,"15":0,"16":0,"17":0,"18":0,"19":0},"f":{"0":0,"1":0,"2":0,"3":0,"4":0,"5":0},"b":{"0":[0,0],"1":[0,0],"2":[0,0],"3":[0,0]}}
,"C:\\Users\\Prais\\projects\\recipe\\app\\settings.tsx": {"path":"C:\\Users\\Prais\\projects\\recipe\\app\\settings.tsx","statementMap":{"0":{"start":{"line":10,"column":17},"end":{"line":10,"column":28}},"1":{"start":{"line":11,"column":60},"end":{"line":11,"column":70}},"2":{"start":{"line":12,"column":58},"end":{"line":12,"column":72}},"3":{"start":{"line":14,"column":30},"end":{"line":30,"column":3}},"4":{"start":{"line":15,"column":4},"end":{"line":29,"column":6}},"5":{"start":{"line":25,"column":20},"end":{"line":25,"column":50}},"6":{"start":{"line":32,"column":25},"end":{"line":41,"column":3}},"7":{"start":{"line":33,"column":20},"end":{"line":38,"column":5}},"8":{"start":{"line":34,"column":42},"end":{"line":34,"column":57}},"9":{"start":{"line":35,"column":40},"end":{"line":35,"column":55}},"10":{"start":{"line":36,"column":42},"end":{"line":36,"column":57}},"11":{"start":{"line":40,"column":4},"end":{"line":40,"column":104}},"12":{"start":{"line":43,"column":26},"end":{"line":50,"column":3}},"13":{"start":{"line":44,"column":6},"end":{"line":49,"column":7}},"14":{"start":{"line":45,"column":21},"end":{"line":45,"column":38}},"15":{"start":{"line":46,"column":21},"end":{"line":46,"column":36}},"16":{"start":{"line":47,"column":21},"end":{"line":47,"column":38}},"17":{"start":{"line":48,"column":19},"end":{"line":48,"column":36}},"18":{"start":{"line":52,"column":2},"end":{"line":146,"column":4}},"19":{"start":{"line":55,"column":41},"end":{"line":55,"column":54}},"20":{"start":{"line":80,"column":65},"end":{"line":80,"column":102}},"21":{"start":{"line":149,"column":15},"end":{"line":217,"column":2}}},"fnMap":{"0":{"name":"SettingsScreen","decl":{"start":{"line":9,"column":24},"end":{"line":9,"column":38}},"loc":{"start":{"line":9,"column":41},"end":{"line":147,"column":1}},"line":9},"1":{"name":"(anonymous_1)","decl":{"start":{"line":14,"column":30},"end":{"line":14,"column":31}},"loc":{"start":{"line":14,"column":36},"end":{"line":30,"column":3}},"line":14},"2":{"name":"(anonymous_2)","decl":{"start":{"line":23,"column":25},"end":{"line":23,"column":26}},"loc":{"start":{"line":23,"column":31},"end":{"line":26,"column":17}},"line":23},"3":{"name":"(anonymous_3)","decl":{"start":{"line":32,"column":25},"end":{"line":32,"column":26}},"loc":{"start":{"line":32,"column":31},"end":{"line":41,"column":3}},"line":32},"4":{"name":"(anonymous_4)","decl":{"start":{"line":34,"column":36},"end":{"line":34,"column":37}},"loc":{"start":{"line":34,"column":42},"end":{"line":34,"column":57}},"line":34},"5":{"name":"(anonymous_5)","decl":{"start":{"line":35,"column":34},"end":{"line":35,"column":35}},"loc":{"start":{"line":35,"column":40},"end":{"line":35,"column":55}},"line":35},"6":{"name":"(anonymous_6)","decl":{"start":{"line":36,"column":36},"end":{"line":36,"column":37}},"loc":{"start":{"line":36,"column":42},"end":{"line":36,"column":57}},"line":36},"7":{"name":"(anonymous_7)","decl":{"start":{"line":43,"column":26},"end":{"line":43,"column":27}},"loc":{"start":{"line":43,"column":32},"end":{"line":50,"column":3}},"line":43},"8":{"name":"(anonymous_8)","decl":{"start":{"line":55,"column":35},"end":{"line":55,"column":36}},"loc":{"start":{"line":55,"column":41},"end":{"line":55,"column":54}},"line":55},"9":{"name":"(anonymous_9)","decl":{"start":{"line":80,"column":59},"end":{"line":80,"column":60}},"loc":{"start":{"line":80,"column":65},"end":{"line":80,"column":102}},"line":80}},"branchMap":{"0":{"loc":{"start":{"line":44,"column":6},"end":{"line":49,"column":7}},"type":"switch","locations":[{"start":{"line":45,"column":10},"end":{"line":45,"column":38}},{"start":{"line":46,"column":10},"end":{"line":46,"column":36}},{"start":{"line":47,"column":10},"end":{"line":47,"column":38}},{"start":{"line":48,"column":10},"end":{"line":48,"column":36}}],"line":44}},"s":{"0":0,"1":0,"2":0,"3":0,"4":0,"5":0,"6":0,"7":0,"8":0,"9":0,"10":0,"11":0,"12":0,"13":0,"14":0,"15":0,"16":0,"17":0,"18":0,"19":0,"20":0,"21":0},"f":{"0":0,"1":0,"2":0,"3":0,"4":0,"5":0,"6":0,"7":0,"8":0,"9":0},"b":{"0":[0,0,0,0]}}
,"C:\\Users\\Prais\\projects\\recipe\\app\\shopping-list.tsx": {"path":"C:\\Users\\Prais\\projects\\recipe\\app\\shopping-list.tsx","statementMap":{"0":{"start":{"line":31,"column":17},"end":{"line":31,"column":28}},"1":{"start":{"line":38,"column":6},"end":{"line":38,"column":16}},"2":{"start":{"line":39,"column":40},"end":{"line":39,"column":52}},"3":{"start":{"line":40,"column":44},"end":{"line":40,"column":58}},"4":{"start":{"line":43,"column":23},"end":{"line":43,"column":67}},"5":{"start":{"line":43,"column":53},"end":{"line":43,"column":66}},"6":{"start":{"line":44,"column":25},"end":{"line":44,"column":68}},"7":{"start":{"line":44,"column":55},"end":{"line":44,"column":67}},"8":{"start":{"line":46,"column":24},"end":{"line":56,"column":3}},"9":{"start":{"line":47,"column":4},"end":{"line":47,"column":36}},"10":{"start":{"line":47,"column":29},"end":{"line":47,"column":36}},"11":{"start":{"line":49,"column":4},"end":{"line":49,"column":27}},"12":{"start":{"line":50,"column":4},"end":{"line":50,"column":69}},"13":{"start":{"line":51,"column":4},"end":{"line":51,"column":23}},"14":{"start":{"line":52,"column":4},"end":{"line":55,"column":6}},"15":{"start":{"line":58,"column":23},"end":{"line":61,"column":3}},"16":{"start":{"line":59,"column":4},"end":{"line":59,"column":26}},"17":{"start":{"line":60,"column":4},"end":{"line":60,"column":27}},"18":{"start":{"line":63,"column":23},"end":{"line":81,"column":3}},"19":{"start":{"line":68,"column":4},"end":{"line":68,"column":28}},"20":{"start":{"line":69,"column":4},"end":{"line":69,"column":36}},"21":{"start":{"line":71,"column":4},"end":{"line":80,"column":6}},"22":{"start":{"line":76,"column":8},"end":{"line":78,"column":11}},"23":{"start":{"line":83,"column":22},"end":{"line":92,"column":3}},"24":{"start":{"line":84,"column":4},"end":{"line":91,"column":7}},"25":{"start":{"line":94,"column":29},"end":{"line":103,"column":3}},"26":{"start":{"line":95,"column":4},"end":{"line":102,"column":6}},"27":{"start":{"line":98,"column":23},"end":{"line":98,"column":41}},"28":{"start":{"line":105,"column":26},"end":{"line":136,"column":3}},"29":{"start":{"line":106,"column":4},"end":{"line":135,"column":16}},"30":{"start":{"line":106,"column":41},"end":{"line":106,"column":65}},"31":{"start":{"line":115,"column":25},"end":{"line":115,"column":46}},"32":{"start":{"line":138,"column":2},"end":{"line":254,"column":4}},"33":{"start":{"line":143,"column":27},"end":{"line":143,"column":40}},"34":{"start":{"line":212,"column":20},"end":{"line":212,"column":65}},"35":{"start":{"line":222,"column":24},"end":{"line":224,"column":26}},"36":{"start":{"line":225,"column":24},"end":{"line":225,"column":57}},"37":{"start":{"line":242,"column":26},"end":{"line":242,"column":71}},"38":{"start":{"line":257,"column":15},"end":{"line":444,"column":2}}},"fnMap":{"0":{"name":"ShoppingListScreen","decl":{"start":{"line":30,"column":24},"end":{"line":30,"column":42}},"loc":{"start":{"line":30,"column":45},"end":{"line":255,"column":1}},"line":30},"1":{"name":"(anonymous_1)","decl":{"start":{"line":43,"column":43},"end":{"line":43,"column":44}},"loc":{"start":{"line":43,"column":53},"end":{"line":43,"column":66}},"line":43},"2":{"name":"(anonymous_2)","decl":{"start":{"line":44,"column":45},"end":{"line":44,"column":46}},"loc":{"start":{"line":44,"column":55},"end":{"line":44,"column":67}},"line":44},"3":{"name":"(anonymous_3)","decl":{"start":{"line":46,"column":24},"end":{"line":46,"column":25}},"loc":{"start":{"line":46,"column":30},"end":{"line":56,"column":3}},"line":46},"4":{"name":"(anonymous_4)","decl":{"start":{"line":58,"column":23},"end":{"line":58,"column":24}},"loc":{"start":{"line":58,"column":39},"end":{"line":61,"column":3}},"line":58},"5":{"name":"(anonymous_5)","decl":{"start":{"line":63,"column":23},"end":{"line":63,"column":24}},"loc":{"start":{"line":67,"column":8},"end":{"line":81,"column":3}},"line":67},"6":{"name":"(anonymous_6)","decl":{"start":{"line":75,"column":6},"end":{"line":75,"column":7}},"loc":{"start":{"line":75,"column":12},"end":{"line":79,"column":7}},"line":75},"7":{"name":"(anonymous_7)","decl":{"start":{"line":83,"column":22},"end":{"line":83,"column":23}},"loc":{"start":{"line":83,"column":28},"end":{"line":92,"column":3}},"line":83},"8":{"name":"(anonymous_8)","decl":{"start":{"line":94,"column":29},"end":{"line":94,"column":30}},"loc":{"start":{"line":94,"column":44},"end":{"line":103,"column":3}},"line":94},"9":{"name":"(anonymous_9)","decl":{"start":{"line":98,"column":17},"end":{"line":98,"column":18}},"loc":{"start":{"line":98,"column":23},"end":{"line":98,"column":41}},"line":98},"10":{"name":"(anonymous_10)","decl":{"start":{"line":105,"column":26},"end":{"line":105,"column":27}},"loc":{"start":{"line":106,"column":4},"end":{"line":135,"column":16}},"line":106},"11":{"name":"(anonymous_11)","decl":{"start":{"line":106,"column":35},"end":{"line":106,"column":36}},"loc":{"start":{"line":106,"column":41},"end":{"line":106,"column":65}},"line":106},"12":{"name":"(anonymous_12)","decl":{"start":{"line":115,"column":19},"end":{"line":115,"column":20}},"loc":{"start":{"line":115,"column":25},"end":{"line":115,"column":46}},"line":115},"13":{"name":"(anonymous_13)","decl":{"start":{"line":143,"column":21},"end":{"line":143,"column":22}},"loc":{"start":{"line":143,"column":27},"end":{"line":143,"column":40}},"line":143},"14":{"name":"(anonymous_14)","decl":{"start":{"line":211,"column":36},"end":{"line":211,"column":37}},"loc":{"start":{"line":212,"column":20},"end":{"line":212,"column":65}},"line":212},"15":{"name":"(anonymous_15)","decl":{"start":{"line":221,"column":31},"end":{"line":221,"column":32}},"loc":{"start":{"line":221,"column":37},"end":{"line":226,"column":23}},"line":221},"16":{"name":"(anonymous_16)","decl":{"start":{"line":241,"column":44},"end":{"line":241,"column":45}},"loc":{"start":{"line":242,"column":26},"end":{"line":242,"column":71}},"line":242}},"branchMap":{"0":{"loc":{"start":{"line":47,"column":4},"end":{"line":47,"column":36}},"type":"if","locations":[{"start":{"line":47,"column":4},"end":{"line":47,"column":36}},{"start":{},"end":{}}],"line":47},"1":{"loc":{"start":{"line":74,"column":6},"end":{"line":74,"column":30}},"type":"binary-expr","locations":[{"start":{"line":74,"column":6},"end":{"line":74,"column":20}},{"start":{"line":74,"column":24},"end":{"line":74,"column":30}}],"line":74},"2":{"loc":{"start":{"line":77,"column":39},"end":{"line":77,"column":59}},"type":"binary-expr","locations":[{"start":{"line":77,"column":39},"end":{"line":77,"column":52}},{"start":{"line":77,"column":56},"end":{"line":77,"column":59}}],"line":77},"3":{"loc":{"start":{"line":111,"column":32},"end":{"line":111,"column":66}},"type":"binary-expr","locations":[{"start":{"line":111,"column":32},"end":{"line":111,"column":44}},{"start":{"line":111,"column":48},"end":{"line":111,"column":66}}],"line":111},"4":{"loc":{"start":{"line":119,"column":37},"end":{"line":119,"column":75}},"type":"binary-expr","locations":[{"start":{"line":119,"column":37},"end":{"line":119,"column":49}},{"start":{"line":119,"column":53},"end":{"line":119,"column":75}}],"line":119},"5":{"loc":{"start":{"line":121,"column":13},"end":{"line":123,"column":13}},"type":"binary-expr","locations":[{"start":{"line":121,"column":13},"end":{"line":121,"column":25}},{"start":{"line":122,"column":14},"end":{"line":122,"column":66}}],"line":121},"6":{"loc":{"start":{"line":126,"column":43},"end":{"line":126,"column":77}},"type":"binary-expr","locations":[{"start":{"line":126,"column":43},"end":{"line":126,"column":55}},{"start":{"line":126,"column":59},"end":{"line":126,"column":77}}],"line":126},"7":{"loc":{"start":{"line":129,"column":13},"end":{"line":131,"column":13}},"type":"binary-expr","locations":[{"start":{"line":129,"column":13},"end":{"line":129,"column":26}},{"start":{"line":130,"column":14},"end":{"line":130,"column":70}}],"line":129},"8":{"loc":{"start":{"line":156,"column":16},"end":{"line":156,"column":64}},"type":"binary-expr","locations":[{"start":{"line":156,"column":16},"end":{"line":156,"column":41}},{"start":{"line":156,"column":45},"end":{"line":156,"column":64}}],"line":156},"9":{"loc":{"start":{"line":165,"column":20},"end":{"line":165,"column":64}},"type":"cond-expr","locations":[{"start":{"line":165,"column":44},"end":{"line":165,"column":53}},{"start":{"line":165,"column":56},"end":{"line":165,"column":64}}],"line":165},"10":{"loc":{"start":{"line":167,"column":34},"end":{"line":167,"column":64}},"type":"cond-expr","locations":[{"start":{"line":167,"column":58},"end":{"line":167,"column":59}},{"start":{"line":167,"column":62},"end":{"line":167,"column":64}}],"line":167},"11":{"loc":{"start":{"line":177,"column":29},"end":{"line":177,"column":63}},"type":"binary-expr","locations":[{"start":{"line":177,"column":29},"end":{"line":177,"column":46}},{"start":{"line":177,"column":50},"end":{"line":177,"column":63}}],"line":177},"12":{"loc":{"start":{"line":186,"column":18},"end":{"line":186,"column":65}},"type":"binary-expr","locations":[{"start":{"line":186,"column":18},"end":{"line":186,"column":37}},{"start":{"line":186,"column":41},"end":{"line":186,"column":65}}],"line":186},"13":{"loc":{"start":{"line":195,"column":13},"end":{"line":249,"column":13}},"type":"cond-expr","locations":[{"start":{"line":196,"column":14},"end":{"line":206,"column":16}},{"start":{"line":208,"column":14},"end":{"line":248,"column":21}}],"line":195},"14":{"loc":{"start":{"line":198,"column":18},"end":{"line":198,"column":78}},"type":"binary-expr","locations":[{"start":{"line":198,"column":18},"end":{"line":198,"column":45}},{"start":{"line":198,"column":49},"end":{"line":198,"column":78}}],"line":198},"15":{"loc":{"start":{"line":201,"column":18},"end":{"line":202,"column":77}},"type":"binary-expr","locations":[{"start":{"line":201,"column":18},"end":{"line":201,"column":49}},{"start":{"line":202,"column":18},"end":{"line":202,"column":77}}],"line":201},"16":{"loc":{"start":{"line":217,"column":17},"end":{"line":247,"column":17}},"type":"binary-expr","locations":[{"start":{"line":217,"column":17},"end":{"line":217,"column":42}},{"start":{"line":218,"column":18},"end":{"line":246,"column":25}}],"line":217},"17":{"loc":{"start":{"line":229,"column":25},"end":{"line":229,"column":59}},"type":"binary-expr","locations":[{"start":{"line":229,"column":25},"end":{"line":229,"column":44}},{"start":{"line":229,"column":48},"end":{"line":229,"column":59}}],"line":229},"18":{"loc":{"start":{"line":233,"column":30},"end":{"line":233,"column":75}},"type":"cond-expr","locations":[{"start":{"line":233,"column":46},"end":{"line":233,"column":58}},{"start":{"line":233,"column":61},"end":{"line":233,"column":75}}],"line":233},"19":{"loc":{"start":{"line":239,"column":21},"end":{"line":245,"column":21}},"type":"binary-expr","locations":[{"start":{"line":239,"column":21},"end":{"line":239,"column":34}},{"start":{"line":240,"column":22},"end":{"line":244,"column":29}}],"line":239}},"s":{"0":0,"1":0,"2":0,"3":0,"4":0,"5":0,"6":0,"7":0,"8":0,"9":0,"10":0,"11":0,"12":0,"13":0,"14":0,"15":0,"16":0,"17":0,"18":0,"19":0,"20":0,"21":0,"22":0,"23":0,"24":0,"25":0,"26":0,"27":0,"28":0,"29":0,"30":0,"31":0,"32":0,"33":0,"34":0,"35":0,"36":0,"37":0,"38":0},"f":{"0":0,"1":0,"2":0,"3":0,"4":0,"5":0,"6":0,"7":0,"8":0,"9":0,"10":0,"11":0,"12":0,"13":0,"14":0,"15":0,"16":0},"b":{"0":[0,0],"1":[0,0],"2":[0,0],"3":[0,0],"4":[0,0],"5":[0,0],"6":[0,0],"7":[0,0],"8":[0,0],"9":[0,0],"10":[0,0],"11":[0,0],"12":[0,0],"13":[0,0],"14":[0,0],"15":[0,0],"16":[0,0],"17":[0,0],"18":[0,0],"19":[0,0]}}
,"C:\\Users\\Prais\\projects\\recipe\\app\\(ai-chef)\\_layout.tsx": {"path":"C:\\Users\\Prais\\projects\\recipe\\app\\(ai-chef)\\_layout.tsx","statementMap":{"0":{"start":{"line":4,"column":2},"end":{"line":10,"column":4}}},"fnMap":{"0":{"name":"AiChefLayout","decl":{"start":{"line":3,"column":24},"end":{"line":3,"column":36}},"loc":{"start":{"line":3,"column":39},"end":{"line":11,"column":1}},"line":3}},"branchMap":{},"s":{"0":0},"f":{"0":0},"b":{}}
,"C:\\Users\\Prais\\projects\\recipe\\app\\(ai-chef)\\index.tsx": {"path":"C:\\Users\\Prais\\projects\\recipe\\app\\(ai-chef)\\index.tsx","statementMap":{"0":{"start":{"line":29,"column":18},"end":{"line":29,"column":42}},"1":{"start":{"line":32,"column":17},"end":{"line":32,"column":28}},"2":{"start":{"line":33,"column":20},"end":{"line":33,"column":34}},"3":{"start":{"line":34,"column":20},"end":{"line":34,"column":44}},"4":{"start":{"line":39,"column":6},"end":{"line":39,"column":25}},"5":{"start":{"line":41,"column":42},"end":{"line":41,"column":57}},"6":{"start":{"line":42,"column":30},"end":{"line":42,"column":58}},"7":{"start":{"line":43,"column":28},"end":{"line":43,"column":54}},"8":{"start":{"line":44,"column":44},"end":{"line":44,"column":68}},"9":{"start":{"line":47,"column":23},"end":{"line":47,"column":40}},"10":{"start":{"line":48,"column":23},"end":{"line":50,"column":5}},"11":{"start":{"line":48,"column":47},"end":{"line":50,"column":3}},"12":{"start":{"line":52,"column":2},"end":{"line":55,"column":9}},"13":{"start":{"line":54,"column":4},"end":{"line":54,"column":23}},"14":{"start":{"line":57,"column":27},"end":{"line":60,"column":3}},"15":{"start":{"line":58,"column":20},"end":{"line":58,"column":50}},"16":{"start":{"line":59,"column":4},"end":{"line":59,"column":30}},"17":{"start":{"line":62,"column":28},"end":{"line":81,"column":3}},"18":{"start":{"line":63,"column":21},"end":{"line":63,"column":58}},"19":{"start":{"line":64,"column":4},"end":{"line":67,"column":5}},"20":{"start":{"line":65,"column":6},"end":{"line":65,"column":73}},"21":{"start":{"line":66,"column":6},"end":{"line":66,"column":13}},"22":{"start":{"line":69,"column":29},"end":{"line":69,"column":65}},"23":{"start":{"line":70,"column":4},"end":{"line":70,"column":34}},"24":{"start":{"line":70,"column":27},"end":{"line":70,"column":34}},"25":{"start":{"line":72,"column":4},"end":{"line":72,"column":30}},"26":{"start":{"line":73,"column":4},"end":{"line":80,"column":5}},"27":{"start":{"line":74,"column":21},"end":{"line":74,"column":64}},"28":{"start":{"line":75,"column":6},"end":{"line":77,"column":7}},"29":{"start":{"line":76,"column":8},"end":{"line":76,"column":39}},"30":{"start":{"line":79,"column":6},"end":{"line":79,"column":52}},"31":{"start":{"line":83,"column":24},"end":{"line":121,"column":3}},"32":{"start":{"line":84,"column":21},"end":{"line":84,"column":58}},"33":{"start":{"line":85,"column":4},"end":{"line":88,"column":5}},"34":{"start":{"line":86,"column":6},"end":{"line":86,"column":73}},"35":{"start":{"line":87,"column":6},"end":{"line":87,"column":13}},"36":{"start":{"line":90,"column":4},"end":{"line":90,"column":35}},"37":{"start":{"line":90,"column":28},"end":{"line":90,"column":35}},"38":{"start":{"line":93,"column":4},"end":{"line":95,"column":7}},"39":{"start":{"line":94,"column":6},"end":{"line":94,"column":41}},"40":{"start":{"line":96,"column":4},"end":{"line":96,"column":30}},"41":{"start":{"line":97,"column":4},"end":{"line":97,"column":26}},"42":{"start":{"line":99,"column":4},"end":{"line":120,"column":5}},"43":{"start":{"line":101,"column":20},"end":{"line":105,"column":8}},"44":{"start":{"line":107,"column":6},"end":{"line":114,"column":7}},"45":{"start":{"line":108,"column":8},"end":{"line":108,"column":32}},"46":{"start":{"line":110,"column":26},"end":{"line":112,"column":9}},"47":{"start":{"line":113,"column":8},"end":{"line":113,"column":60}},"48":{"start":{"line":117,"column":6},"end":{"line":117,"column":55}},"49":{"start":{"line":118,"column":6},"end":{"line":118,"column":28}},"50":{"start":{"line":119,"column":6},"end":{"line":119,"column":29}},"51":{"start":{"line":123,"column":29},"end":{"line":133,"column":3}},"52":{"start":{"line":125,"column":4},"end":{"line":131,"column":7}},"53":{"start":{"line":132,"column":4},"end":{"line":132,"column":27}},"54":{"start":{"line":135,"column":22},"end":{"line":138,"column":3}},"55":{"start":{"line":136,"column":4},"end":{"line":136,"column":62}},"56":{"start":{"line":136,"column":27},"end":{"line":136,"column":59}},"57":{"start":{"line":137,"column":4},"end":{"line":137,"column":30}},"58":{"start":{"line":140,"column":23},"end":{"line":143,"column":3}},"59":{"start":{"line":141,"column":4},"end":{"line":141,"column":68}},"60":{"start":{"line":141,"column":28},"end":{"line":141,"column":65}},"61":{"start":{"line":142,"column":4},"end":{"line":142,"column":30}},"62":{"start":{"line":145,"column":2},"end":{"line":171,"column":3}},"63":{"start":{"line":146,"column":4},"end":{"line":170,"column":6}},"64":{"start":{"line":153,"column":28},"end":{"line":153,"column":58}},"65":{"start":{"line":154,"column":12},"end":{"line":158,"column":13}},"66":{"start":{"line":155,"column":14},"end":{"line":155,"column":37}},"67":{"start":{"line":157,"column":14},"end":{"line":157,"column":33}},"68":{"start":{"line":165,"column":25},"end":{"line":165,"column":38}},"69":{"start":{"line":173,"column":2},"end":{"line":264,"column":4}},"70":{"start":{"line":192,"column":27},"end":{"line":192,"column":40}},"71":{"start":{"line":267,"column":15},"end":{"line":427,"column":2}}},"fnMap":{"0":{"name":"CaptureScreen","decl":{"start":{"line":31,"column":24},"end":{"line":31,"column":37}},"loc":{"start":{"line":31,"column":40},"end":{"line":265,"column":1}},"line":31},"1":{"name":"(anonymous_1)","decl":{"start":{"line":48,"column":40},"end":{"line":48,"column":41}},"loc":{"start":{"line":48,"column":47},"end":{"line":50,"column":3}},"line":48},"2":{"name":"(anonymous_2)","decl":{"start":{"line":52,"column":12},"end":{"line":52,"column":13}},"loc":{"start":{"line":52,"column":18},"end":{"line":55,"column":3}},"line":52},"3":{"name":"(anonymous_3)","decl":{"start":{"line":57,"column":27},"end":{"line":57,"column":28}},"loc":{"start":{"line":57,"column":39},"end":{"line":60,"column":3}},"line":57},"4":{"name":"(anonymous_4)","decl":{"start":{"line":62,"column":28},"end":{"line":62,"column":29}},"loc":{"start":{"line":62,"column":40},"end":{"line":81,"column":3}},"line":62},"5":{"name":"(anonymous_5)","decl":{"start":{"line":83,"column":24},"end":{"line":83,"column":25}},"loc":{"start":{"line":83,"column":36},"end":{"line":121,"column":3}},"line":83},"6":{"name":"(anonymous_6)","decl":{"start":{"line":93,"column":45},"end":{"line":93,"column":46}},"loc":{"start":{"line":93,"column":51},"end":{"line":95,"column":5}},"line":93},"7":{"name":"(anonymous_7)","decl":{"start":{"line":123,"column":29},"end":{"line":123,"column":30}},"loc":{"start":{"line":123,"column":63},"end":{"line":133,"column":3}},"line":123},"8":{"name":"(anonymous_8)","decl":{"start":{"line":135,"column":22},"end":{"line":135,"column":23}},"loc":{"start":{"line":135,"column":28},"end":{"line":138,"column":3}},"line":135},"9":{"name":"(anonymous_9)","decl":{"start":{"line":136,"column":13},"end":{"line":136,"column":14}},"loc":{"start":{"line":136,"column":27},"end":{"line":136,"column":59}},"line":136},"10":{"name":"(anonymous_10)","decl":{"start":{"line":140,"column":23},"end":{"line":140,"column":24}},"loc":{"start":{"line":140,"column":29},"end":{"line":143,"column":3}},"line":140},"11":{"name":"(anonymous_11)","decl":{"start":{"line":141,"column":14},"end":{"line":141,"column":15}},"loc":{"start":{"line":141,"column":28},"end":{"line":141,"column":65}},"line":141},"12":{"name":"(anonymous_12)","decl":{"start":{"line":152,"column":19},"end":{"line":152,"column":20}},"loc":{"start":{"line":152,"column":31},"end":{"line":159,"column":11}},"line":152},"13":{"name":"(anonymous_13)","decl":{"start":{"line":165,"column":19},"end":{"line":165,"column":20}},"loc":{"start":{"line":165,"column":25},"end":{"line":165,"column":38}},"line":165},"14":{"name":"(anonymous_14)","decl":{"start":{"line":192,"column":21},"end":{"line":192,"column":22}},"loc":{"start":{"line":192,"column":27},"end":{"line":192,"column":40}},"line":192}},"branchMap":{"0":{"loc":{"start":{"line":64,"column":4},"end":{"line":67,"column":5}},"type":"if","locations":[{"start":{"line":64,"column":4},"end":{"line":67,"column":5}},{"start":{},"end":{}}],"line":64},"1":{"loc":{"start":{"line":70,"column":4},"end":{"line":70,"column":34}},"type":"if","locations":[{"start":{"line":70,"column":4},"end":{"line":70,"column":34}},{"start":{},"end":{}}],"line":70},"2":{"loc":{"start":{"line":75,"column":6},"end":{"line":77,"column":7}},"type":"if","locations":[{"start":{"line":75,"column":6},"end":{"line":77,"column":7}},{"start":{},"end":{}}],"line":75},"3":{"loc":{"start":{"line":85,"column":4},"end":{"line":88,"column":5}},"type":"if","locations":[{"start":{"line":85,"column":4},"end":{"line":88,"column":5}},{"start":{},"end":{}}],"line":85},"4":{"loc":{"start":{"line":90,"column":4},"end":{"line":90,"column":35}},"type":"if","locations":[{"start":{"line":90,"column":4},"end":{"line":90,"column":35}},{"start":{},"end":{}}],"line":90},"5":{"loc":{"start":{"line":107,"column":6},"end":{"line":114,"column":7}},"type":"if","locations":[{"start":{"line":107,"column":6},"end":{"line":114,"column":7}},{"start":{},"end":{}}],"line":107},"6":{"loc":{"start":{"line":136,"column":27},"end":{"line":136,"column":59}},"type":"cond-expr","locations":[{"start":{"line":136,"column":47},"end":{"line":136,"column":51}},{"start":{"line":136,"column":54},"end":{"line":136,"column":59}}],"line":136},"7":{"loc":{"start":{"line":141,"column":28},"end":{"line":141,"column":65}},"type":"cond-expr","locations":[{"start":{"line":141,"column":49},"end":{"line":141,"column":56}},{"start":{"line":141,"column":59},"end":{"line":141,"column":65}}],"line":141},"8":{"loc":{"start":{"line":145,"column":2},"end":{"line":171,"column":3}},"type":"if","locations":[{"start":{"line":145,"column":2},"end":{"line":171,"column":3}},{"start":{},"end":{}}],"line":145},"9":{"loc":{"start":{"line":154,"column":12},"end":{"line":158,"column":13}},"type":"if","locations":[{"start":{"line":154,"column":12},"end":{"line":158,"column":13}},{"start":{"line":156,"column":19},"end":{"line":158,"column":13}}],"line":154},"10":{"loc":{"start":{"line":176,"column":7},"end":{"line":183,"column":7}},"type":"binary-expr","locations":[{"start":{"line":176,"column":7},"end":{"line":176,"column":16}},{"start":{"line":177,"column":8},"end":{"line":182,"column":10}}],"line":176},"11":{"loc":{"start":{"line":200,"column":20},"end":{"line":200,"column":58}},"type":"cond-expr","locations":[{"start":{"line":200,"column":37},"end":{"line":200,"column":44}},{"start":{"line":200,"column":47},"end":{"line":200,"column":58}}],"line":200},"12":{"loc":{"start":{"line":215,"column":13},"end":{"line":227,"column":13}},"type":"cond-expr","locations":[{"start":{"line":216,"column":14},"end":{"line":222,"column":30}},{"start":{"line":224,"column":14},"end":{"line":226,"column":21}}],"line":215}},"s":{"0":0,"1":0,"2":0,"3":0,"4":0,"5":0,"6":0,"7":0,"8":0,"9":0,"10":0,"11":0,"12":0,"13":0,"14":0,"15":0,"16":0,"17":0,"18":0,"19":0,"20":0,"21":0,"22":0,"23":0,"24":0,"25":0,"26":0,"27":0,"28":0,"29":0,"30":0,"31":0,"32":0,"33":0,"34":0,"35":0,"36":0,"37":0,"38":0,"39":0,"40":0,"41":0,"42":0,"43":0,"44":0,"45":0,"46":0,"47":0,"48":0,"49":0,"50":0,"51":0,"52":0,"53":0,"54":0,"55":0,"56":0,"57":0,"58":0,"59":0,"60":0,"61":0,"62":0,"63":0,"64":0,"65":0,"66":0,"67":0,"68":0,"69":0,"70":0,"71":0},"f":{"0":0,"1":0,"2":0,"3":0,"4":0,"5":0,"6":0,"7":0,"8":0,"9":0,"10":0,"11":0,"12":0,"13":0,"14":0},"b":{"0":[0,0],"1":[0,0],"2":[0,0],"3":[0,0],"4":[0,0],"5":[0,0],"6":[0,0],"7":[0,0],"8":[0,0],"9":[0,0],"10":[0,0],"11":[0,0],"12":[0,0]}}
,"C:\\Users\\Prais\\projects\\recipe\\app\\(ai-chef)\\result.tsx": {"path":"C:\\Users\\Prais\\projects\\recipe\\app\\(ai-chef)\\result.tsx","statementMap":{"0":{"start":{"line":28,"column":17},"end":{"line":28,"column":28}},"1":{"start":{"line":38,"column":6},"end":{"line":38,"column":25}},"2":{"start":{"line":40,"column":36},"end":{"line":42,"column":15}},"3":{"start":{"line":44,"column":34},"end":{"line":44,"column":49}},"4":{"start":{"line":45,"column":40},"end":{"line":45,"column":55}},"5":{"start":{"line":48,"column":2},"end":{"line":59,"column":3}},"6":{"start":{"line":49,"column":4},"end":{"line":58,"column":6}},"7":{"start":{"line":53,"column":43},"end":{"line":53,"column":56}},"8":{"start":{"line":61,"column":21},"end":{"line":83,"column":3}},"9":{"start":{"line":62,"column":4},"end":{"line":62,"column":22}},"10":{"start":{"line":63,"column":4},"end":{"line":63,"column":30}},"11":{"start":{"line":65,"column":4},"end":{"line":82,"column":5}},"12":{"start":{"line":66,"column":6},"end":{"line":66,"column":40}},"13":{"start":{"line":69,"column":6},"end":{"line":69,"column":27}},"14":{"start":{"line":70,"column":6},"end":{"line":70,"column":30}},"15":{"start":{"line":73,"column":6},"end":{"line":77,"column":15}},"16":{"start":{"line":74,"column":8},"end":{"line":74,"column":73}},"17":{"start":{"line":75,"column":8},"end":{"line":75,"column":20}},"18":{"start":{"line":76,"column":8},"end":{"line":76,"column":37}},"19":{"start":{"line":79,"column":6},"end":{"line":79,"column":23}},"20":{"start":{"line":80,"column":6},"end":{"line":80,"column":53}},"21":{"start":{"line":81,"column":6},"end":{"line":81,"column":25}},"22":{"start":{"line":85,"column":27},"end":{"line":120,"column":3}},"23":{"start":{"line":86,"column":4},"end":{"line":86,"column":30}},"24":{"start":{"line":87,"column":4},"end":{"line":119,"column":6}},"25":{"start":{"line":96,"column":29},"end":{"line":96,"column":66}},"26":{"start":{"line":97,"column":12},"end":{"line":103,"column":13}},"27":{"start":{"line":98,"column":14},"end":{"line":101,"column":16}},"28":{"start":{"line":102,"column":14},"end":{"line":102,"column":21}},"29":{"start":{"line":105,"column":12},"end":{"line":115,"column":13}},"30":{"start":{"line":106,"column":14},"end":{"line":106,"column":37}},"31":{"start":{"line":107,"column":14},"end":{"line":110,"column":16}},"32":{"start":{"line":111,"column":14},"end":{"line":111,"column":38}},"33":{"start":{"line":114,"column":14},"end":{"line":114,"column":67}},"34":{"start":{"line":122,"column":24},"end":{"line":158,"column":3}},"35":{"start":{"line":123,"column":4},"end":{"line":123,"column":30}},"36":{"start":{"line":126,"column":26},"end":{"line":152,"column":5}},"37":{"start":{"line":136,"column":47},"end":{"line":139,"column":11}},"38":{"start":{"line":142,"column":38},"end":{"line":146,"column":7}},"39":{"start":{"line":154,"column":4},"end":{"line":157,"column":7}},"40":{"start":{"line":160,"column":22},"end":{"line":177,"column":3}},"41":{"start":{"line":161,"column":4},"end":{"line":176,"column":6}},"42":{"start":{"line":170,"column":12},"end":{"line":170,"column":24}},"43":{"start":{"line":171,"column":12},"end":{"line":171,"column":32}},"44":{"start":{"line":172,"column":12},"end":{"line":172,"column":38}},"45":{"start":{"line":179,"column":25},"end":{"line":179,"column":54}},"46":{"start":{"line":181,"column":2},"end":{"line":408,"column":4}},"47":{"start":{"line":240,"column":14},"end":{"line":253,"column":33}},"48":{"start":{"line":243,"column":31},"end":{"line":243,"column":55}},"49":{"start":{"line":289,"column":18},"end":{"line":295,"column":25}},"50":{"start":{"line":303,"column":18},"end":{"line":332,"column":25}},"51":{"start":{"line":342,"column":22},"end":{"line":347,"column":29}},"52":{"start":{"line":411,"column":15},"end":{"line":696,"column":2}}},"fnMap":{"0":{"name":"ResultScreen","decl":{"start":{"line":27,"column":24},"end":{"line":27,"column":36}},"loc":{"start":{"line":27,"column":39},"end":{"line":409,"column":1}},"line":27},"1":{"name":"(anonymous_1)","decl":{"start":{"line":53,"column":37},"end":{"line":53,"column":38}},"loc":{"start":{"line":53,"column":43},"end":{"line":53,"column":56}},"line":53},"2":{"name":"(anonymous_2)","decl":{"start":{"line":61,"column":21},"end":{"line":61,"column":22}},"loc":{"start":{"line":61,"column":33},"end":{"line":83,"column":3}},"line":61},"3":{"name":"(anonymous_3)","decl":{"start":{"line":73,"column":17},"end":{"line":73,"column":18}},"loc":{"start":{"line":73,"column":23},"end":{"line":77,"column":7}},"line":73},"4":{"name":"(anonymous_4)","decl":{"start":{"line":85,"column":27},"end":{"line":85,"column":28}},"loc":{"start":{"line":85,"column":39},"end":{"line":120,"column":3}},"line":85},"5":{"name":"(anonymous_5)","decl":{"start":{"line":95,"column":19},"end":{"line":95,"column":20}},"loc":{"start":{"line":95,"column":31},"end":{"line":116,"column":11}},"line":95},"6":{"name":"(anonymous_6)","decl":{"start":{"line":122,"column":24},"end":{"line":122,"column":25}},"loc":{"start":{"line":122,"column":30},"end":{"line":158,"column":3}},"line":122},"7":{"name":"(anonymous_7)","decl":{"start":{"line":136,"column":39},"end":{"line":136,"column":40}},"loc":{"start":{"line":136,"column":47},"end":{"line":139,"column":11}},"line":136},"8":{"name":"(anonymous_8)","decl":{"start":{"line":142,"column":30},"end":{"line":142,"column":31}},"loc":{"start":{"line":142,"column":38},"end":{"line":146,"column":7}},"line":142},"9":{"name":"(anonymous_9)","decl":{"start":{"line":160,"column":22},"end":{"line":160,"column":23}},"loc":{"start":{"line":160,"column":28},"end":{"line":177,"column":3}},"line":160},"10":{"name":"(anonymous_10)","decl":{"start":{"line":169,"column":19},"end":{"line":169,"column":20}},"loc":{"start":{"line":169,"column":25},"end":{"line":173,"column":11}},"line":169},"11":{"name":"(anonymous_11)","decl":{"start":{"line":239,"column":67},"end":{"line":239,"column":68}},"loc":{"start":{"line":240,"column":14},"end":{"line":253,"column":33}},"line":240},"12":{"name":"(anonymous_12)","decl":{"start":{"line":243,"column":25},"end":{"line":243,"column":26}},"loc":{"start":{"line":243,"column":31},"end":{"line":243,"column":55}},"line":243},"13":{"name":"(anonymous_13)","decl":{"start":{"line":288,"column":40},"end":{"line":288,"column":41}},"loc":{"start":{"line":289,"column":18},"end":{"line":295,"column":25}},"line":289},"14":{"name":"(anonymous_14)","decl":{"start":{"line":302,"column":34},"end":{"line":302,"column":35}},"loc":{"start":{"line":303,"column":18},"end":{"line":332,"column":25}},"line":303},"15":{"name":"(anonymous_15)","decl":{"start":{"line":341,"column":58},"end":{"line":341,"column":59}},"loc":{"start":{"line":342,"column":22},"end":{"line":347,"column":29}},"line":342}},"branchMap":{"0":{"loc":{"start":{"line":48,"column":2},"end":{"line":59,"column":3}},"type":"if","locations":[{"start":{"line":48,"column":2},"end":{"line":59,"column":3}},{"start":{},"end":{}}],"line":48},"1":{"loc":{"start":{"line":97,"column":12},"end":{"line":103,"column":13}},"type":"if","locations":[{"start":{"line":97,"column":12},"end":{"line":103,"column":13}},{"start":{},"end":{}}],"line":97},"2":{"loc":{"start":{"line":144,"column":20},"end":{"line":144,"column":78}},"type":"cond-expr","locations":[{"start":{"line":144,"column":38},"end":{"line":144,"column":73}},{"start":{"line":144,"column":76},"end":{"line":144,"column":78}}],"line":144},"3":{"loc":{"start":{"line":147,"column":16},"end":{"line":149,"column":19}},"type":"cond-expr","locations":[{"start":{"line":148,"column":10},"end":{"line":148,"column":45}},{"start":{"line":149,"column":10},"end":{"line":149,"column":19}}],"line":147},"4":{"loc":{"start":{"line":192,"column":22},"end":{"line":192,"column":48}},"type":"binary-expr","locations":[{"start":{"line":192,"column":22},"end":{"line":192,"column":36}},{"start":{"line":192,"column":40},"end":{"line":192,"column":48}}],"line":192},"5":{"loc":{"start":{"line":197,"column":21},"end":{"line":197,"column":56}},"type":"cond-expr","locations":[{"start":{"line":197,"column":38},"end":{"line":197,"column":44}},{"start":{"line":197,"column":47},"end":{"line":197,"column":56}}],"line":197},"6":{"loc":{"start":{"line":206,"column":11},"end":{"line":212,"column":11}},"type":"binary-expr","locations":[{"start":{"line":206,"column":11},"end":{"line":206,"column":19}},{"start":{"line":207,"column":12},"end":{"line":211,"column":14}}],"line":206},"7":{"loc":{"start":{"line":227,"column":19},"end":{"line":227,"column":54}},"type":"binary-expr","locations":[{"start":{"line":227,"column":19},"end":{"line":227,"column":45}},{"start":{"line":227,"column":49},"end":{"line":227,"column":54}}],"line":227},"8":{"loc":{"start":{"line":242,"column":36},"end":{"line":242,"column":73}},"type":"binary-expr","locations":[{"start":{"line":242,"column":36},"end":{"line":242,"column":53}},{"start":{"line":242,"column":57},"end":{"line":242,"column":73}}],"line":242},"9":{"loc":{"start":{"line":248,"column":20},"end":{"line":248,"column":61}},"type":"binary-expr","locations":[{"start":{"line":248,"column":20},"end":{"line":248,"column":37}},{"start":{"line":248,"column":41},"end":{"line":248,"column":61}}],"line":248},"10":{"loc":{"start":{"line":259,"column":13},"end":{"line":284,"column":13}},"type":"binary-expr","locations":[{"start":{"line":259,"column":13},"end":{"line":259,"column":37}},{"start":{"line":260,"column":14},"end":{"line":283,"column":30}}],"line":259},"11":{"loc":{"start":{"line":286,"column":13},"end":{"line":298,"column":13}},"type":"binary-expr","locations":[{"start":{"line":286,"column":13},"end":{"line":286,"column":40}},{"start":{"line":287,"column":14},"end":{"line":297,"column":30}}],"line
[...]
me":"getNextBatch","decl":{"start":{"line":102,"column":16},"end":{"line":102,"column":28}},"loc":{"start":{"line":102,"column":83},"end":{"line":107,"column":1}},"line":102},"7":{"name":"(anonymous_7)","decl":{"start":{"line":104,"column":12},"end":{"line":104,"column":13}},"loc":{"start":{"line":104,"column":20},"end":{"line":104,"column":78}},"line":104},"8":{"name":"(anonymous_8)","decl":{"start":{"line":105,"column":10},"end":{"line":105,"column":11}},"loc":{"start":{"line":105,"column":20},"end":{"line":105,"column":45}},"line":105},"9":{"name":"processTask","decl":{"start":{"line":113,"column":22},"end":{"line":113,"column":33}},"loc":{"start":{"line":116,"column":23},"end":{"line":122,"column":1}},"line":116},"10":{"name":"flushQueue","decl":{"start":{"line":129,"column":22},"end":{"line":129,"column":32}},"loc":{"start":{"line":132,"column":74},"end":{"line":151,"column":1}},"line":132},"11":{"name":"generateId","decl":{"start":{"line":157,"column":9},"end":{"line":157,"column":19}},"loc":{"start":{"line":157,"column":30},"end":{"line":159,"column":1}},"line":157}},"branchMap":{"0":{"loc":{"start":{"line":74,"column":4},"end":{"line":74,"column":40}},"type":"if","locations":[{"start":{"line":74,"column":4},"end":{"line":74,"column":40}},{"start":{},"end":{}}],"line":74},"1":{"loc":{"start":{"line":89,"column":2},"end":{"line":89,"column":51}},"type":"if","locations":[{"start":{"line":89,"column":2},"end":{"line":89,"column":51}},{"start":{},"end":{}}],"line":89},"2":{"loc":{"start":{"line":90,"column":2},"end":{"line":90,"column":37}},"type":"if","locations":[{"start":{"line":90,"column":2},"end":{"line":90,"column":37}},{"start":{},"end":{}}],"line":90},"3":{"loc":{"start":{"line":102,"column":48},"end":{"line":102,"column":69}},"type":"default-arg","locations":[{"start":{"line":102,"column":68},"end":{"line":102,"column":69}}],"line":102},"4":{"loc":{"start":{"line":104,"column":20},"end":{"line":104,"column":78}},"type":"binary-expr","locations":[{"start":{"line":104,"column":20},"end":{"line":104,"column":49}},{"start":{"line":104,"column":53},"end":{"line":104,"column":78}}],"line":104},"5":{"loc":{"start":{"line":120,"column":36},"end":{"line":120,"column":64}},"type":"binary-expr","locations":[{"start":{"line":120,"column":36},"end":{"line":120,"column":45}},{"start":{"line":120,"column":49},"end":{"line":120,"column":64}}],"line":120},"6":{"loc":{"start":{"line":143,"column":4},"end":{"line":147,"column":5}},"type":"if","locations":[{"start":{"line":143,"column":4},"end":{"line":147,"column":5}},{"start":{"line":145,"column":11},"end":{"line":147,"column":5}}],"line":143},"7":{"loc":{"start":{"line":146,"column":59},"end":{"line":146,"column":83}},"type":"binary-expr","locations":[{"start":{"line":146,"column":59},"end":{"line":146,"column":71}},{"start":{"line":146,"column":75},"end":{"line":146,"column":83}}],"line":146}},"s":{"0":0,"1":0,"2":0,"3":0,"4":0,"5":0,"6":0,"7":0,"8":0,"9":0,"10":0,"11":0,"12":0,"13":0,"14":0,"15":0,"16":0,"17":0,"18":0,"19":0,"20":0,"21":0,"22":0,"23":0,"24":0,"25":0,"26":0,"27":0,"28":0,"29":0,"30":0,"31":0,"32":0,"33":0},"f":{"0":0,"1":0,"2":0,"3":0,"4":0,"5":0,"6":0,"7":0,"8":0,"9":0,"10":0,"11":0},"b":{"0":[0,0],"1":[0,0],"2":[0,0],"3":[0],"4":[0,0],"5":[0,0],"6":[0,0],"7":[0,0]}}
,"C:\\Users\\Prais\\projects\\recipe\\theme\\tokens.ts": {"path":"C:\\Users\\Prais\\projects\\recipe\\theme\\tokens.ts","statementMap":{"0":{"start":{"line":3,"column":22},"end":{"line":44,"column":1}},"1":{"start":{"line":46,"column":23},"end":{"line":53,"column":1}},"2":{"start":{"line":55,"column":22},"end":{"line":61,"column":1}},"3":{"start":{"line":63,"column":26},"end":{"line":71,"column":1}},"4":{"start":{"line":73,"column":23},"end":{"line":95,"column":1}}},"fnMap":{},"branchMap":{},"s":{"0":0,"1":0,"2":0,"3":0,"4":0},"f":{},"b":{}}
,"C:\\Users\\Prais\\projects\\recipe\\theme\\useTheme.ts": {"path":"C:\\Users\\Prais\\projects\\recipe\\theme\\useTheme.ts","statementMap":{"0":{"start":{"line":5,"column":22},"end":{"line":5,"column":38}},"1":{"start":{"line":6,"column":17},"end":{"line":6,"column":39}},"2":{"start":{"line":8,"column":17},"end":{"line":8,"column":52}},"3":{"start":{"line":10,"column":2},"end":{"line":17,"column":4}}},"fnMap":{"0":{"name":"useTheme","decl":{"start":{"line":4,"column":16},"end":{"line":4,"column":24}},"loc":{"start":{"line":4,"column":27},"end":{"line":18,"column":1}},"line":4}},"branchMap":{"0":{"loc":{"start":{"line":8,"column":17},"end":{"line":8,"column":52}},"type":"cond-expr","locations":[{"start":{"line":8,"column":26},"end":{"line":8,"column":37}},{"start":{"line":8,"column":40},"end":{"line":8,"column":52}}],"line":8}},"s":{"0":0,"1":0,"2":0,"3":0},"f":{"0":0},"b":{"0":[0,0]}}
,"C:\\Users\\Prais\\projects\\recipe\\types\\gamification.ts": {"path":"C:\\Users\\Prais\\projects\\recipe\\types\\gamification.ts","statementMap":{},"fnMap":{},"branchMap":{},"s":{},"f":{},"b":{}}
,"C:\\Users\\Prais\\projects\\recipe\\utils\\chefIdentity.ts": {"path":"C:\\Users\\Prais\\projects\\recipe\\utils\\chefIdentity.ts","statementMap":{"0":{"start":{"line":9,"column":22},"end":{"line":24,"column":1}},"1":{"start":{"line":34,"column":2},"end":{"line":34,"column":53}},"2":{"start":{"line":41,"column":13},"end":{"line":41,"column":14}},"3":{"start":{"line":42,"column":2},"end":{"line":44,"column":3}},"4":{"start":{"line":42,"column":15},"end":{"line":42,"column":16}},"5":{"start":{"line":43,"column":4},"end":{"line":43,"column":53}},"6":{"start":{"line":45,"column":16},"end":{"line":45,"column":53}},"7":{"start":{"line":46,"column":2},"end":{"line":46,"column":30}},"8":{"start":{"line":55,"column":16},"end":{"line":55,"column":51}},"9":{"start":{"line":55,"column":33},"end":{"line":55,"column":50}},"10":{"start":{"line":56,"column":2},"end":{"line":56,"column":45}},"11":{"start":{"line":63,"column":2},"end":{"line":63,"column":25}},"12":{"start":{"line":63,"column":13},"end":{"line":63,"column":25}},"13":{"start":{"line":64,"column":16},"end":{"line":64,"column":40}},"14":{"start":{"line":65,"column":2},"end":{"line":67,"column":3}},"15":{"start":{"line":66,"column":4},"end":{"line":66,"column":50}},"16":{"start":{"line":68,"column":2},"end":{"line":68,"column":51}}},"fnMap":{"0":{"name":"generateAvatarSeed","decl":{"start":{"line":33,"column":16},"end":{"line":33,"column":34}},"loc":{"start":{"line":33,"column":45},"end":{"line":35,"column":1}},"line":33},"1":{"name":"getAvatarColor","decl":{"start":{"line":40,"column":16},"end":{"line":40,"column":30}},"loc":{"start":{"line":40,"column":53},"end":{"line":47,"column":1}},"line":40},"2":{"name":"getChefTitle","decl":{"start":{"line":52,"column":16},"end":{"line":52,"column":28}},"loc":{"start":{"line":52,"column":52},"end":{"line":57,"column":1}},"line":52},"3":{"name":"(anonymous_3)","decl":{"start":{"line":55,"column":28},"end":{"line":55,"column":29}},"loc":{"start":{"line":55,"column":33},"end":{"line":55,"column":50}},"line":55},"4":{"name":"getChefInitials","decl":{"start":{"line":62,"column":16},"end":{"line":62,"column":31}},"loc":{"start":{"line":62,"column":54},"end":{"line":69,"column":1}},"line":62}},"branchMap":{"0":{"loc":{"start":{"line":56,"column":9},"end":{"line":56,"column":44}},"type":"cond-expr","locations":[{"start":{"line":56,"column":17},"end":{"line":56,"column":28}},{"start":{"line":56,"column":31},"end":{"line":56,"column":44}}],"line":56},"1":{"loc":{"start":{"line":63,"column":2},"end":{"line":63,"column":25}},"type":"if","locations":[{"start":{"line":63,"column":2},"end":{"line":63,"column":25}},{"start":{},"end":{}}],"line":63},"2":{"loc":{"start":{"line":65,"column":2},"end":{"line":67,"column":3}},"type":"if","locations":[{"start":{"line":65,"column":2},"end":{"line":67,"column":3}},{"start":{},"end":{}}],"line":65}},"s":{"0":0,"1":0,"2":0,"3":0,"4":0,"5":0,"6":0,"7":0,"8":0,"9":0,"10":0,"11":0,"12":0,"13":0,"14":0,"15":0,"16":0},"f":{"0":0,"1":0,"2":0,"3":0,"4":0},"b":{"0":[0,0],"1":[0,0],"2":[0,0]}}
,"C:\\Users\\Prais\\projects\\recipe\\utils\\imagePrep.ts": {"path":"C:\\Users\\Prais\\projects\\recipe\\utils\\imagePrep.ts","statementMap":{"0":{"start":{"line":22,"column":49},"end":{"line":22,"column":56}},"1":{"start":{"line":23,"column":2},"end":{"line":23,"column":56}},"2":{"start":{"line":33,"column":28},"end":{"line":44,"column":4}},"3":{"start":{"line":38,"column":22},"end":{"line":38,"column":45}},"4":{"start":{"line":39,"column":4},"end":{"line":43,"column":6}},"5":{"start":{"line":41,"column":32},"end":{"line":41,"column":64}},"6":{"start":{"line":42,"column":18},"end":{"line":42,"column":27}},"7":{"start":{"line":46,"column":21},"end":{"line":46,"column":23}},"8":{"start":{"line":47,"column":2},"end":{"line":57,"column":3}},"9":{"start":{"line":48,"column":4},"end":{"line":52,"column":5}},"10":{"start":{"line":49,"column":6},"end":{"line":49,"column":57}},"11":{"start":{"line":51,"column":6},"end":{"line":51,"column":58}},"12":{"start":{"line":59,"column":18},"end":{"line":59,"column":76}},"13":{"start":{"line":61,"column":17},"end":{"line":69,"column":3}},"14":{"start":{"line":72,"column":17},"end":{"line":74,"column":4}},"15":{"start":{"line":76,"column":2},"end":{"line":81,"column":4}}},"fnMap":{"0":{"name":"prepareImageForAI","decl":{"start":{"line":18,"column":22},"end":{"line":18,"column":39}},"loc":{"start":{"line":21,"column":27},"end":{"line":24,"column":1}},"line":21},"1":{"name":"processImage","decl":{"start":{"line":26,"column":15},"end":{"line":26,"column":27}},"loc":{"start":{"line":30,"column":27},"end":{"line":82,"column":1}},"line":30},"2":{"name":"(anonymous_2)","decl":{"start":{"line":36,"column":5},"end":{"line":36,"column":6}},"loc":{"start":{"line":36,"column":26},"end":{"line":44,"column":3}},"line":36},"3":{"name":"(anonymous_3)","decl":{"start":{"line":41,"column":6},"end":{"line":41,"column":7}},"loc":{"start":{"line":41,"column":32},"end":{"line":41,"column":64}},"line":41},"4":{"name":"(anonymous_4)","decl":{"start":{"line":42,"column":6},"end":{"line":42,"column":7}},"loc":{"start":{"line":42,"column":18},"end":{"line":42,"column":27}},"line":42}},"branchMap":{"0":{"loc":{"start":{"line":20,"column":2},"end":{"line":20,"column":59}},"type":"default-arg","locations":[{"start":{"line":20,"column":57},"end":{"line":20,"column":59}}],"line":20},"1":{"loc":{"start":{"line":22,"column":10},"end":{"line":22,"column":29}},"type":"default-arg","locations":[{"start":{"line":22,"column":25},"end":{"line":22,"column":29}}],"line":22},"2":{"loc":{"start":{"line":22,"column":31},"end":{"line":22,"column":44}},"type":"default-arg","locations":[{"start":{"line":22,"column":41},"end":{"line":22,"column":44}}],"line":22},"3":{"loc":{"start":{"line":47,"column":2},"end":{"line":57,"column":3}},"type":"if","locations":[{"start":{"line":47,"column":2},"end":{"line":57,"column":3}},{"start":{"line":53,"column":9},"end":{"line":57,"column":3}}],"line":47},"4":{"loc":{"start":{"line":47,"column":6},"end":{"line":47,"column":51}},"type":"binary-expr","locations":[{"start":{"line":47,"column":6},"end":{"line":47,"column":26}},{"start":{"line":47,"column":30},"end":{"line":47,"column":51}}],"line":47},"5":{"loc":{"start":{"line":48,"column":4},"end":{"line":52,"column":5}},"type":"if","locations":[{"start":{"line":48,"column":4},"end":{"line":52,"column":5}},{"start":{"line":50,"column":11},"end":{"line":52,"column":5}}],"line":48},"6":{"loc":{"start":{"line":59,"column":18},"end":{"line":59,"column":76}},"type":"cond-expr","locations":[{"start":{"line":59,"column":57},"end":{"line":59,"column":71}},{"start":{"line":59,"column":74},"end":{"line":59,"column":76}}],"line":59}},"s":{"0":0,"1":0,"2":0,"3":0,"4":0,"5":0,"6":0,"7":0,"8":0,"9":0,"10":0,"11":0,"12":0,"13":0,"14":0,"15":0},"f":{"0":0,"1":0,"2":0,"3":0,"4":0},"b":{"0":[0],"1":[0],"2":[0],"3":[0,0],"4":[0,0],"5":[0,0],"6":[0,0]},"_coverageSchema":"1a1c01bbd47fc00a2c39e90264f33305004495a9","hash":"6a21f8866092c75bac9806e7eaafa2ebbbba68e5"}
,"C:\\Users\\Prais\\projects\\recipe\\utils\\pantryMatcher.ts": {"path":"C:\\Users\\Prais\\projects\\recipe\\utils\\pantryMatcher.ts","statementMap":{"0":{"start":{"line":19,"column":2},"end":{"line":19,"column":23}},"1":{"start":{"line":19,"column":13},"end":{"line":19,"column":23}},"2":{"start":{"line":21,"column":19},"end":{"line":21,"column":44}},"3":{"start":{"line":24,"column":2},"end":{"line":24,"column":53}},"4":{"start":{"line":27,"column":2},"end":{"line":27,"column":49}},"5":{"start":{"line":32,"column":2},"end":{"line":43,"column":3}},"6":{"start":{"line":34,"column":4},"end":{"line":34,"column":47}},"7":{"start":{"line":35,"column":9},"end":{"line":43,"column":3}},"8":{"start":{"line":39,"column":5},"end":{"line":39,"column":42}},"9":{"start":{"line":40,"column":9},"end":{"line":43,"column":3}},"10":{"start":{"line":42,"column":4},"end":{"line":42,"column":41}},"11":{"start":{"line":45,"column":2},"end":{"line":45,"column":20}},"12":{"start":{"line":53,"column":27},"end":{"line":53,"column":58}},"13":{"start":{"line":54,"column":27},"end":{"line":54,"column":68}},"14":{"start":{"line":56,"column":2},"end":{"line":56,"column":59}},"15":{"start":{"line":56,"column":46},"end":{"line":56,"column":59}},"16":{"start":{"line":59,"column":2},"end":{"line":59,"column":57}},"17":{"start":{"line":59,"column":45},"end":{"line":59,"column":57}},"18":{"start":{"line":68,"column":2},"end":{"line":68,"column":100}},"19":{"start":{"line":79,"column":49},"end":{"line":81,"column":3}},"20":{"start":{"line":80,"column":17},"end":{"line":80,"column":29}},"21":{"start":{"line":83,"column":27},"end":{"line":83,"column":54}},"22":{"start":{"line":84,"column":2},"end":{"line":92,"column":3}},"23":{"start":{"line":85,"column":4},"end":{"line":91,"column":6}},"24":{"start":{"line":95,"column":41},"end":{"line":95,"column":43}},"25":{"start":{"line":96,"column":39},"end":{"line":96,"column":41}},"26":{"start":{"line":98,"column":2},"end":{"line":108,"column":5}},"27":{"start":{"line":99,"column":22},"end":{"line":101,"column":5}},"28":{"start":{"line":100,"column":6},"end":{"line":100,"column":52}},"29":{"start":{"line":103,"column":4},"end":{"line":107,"column":5}},"30":{"start":{"line":104,"column":6},"end":{"line":104,"column":49}},"31":{"start":{"line":106,"column":6},"end":{"line":106,"column":47}},"32":{"start":{"line":110,"column":23},"end":{"line":110,"column":50}},"33":{"start":{"line":111,"column":26},"end":{"line":111,"column":77}},"34":{"start":{"line":113,"column":2},"end":{"line":119,"column":4}},"35":{"start":{"line":130,"column":2},"end":{"line":136,"column":83}},"36":{"start":{"line":131,"column":22},"end":{"line":134,"column":5}},"37":{"start":{"line":135,"column":22},"end":{"line":135,"column":76}},"38":{"start":{"line":136,"column":20},"end":{"line":136,"column":81}}},"fnMap":{"0":{"name":"normalizeIngredient","decl":{"start":{"line":18,"column":16},"end":{"line":18,"column":35}},"loc":{"start":{"line":18,"column":58},"end":{"line":46,"column":1}},"line":18},"1":{"name":"isIngredientMatch","decl":{"start":{"line":52,"column":16},"end":{"line":52,"column":33}},"loc":{"start":{"line":52,"column":93},"end":{"line":69,"column":1}},"line":52},"2":{"name":"calculatePantryMatch","decl":{"start":{"line":74,"column":16},"end":{"line":74,"column":36}},"loc":{"start":{"line":77,"column":21},"end":{"line":120,"column":1}},"line":77},"3":{"name":"(anonymous_3)","decl":{"start":{"line":80,"column":4},"end":{"line":80,"column":5}},"loc":{"start":{"line":80,"column":17},"end":{"line":80,"column":29}},"line":80},"4":{"name":"(anonymous_4)","decl":{"start":{"line":98,"column":31},"end":{"line":98,"column":32}},"loc":{"start":{"line":98,"column":47},"end":{"line":108,"column":3}},"line":98},"5":{"name":"(anonymous_5)","decl":{"start":{"line":99,"column":39},"end":{"line":99,"column":40}},"loc":{"start":{"line":100,"column":6},"end":{"line":100,"column":52}},"line":100},"6":{"name":"sortRecipesByMatch","decl":{"start":{"line":125,"column":16},"end":{"line":125,"column":34}},"loc":{"start":{"line":129,"column":51},"end":{"line":137,"column":1}},"line":129},"7":{"name":"(anonymous_7)","decl":{"start":{"line":131,"column":9},"end":{"line":131,"column":10}},"loc":{"start":{"line":131,"column":22},"end":{"line":134,"column":5}},"line":131},"8":{"name":"(anonymous_8)","decl":{"start":{"line":135,"column":12},"end":{"line":135,"column":13}},"loc":{"start":{"line":135,"column":22},"end":{"line":135,"column":76}},"line":135},"9":{"name":"(anonymous_9)","decl":{"start":{"line":136,"column":10},"end":{"line":136,"column":11}},"loc":{"start":{"line":136,"column":20},"end":{"line":136,"column":81}},"line":136}},"branchMap":{"0":{"loc":{"start":{"line":19,"column":2},"end":{"line":19,"column":23}},"type":"if","locations":[{"start":{"line":19,"column":2},"end":{"line":19,"column":23}},{"start":{},"end":{}}],"line":19},"1":{"loc":{"start":{"line":32,"column":2},"end":{"line":43,"column":3}},"type":"if","locations":[{"start":{"line":32,"column":2},"end":{"line":43,"column":3}},{"start":{"line":35,"column":9},"end":{"line":43,"column":3}}],"line":32},"2":{"loc":{"start":{"line":35,"column":9},"end":{"line":43,"column":3}},"type":"if","locations":[{"start":{"line":35,"column":9},"end":{"line":43,"column":3}},{"start":{"line":40,"column":9},"end":{"line":43,"column":3}}],"line":35},"3":{"loc":{"start":{"line":35,"column":13},"end":{"line":35,"column":69}},"type":"binary-expr","locations":[{"start":{"line":35,"column":13},"end":{"line":35,"column":38}},{"start":{"line":35,"column":42},"end":{"line":35,"column":69}}],"line":35},"4":{"loc":{"start":{"line":40,"column":9},"end":{"line":43,"column":3}},"type":"if","locations":[{"start":{"line":40,"column":9},"end":{"line":43,"column":3}},{"start":{},"end":{}}],"line":40},"5":{"loc":{"start":{"line":40,"column":13},"end":{"line":40,"column":67}},"type":"binary-expr","locations":[{"start":{"line":40,"column":13},"end":{"line":40,"column":37}},{"start":{"line":40,"column":41},"end":{"line":40,"column":67}}],"line":40},"6":{"loc":{"start":{"line":56,"column":2},"end":{"line":56,"column":59}},"type":"if","locations":[{"start":{"line":56,"column":2},"end":{"line":56,"column":59}},{"start":{},"end":{}}],"line":56},"7":{"loc":{"start":{"line":56,"column":6},"end":{"line":56,"column":44}},"type":"binary-expr","locations":[{"start":{"line":56,"column":6},"end":{"line":56,"column":23}},{"start":{"line":56,"column":27},"end":{"line":56,"column":44}}],"line":56},"8":{"loc":{"start":{"line":59,"column":2},"end":{"line":59,"column":57}},"type":"if","locations":[{"start":{"line":59,"column":2},"end":{"line":59,"column":57}},{"start":{},"end":{}}],"line":59},"9":{"loc":{"start":{"line":68,"column":9},"end":{"line":68,"column":99}},"type":"binary-expr","locations":[{"start":{"line":68,"column":9},"end":{"line":68,"column":52}},{"start":{"line":68,"column":56},"end":{"line":68,"column":99}}],"line":68},"10":{"loc":{"start":{"line":84,"column":2},"end":{"line":92,"column":3}},"type":"if","locations":[{"start":{"line":84,"column":2},"end":{"line":92,"column":3}},{"start":{},"end":{}}],"line":84},"11":{"loc":{"start":{"line":103,"column":4},"end":{"line":107,"column":5}},"type":"if","locations":[{"start":{"line":103,"column":4},"end":{"line":107,"column":5}},{"start":{"line":105,"column":11},"end":{"line":107,"column":5}}],"line":103},"12":{"loc":{"start":{"line":128,"column":2},"end":{"line":128,"column":32}},"type":"default-arg","locations":[{"start":{"line":128,"column":31},"end":{"line":128,"column":32}}],"line":128}},"s":{"0":0,"1":0,"2":0,"3":0,"4":0,"5":0,"6":0,"7":0,"8":0,"9":0,"10":0,"11":0,"12":0,"13":0,"14":0,"15":0,"16":0,"17":0,"18":0,"19":0,"20":0,"21":0,"22":0,"23":0,"24":0,"25":0,"26":0,"27":0,"28":0,"29":0,"30":0,"31":0,"32":0,"33":0,"34":0,"35":0,"36":0,"37":0,"38":0},"f":{"0":0,"1":0,"2":0,"3":0,"4":0,"5":0,"6":0,"7":0,"8":0,"9":0},"b":{"0":[0,0],"1":[0,0],"2":[0,0],"3":[0,0],"4":[0,0],"5":[0,0],"6":[0,0],"7":[0,0],"8":[0,0],"9":[0,0],"10":[0,0],"11":[0,0],"12":[0]}}
}
