TN:
SF:expo-env.d.ts
FNF:0
FNH:0
LF:0
LH:0
BRF:0
BRH:0
end_of_record
TN:
SF:.expo\types\router.d.ts
FNF:0
FNH:0
LF:0
LH:0
BRF:0
BRH:0
end_of_record
TN:
SF:app\_layout.tsx
FN:28,RootLayout
FN:32,(anonymous_1)
FN:34,(anonymous_2)
FN:46,(anonymous_3)
FNF:4
FNH:0
FNDA:0,RootLayout
FNDA:0,(anonymous_1)
FNDA:0,(anonymous_2)
FNDA:0,(anonymous_3)
DA:24,0
DA:29,0
DA:30,0
DA:32,0
DA:34,0
DA:35,0
DA:36,0
DA:37,0
DA:38,0
DA:40,0
DA:43,0
DA:46,0
DA:48,0
DA:49,0
DA:50,0
DA:52,0
DA:55,0
DA:58,0
DA:59,0
DA:62,0
LF:20
LH:0
BRDA:49,0,0,0
BRDA:49,0,1,0
BRDA:58,1,0,0
BRDA:58,1,1,0
BRDA:64,2,0,0
BRDA:64,2,1,0
BRF:6
BRH:0
end_of_record
TN:
SF:app\achievements.tsx
FN:22,AchievementsScreen
FN:49,(anonymous_1)
FN:57,(anonymous_2)
FN:68,getCategoryColor
FN:74,getCategoryColor
FN:87,(anonymous_5)
FN:149,(anonymous_6)
FN:149,(anonymous_7)
FN:167,(anonymous_8)
FN:171,(anonymous_9)
FN:184,(anonymous_10)
FNF:11
FNH:0
FNDA:0,AchievementsScreen
FNDA:0,(anonymous_1)
FNDA:0,(anonymous_2)
FNDA:0,getCategoryColor
FNDA:0,getCategoryColor
FNDA:0,(anonymous_5)
FNDA:0,(anonymous_6)
FNDA:0,(anonymous_7)
FNDA:0,(anonymous_8)
FNDA:0,(anonymous_9)
FNDA:0,(anonymous_10)
DA:18,0
DA:23,0
DA:24,0
DA:25,0
DA:27,0
DA:28,0
DA:29,0
DA:30,0
DA:37,0
DA:38,0
DA:40,0
DA:49,0
DA:50,0
DA:51,0
DA:52,0
DA:53,0
DA:57,0
DA:58,0
DA:59,0
DA:60,0
DA:61,0
DA:62,0
DA:65,0
DA:66,0
DA:71,0
DA:77,0
DA:80,0
DA:87,0
DA:149,0
DA:150,0
DA:168,0
DA:171,0
DA:185,0
DA:186,0
DA:232,0
LF:35
LH:0
BRDA:37,0,0,0
BRDA:37,0,1,0
BRDA:51,1,0,0
BRDA:51,1,1,0
BRDA:52,2,0,0
BRDA:52,2,1,0
BRDA:60,3,0,0
BRDA:60,3,1,0
BRDA:60,4,0,0
BRDA:60,4,1,0
BRDA:61,5,0,0
BRDA:61,5,1,0
BRDA:61,6,0,0
BRDA:61,6,1,0
BRDA:144,7,0,0
BRDA:144,7,1,0
BRDA:170,8,0,0
BRDA:170,8,1,0
BRDA:174,9,0,0
BRDA:174,9,1,0
BRDA:189,10,0,0
BRDA:189,10,1,0
BRDA:194,11,0,0
BRDA:194,11,1,0
BRDA:199,12,0,0
BRDA:199,12,1,0
BRDA:208,13,0,0
BRDA:208,13,1,0
BRDA:215,14,0,0
BRDA:215,14,1,0
BRDA:220,15,0,0
BRDA:220,15,1,0
BRF:32
BRH:0
end_of_record
TN:
SF:app\edit-profile.tsx
FN:20,EditProfileScreen
FN:29,(anonymous_1)
FN:53,(anonymous_2)
FN:70,(anonymous_3)
FNF:4
FNH:0
FNDA:0,EditProfileScreen
FNDA:0,(anonymous_1)
FNDA:0,(anonymous_2)
FNDA:0,(anonymous_3)
DA:21,0
DA:22,0
DA:24,0
DA:25,0
DA:26,0
DA:27,0
DA:29,0
DA:30,0
DA:38,0
DA:39,0
DA:41,0
DA:42,0
DA:47,0
DA:50,0
DA:53,0
DA:54,0
DA:61,0
DA:62,0
DA:66,0
DA:70,0
DA:145,0
LF:21
LH:0
BRDA:27,0,0,0
BRDA:27,0,1,0
BRDA:39,1,0,0
BRDA:39,1,1,0
BRDA:44,2,0,0
BRDA:44,2,1,0
BRDA:61,3,0,0
BRDA:61,3,1,0
BRDA:83,4,0,0
BRDA:83,4,1,0
BRDA:115,5,0,0
BRDA:115,5,1,0
BRF:12
BRH:0
end_of_record
TN:
SF:app\index.tsx
FN:9,AnimatedSplashScreen
FN:18,(anonymous_1)
FN:34,(anonymous_2)
FN:44,(anonymous_3)
FNF:4
FNH:0
FNDA:0,AnimatedSplashScreen
FNDA:0,(anonymous_1)
FNDA:0,(anonymous_2)
FNDA:0,(anonymous_3)
DA:10,0
DA:11,0
DA:12,0
DA:15,0
DA:16,0
DA:18,0
DA:20,0
DA:34,0
DA:37,0
DA:38,0
DA:40,0
DA:44,0
DA:47,0
DA:69,0
LF:14
LH:0
BRDA:37,0,0,0
BRDA:37,0,1,0
BRF:2
BRH:0
end_of_record
TN:
SF:app\notification-settings.tsx
FN:16,NotificationSettingsScreen
FN:23,(anonymous_1)
FN:39,(anonymous_2)
FN:77,(anonymous_3)
FN:99,(anonymous_4)
FN:121,(anonymous_5)
FN:143,(anonymous_6)
FNF:7
FNH:0
FNDA:0,NotificationSettingsScreen
FNDA:0,(anonymous_1)
FNDA:0,(anonymous_2)
FNDA:0,(anonymous_3)
FNDA:0,(anonymous_4)
FNDA:0,(anonymous_5)
FNDA:0,(anonymous_6)
DA:17,0
DA:18,0
DA:20,0
DA:21,0
DA:23,0
DA:24,0
DA:27,0
DA:39,0
DA:77,0
DA:99,0
DA:121,0
DA:143,0
DA:154,0
LF:13
LH:0
BRDA:46,0,0,0
BRDA:46,0,1,0
BRDA:58,1,0,0
BRDA:58,1,1,0
BRDA:66,2,0,0
BRDA:66,2,1,0
BRDA:71,3,0,0
BRDA:71,3,1,0
BRDA:88,4,0,0
BRDA:88,4,1,0
BRDA:93,5,0,0
BRDA:93,5,1,0
BRDA:110,6,0,0
BRDA:110,6,1,0
BRDA:115,7,0,0
BRDA:115,7,1,0
BRDA:132,8,0,0
BRDA:132,8,1,0
BRDA:137,9,0,0
BRDA:137,9,1,0
BRF:20
BRH:0
end_of_record
TN:
SF:app\notifications.tsx
FN:17,NotificationsScreen
FN:22,(anonymous_1)
FN:39,(anonymous_2)
FN:61,(anonymous_3)
FN:84,(anonymous_4)
FN:93,(anonymous_5)
FN:96,(anonymous_6)
FNF:7
FNH:0
FNDA:0,NotificationsScreen
FNDA:0,(anonymous_1)
FNDA:0,(anonymous_2)
FNDA:0,(anonymous_3)
FNDA:0,(anonymous_4)
FNDA:0,(anonymous_5)
FNDA:0,(anonymous_6)
DA:18,0
DA:19,0
DA:20,0
DA:22,0
DA:23,0
DA:24,0
DA:27,0
DA:30,0
DA:36,0
DA:39,0
DA:40,0
DA:41,0
DA:42,0
DA:44,0
DA:45,0
DA:46,0
DA:48,0
DA:49,0
DA:50,0
DA:51,0
DA:54,0
DA:61,0
DA:84,0
DA:94,0
DA:96,0
DA:156,0
LF:26
LH:0
BRDA:48,0,0,0
BRDA:48,0,1,0
BRDA:49,1,0,0
BRDA:49,1,1,0
BRDA:50,2,0,0
BRDA:50,2,1,0
BRDA:100,3,0,0
BRDA:100,3,1,0
BRDA:108,4,0,0
BRDA:108,4,1,0
BRDA:114,5,0,0
BRDA:114,5,1,0
BRDA:116,6,0,0
BRDA:116,6,1,0
BRDA:121,7,0,0
BRDA:121,7,1,0
BRDA:129,8,0,0
BRDA:129,8,1,0
BRDA:146,9,0,0
BRDA:146,9,1,0
BRF:20
BRH:0
end_of_record
TN:
SF:app\onboarding.tsx
FN:18,UserInfoScreen
FN:29,(anonymous_1)
FN:42,(anonymous_2)
FN:44,(anonymous_3)
FN:50,(anonymous_4)
FN:67,(anonymous_5)
FN:80,(anonymous_6)
FN:137,(anonymous_7)
FN:144,(anonymous_8)
FN:163,(anonymous_9)
FN:167,(anonymous_10)
FNF:11
FNH:0
FNDA:0,UserInfoScreen
FNDA:0,(anonymous_1)
FNDA:0,(anonymous_2)
FNDA:0,(anonymous_3)
FNDA:0,(anonymous_4)
FNDA:0,(anonymous_5)
FNDA:0,(anonymous_6)
FNDA:0,(anonymous_7)
FNDA:0,(anonymous_8)
FNDA:0,(anonymous_9)
FNDA:0,(anonymous_10)
DA:19,0
DA:20,0
DA:22,0
DA:23,0
DA:26,0
DA:27,0
DA:29,0
DA:30,0
DA:37,0
DA:38,0
DA:42,0
DA:43,0
DA:44,0
DA:46,0
DA:50,0
DA:51,0
DA:53,0
DA:56,0
DA:64,0
DA:67,0
DA:68,0
DA:70,0
DA:72,0
DA:74,0
DA:76,0
DA:80,0
DA:81,0
DA:83,0
DA:85,0
DA:87,0
DA:89,0
DA:91,0
DA:93,0
DA:97,0
DA:138,0
DA:144,0
DA:164,0
DA:167,0
DA:200,0
LF:39
LH:0
BRDA:37,0,0,0
BRDA:37,0,1,0
BRDA:43,1,0,0
BRDA:43,1,1,0
BRDA:51,2,0,0
BRDA:51,2,1,0
BRDA:60,3,0,0
BRDA:60,3,1,0
BRDA:68,4,0,0
BRDA:68,4,1,0
BRDA:68,4,2,0
BRDA:68,4,3,0
BRDA:81,5,0,0
BRDA:81,5,1,0
BRDA:81,5,2,0
BRDA:81,5,3,0
BRDA:81,5,4,0
BRDA:81,5,5,0
BRDA:108,6,0,0
BRDA:108,6,1,0
BRDA:142,7,0,0
BRDA:142,7,1,0
BRDA:149,8,0,0
BRDA:149,8,1,0
BRDA:166,9,0,0
BRDA:166,9,1,0
BRDA:172,10,0,0
BRDA:172,10,1,0
BRDA:187,11,0,0
BRDA:187,11,1,0
BRF:30
BRH:0
end_of_record
TN:
SF:app\pantry-check.tsx
FN:15,PantryCheckScreen
FN:20,(anonymous_1)
FN:30,(anonymous_2)
FN:36,(anonymous_3)
FN:49,(anonymous_4)
FN:53,(anonymous_5)
FNF:6
FNH:0
FNDA:0,PantryCheckScreen
FNDA:0,(anonymous_1)
FNDA:0,(anonymous_2)
FNDA:0,(anonymous_3)
FNDA:0,(anonymous_4)
FNDA:0,(anonymous_5)
DA:16,0
DA:17,0
DA:18,0
DA:20,0
DA:21,0
DA:22,0
DA:23,0
DA:25,0
DA:27,0
DA:30,0
DA:31,0
DA:32,0
DA:33,0
DA:36,0
DA:37,0
DA:38,0
DA:41,0
DA:50,0
DA:53,0
DA:91,0
LF:20
LH:0
BRDA:22,0,0,0
BRDA:22,0,1,0
BRDA:52,1,0,0
BRDA:52,1,1,0
BRDA:59,2,0,0
BRDA:59,2,1,0
BRDA:64,3,0,0
BRDA:64,3,1,0
BRF:8
BRH:0
end_of_record
TN:
SF:app\settings.tsx
FN:9,SettingsScreen
FN:14,(anonymous_1)
FN:23,(anonymous_2)
FN:32,(anonymous_3)
FN:34,(anonymous_4)
FN:35,(anonymous_5)
FN:36,(anonymous_6)
FN:43,(anonymous_7)
FN:55,(anonymous_8)
FN:80,(anonymous_9)
FNF:10
FNH:0
FNDA:0,SettingsScreen
FNDA:0,(anonymous_1)
FNDA:0,(anonymous_2)
FNDA:0,(anonymous_3)
FNDA:0,(anonymous_4)
FNDA:0,(anonymous_5)
FNDA:0,(anonymous_6)
FNDA:0,(anonymous_7)
FNDA:0,(anonymous_8)
FNDA:0,(anonymous_9)
DA:10,0
DA:11,0
DA:12,0
DA:14,0
DA:15,0
DA:25,0
DA:32,0
DA:33,0
DA:34,0
DA:35,0
DA:36,0
DA:40,0
DA:43,0
DA:44,0
DA:45,0
DA:46,0
DA:47,0
DA:48,0
DA:52,0
DA:55,0
DA:80,0
DA:149,0
LF:22
LH:0
BRDA:44,0,0,0
BRDA:44,0,1,0
BRDA:44,0,2,0
BRDA:44,0,3,0
BRF:4
BRH:0
end_of_record
TN:
SF:app\shopping-list.tsx
FN:30,ShoppingListScreen
FN:43,(anonymous_1)
FN:44,(anonymous_2)
FN:46,(anonymous_3)
FN:58,(anonymous_4)
FN:63,(anonymous_5)
FN:75,(anonymous_6)
FN:83,(anonymous_7)
FN:94,(anonymous_8)
FN:98,(anonymous_9)
FN:105,(anonymous_10)
FN:106,(anonymous_11)
FN:115,(anonymous_12)
FN:143,(anonymous_13)
FN:211,(anonymous_14)
FN:221,(anonymous_15)
FN:241,(anonymous_16)
FNF:17
FNH:0
FNDA:0,ShoppingListScreen
FNDA:0,(anonymous_1)
FNDA:0,(anonymous_2)
FNDA:0,(anonymous_3)
FNDA:0,(anonymous_4)
FNDA:0,(anonymous_5)
FNDA:0,(anonymous_6)
FNDA:0,(anonymous_7)
FNDA:0,(anonymous_8)
FNDA:0,(anonymous_9)
FNDA:0,(anonymous_10)
FNDA:0,(anonymous_11)
FNDA:0,(anonymous_12)
FNDA:0,(anonymous_13)
FNDA:0,(anonymous_14)
FNDA:0,(anonymous_15)
FNDA:0,(anonymous_16)
DA:31,0
DA:38,0
DA:39,0
DA:40,0
DA:43,0
DA:44,0
DA:46,0
DA:47,0
DA:49,0
DA:50,0
DA:51,0
DA:52,0
DA:58,0
DA:59,0
DA:60,0
DA:63,0
DA:68,0
DA:69,0
DA:71,0
DA:76,0
DA:83,0
DA:84,0
DA:94,0
DA:95,0
DA:98,0
DA:105,0
DA:106,0
DA:115,0
DA:138,0
DA:143,0
DA:212,0
DA:222,0
DA:225,0
DA:242,0
DA:257,0
LF:35
LH:0
BRDA:47,0,0,0
BRDA:47,0,1,0
BRDA:74,1,0,0
BRDA:74,1,1,0
BRDA:77,2,0,0
BRDA:77,2,1,0
BRDA:111,3,0,0
BRDA:111,3,1,0
BRDA:119,4,0,0
BRDA:119,4,1,0
BRDA:121,5,0,0
BRDA:121,5,1,0
BRDA:126,6,0,0
BRDA:126,6,1,0
BRDA:129,7,0,0
BRDA:129,7,1,0
BRDA:156,8,0,0
BRDA:156,8,1,0
BRDA:165,9,0,0
BRDA:165,9,1,0
BRDA:167,10,0,0
BRDA:167,10,1,0
BRDA:177,11,0,0
BRDA:177,11,1,0
BRDA:186,12,0,0
BRDA:186,12,1,0
BRDA:195,13,0,0
BRDA:195,13,1,0
BRDA:198,14,0,0
BRDA:198,14,1,0
BRDA:201,15,0,0
BRDA:201,15,1,0
BRDA:217,16,0,0
BRDA:217,16,1,0
BRDA:229,17,0,0
BRDA:229,17,1,0
BRDA:233,18,0,0
BRDA:233,18,1,0
BRDA:239,19,0,0
BRDA:239,19,1,0
BRF:40
BRH:0
end_of_record
TN:
SF:app\(ai-chef)\_layout.tsx
FN:3,AiChefLayout
FNF:1
FNH:0
FNDA:0,AiChefLayout
DA:4,0
LF:1
LH:0
BRF:0
BRH:0
end_of_record
TN:
SF:app\(ai-chef)\index.tsx
FN:31,CaptureScreen
FN:48,(anonymous_1)
FN:52,(anonymous_2)
FN:57,(anonymous_3)
FN:62,(anonymous_4)
FN:83,(anonymous_5)
FN:93,(anonymous_6)
FN:123,(anonymous_7)
FN:135,(anonymous_8)
FN:136,(anonymous_9)
FN:140,(anonymous_10)
FN:141,(anonymous_11)
FN:152,(anonymous_12)
FN:165,(anonymous_13)
FN:192,(anonymous_14)
FNF:15
FNH:0
FNDA:0,CaptureScreen
FNDA:0,(anonymous_1)
FNDA:0,(anonymous_2)
FNDA:0,(anonymous_3)
FNDA:0,(anonymous_4)
FNDA:0,(anonymous_5)
FNDA:0,(anonymous_6)
FNDA:0,(anonymous_7)
FNDA:0,(anonymous_8)
FNDA:0,(anonymous_9)
FNDA:0,(anonymous_10)
FNDA:0,(anonymous_11)
FNDA:0,(anonymous_12)
FNDA:0,(anonymous_13)
FNDA:0,(anonymous_14)
DA:29,0
DA:32,0
DA:33,0
DA:34,0
DA:39,0
DA:41,0
DA:42,0
DA:43,0
DA:44,0
DA:47,0
DA:48,0
DA:52,0
DA:54,0
DA:57,0
DA:58,0
DA:59,0
DA:62,0
DA:63,0
DA:64,0
DA:65,0
DA:66,0
DA:69,0
DA:70,0
DA:72,0
DA:73,0
DA:74,0
DA:75,0
DA:76,0
DA:79,0
DA:83,0
DA:84,0
DA:85,0
DA:86,0
DA:87,0
DA:90,0
DA:93,0
DA:94,0
DA:96,0
DA:97,0
DA:99,0
DA:101,0
DA:107,0
DA:108,0
DA:110,0
DA:113,0
DA:117,0
DA:118,0
DA:119,0
DA:123,0
DA:125,0
DA:132,0
DA:135,0
DA:136,0
DA:137,0
DA:140,0
DA:141,0
DA:142,0
DA:145,0
DA:146,0
DA:153,0
DA:154,0
DA:155,0
DA:157,0
DA:165,0
DA:173,0
DA:192,0
DA:267,0
LF:67
LH:0
BRDA:64,0,0,0
BRDA:64,0,1,0
BRDA:70,1,0,0
BRDA:70,1,1,0
BRDA:75,2,0,0
BRDA:75,2,1,0
BRDA:85,3,0,0
BRDA:85,3,1,0
BRDA:90,4,0,0
BRDA:90,4,1,0
BRDA:107,5,0,0
BRDA:107,5,1,0
BRDA:136,6,0,0
BRDA:136,6,1,0
BRDA:141,7,0,0
BRDA:141,7,1,0
BRDA:145,8,0,0
BRDA:145,8,1,0
BRDA:154,9,0,0
BRDA:154,9,1,0
BRDA:176,10,0,0
BRDA:176,10,1,0
BRDA:200,11,0,0
BRDA:200,11,1,0
BRDA:215,12,0,0
BRDA:215,12,1,0
BRF:26
BRH:0
end_of_record
TN:
SF:app\(ai-chef)\result.tsx
FN:27,ResultScreen
FN:53,(anonymous_1)
FN:61,(anonymous_2)
FN:73,(anonymous_3)
FN:85,(anonymous_4)
FN:95,(anonymous_5)
FN:122,(anonymous_6)
FN:136,(anonymous_7)
FN:142,(anonymous_8)
FN:160,(anonymous_9)
FN:169,(anonymous_10)
FN:239,(anonymous_11)
FN:243,(anonymous_12)
FN:288,(anonymous_13)
FN:302,(anonymous_14)
FN:341,(anonymous_15)
FNF:16
FNH:0
FNDA:0,ResultScreen
FNDA:0,(anonymous_1)
FNDA:0,(anonymous_2)
FNDA:0,(anonymous_3)
FNDA:0,(anonymous_4)
FNDA:0,(anonymous_5)
FNDA:0,(anonymous_6)
FNDA:0,(anonymous_7)
FNDA:0,(anonymous_8)
FNDA:0,(anonymous_9)
FNDA:0,(anonymous_10)
FNDA:0,(anonymous_11)
FNDA:0,(anonymous_12)
FNDA:0,(anonymous_13)
FNDA:0,(anonymous_14)
FNDA:0,(anonymous_15)
DA:28,0
DA:38,0
DA:40,0
DA:44,0
DA:45,0
DA:48,0
DA:49,0
DA:53,0
DA:61,0
DA:62,0
DA:63,0
DA:65,0
DA:66,0
DA:69,0
DA:70,0
DA:73,0
DA:74,0
DA:75,0
DA:76,0
DA:79,0
DA:80,0
DA:81,0
DA:85,0
DA:86,0
DA:87,0
DA:96,0
DA:97,0
DA:98,0
DA:102,0
DA:105,0
DA:106,0
DA:107,0
DA:111,0
DA:114,0
DA:122,0
DA:123,0
DA:126,0
DA:136,0
DA:142,0
DA:154,0
DA:160,0
DA:161,0
DA:170,0
DA:171,0
DA:172,0
DA:179,0
DA:181,0
DA:240,0
DA:243,0
DA:289,0
DA:303,0
DA:342,0
DA:411,0
LF:53
LH:0
BRDA:48,0,0,0
BRDA:48,0,1,0
BRDA:97,1,0,0
BRDA:97,1,1,0
BRDA:144,2,0,0
BRDA:144,2,1,0
BRDA:147,3,0,0
BRDA:147,3,1,0
BRDA:192,4,0,0
BRDA:192,4,1,0
BRDA:197,5,0,0
BRDA:197,5,1,0
BRDA:206,6,0,0
BRDA:206,6,1,0
BRDA:227,7,0,0
BRDA:227,7,1,0
BRDA:242,8,0,0
BRDA:242,8,1,0
BRDA:248,9,0,0
BRDA:248,9,1,0
BRDA:259,10,0,0
BRDA:259,10,1,0
BRDA:286,11,0,0
BRDA:286,11,1,0
BRDA:300,12,0,0
BRDA:300,12,1,0
BRDA:309,13,0,0
BRDA:309,13,1,0
BRDA:321,14,0,0
BRDA:321,14,1,0
BRDA:337,15,0,0
BRDA:337,15,1,0
BRDA:339,16,0,0
BRDA:339,16,1,0
BRDA:364,17,0,0
BRDA:364,17,1,0
BRDA:391,18,0,0
BRDA:391,18,1,0
BRF:38
BRH:0
end_of_record
TN:
SF:app\(ai-chef)\review.tsx
FN:39,ReviewScreen
FN:57,(anonymous_1)
FN:64,(anonymous_2)
FN:69,(anonymous_3)
FN:80,(anonymous_4)
FN:87,(anonymous_5)
FN:92,(anonymous_6)
FN:105,(anonymous_7)
FN:109,(anonymous_8)
FN:110,(anonymous_9)
FN:113,(anonymous_10)
FN:117,(anonymous_11)
FN:132,(anonymous_12)
FN:140,(anonymous_13)
FN:145,(anonymous_14)
FN:155,(anonymous_15)
FN:180,(anonymous_16)
FN:223,(anonymous_17)
FN:233,(anonymous_18)
FN:273,(anonymous_19)
FN:285,(anonymous_20)
FN:286,(anonymous_21)
FN:291,(anonymous_22)
FNF:23
FNH:0
FNDA:0,ReviewScreen
FNDA:0,(anonymous_1)
FNDA:0,(anonymous_2)
FNDA:0,(anonymous_3)
FNDA:0,(anonymous_4)
FNDA:0,(anonymous_5)
FNDA:0,(anonymous_6)
FNDA:0,(anonymous_7)
FNDA:0,(anonymous_8)
FNDA:0,(anonymous_9)
FNDA:0,(anonymous_10)
FNDA:0,(anonymous_11)
FNDA:0,(anonymous_12)
FNDA:0,(anonymous_13)
FNDA:0,(anonymous_14)
FNDA:0,(anonymous_15)
FNDA:0,(anonymous_16)
FNDA:0,(anonymous_17)
FNDA:0,(anonymous_18)
FNDA:0,(anonymous_19)
FNDA:0,(anonymous_20)
FNDA:0,(anonymous_21)
FNDA:0,(anonymous_22)
DA:33,0
DA:40,0
DA:54,0
DA:57,0
DA:59,0
DA:60,0
DA:63,0
DA:64,0
DA:69,0
DA:70,0
DA:75,0
DA:80,0
DA:81,0
DA:82,0
DA:87,0
DA:88,0
DA:89,0
DA:90,0
DA:92,0
DA:95,0
DA:100,0
DA:101,0
DA:102,0
DA:105,0
DA:107,0
DA:108,0
DA:109,0
DA:110,0
DA:113,0
DA:117,0
DA:118,0
DA:119,0
DA:128,0
DA:132,0
DA:133,0
DA:134,0
DA:135,0
DA:136,0
DA:140,0
DA:141,0
DA:142,0
DA:145,0
DA:146,0
DA:147,0
DA:148,0
DA:158,0
DA:163,0
DA:166,0
DA:167,0
DA:168,0
DA:171,0
DA:172,0
DA:175,0
DA:180,0
DA:224,0
DA:233,0
DA:273,0
DA:285,0
DA:287,0
DA:292,0
DA:293,0
DA:350,0
LF:62
LH:0
BRDA:57,0,0,0
BRDA:57,0,1,0
BRDA:70,1,0,0
BRDA:70,1,1,0
BRDA:71,2,0,0
BRDA:71,2,1,0
BRDA:71,2,2,0
BRDA:81,3,0,0
BRDA:81,3,1,0
BRDA:88,4,0,0
BRDA:88,4,1,0
BRDA:89,5,0,0
BRDA:89,5,1,0
BRDA:89,6,0,0
BRDA:89,6,1,0
BRDA:102,7,0,0
BRDA:102,7,1,0
BRDA:107,8,0,0
BRDA:107,8,1,0
BRDA:118,9,0,0
BRDA:118,9,1,0
BRDA:118,10,0,0
BRDA:118,10,1,0
BRDA:133,11,0,0
BRDA:133,11,1,0
BRDA:147,12,0,0
BRDA:147,12,1,0
BRDA:166,13,0,0
BRDA:166,13,1,0
BRDA:190,14,0,0
BRDA:190,14,1,0
BRDA:196,15,0,0
BRDA:196,15,1,0
BRDA:213,16,0,0
BRDA:213,16,1,0
BRDA:239,17,0,0
BRDA:239,17,1,0
BRDA:239,17,2,0
BRDA:245,18,0,0
BRDA:245,18,1,0
BRDA:245,18,2,0
BRDA:272,19,0,0
BRDA:272,19,1,0
BRDA:272,19,2,0
BRDA:314,20,0,0
BRDA:314,20,1,0
BRDA:315,21,0,0
BRDA:315,21,1,0
BRDA:318,22,0,0
BRDA:318,22,1,0
BRDA:327,23,0,0
BRDA:327,23,1,0
BRF:52
BRH:0
end_of_record
TN:
SF:app\(tabs)\_layout.tsx
FN:10,(anonymous_0)
FN:37,TabLayout
FN:80,(anonymous_2)
FN:88,(anonymous_3)
FN:96,(anonymous_4)
FN:97,(anonymous_5)
FN:107,(anonymous_6)
FN:115,(anonymous_7)
FN:123,(anonymous_8)
FNF:9
FNH:0
FNDA:0,(anonymous_0)
FNDA:0,TabLayout
FNDA:0,(anonymous_2)
FNDA:0,(anonymous_3)
FNDA:0,(anonymous_4)
FNDA:0,(anonymous_5)
FNDA:0,(anonymous_6)
FNDA:0,(anonymous_7)
FNDA:0,(anonymous_8)
DA:10,0
DA:11,0
DA:38,0
DA:40,0
DA:80,0
DA:88,0
DA:96,0
DA:98,0
DA:107,0
DA:115,0
DA:123,0
LF:11
LH:0
BRF:0
BRH:0
end_of_record
TN:
SF:app\(tabs)\create.tsx
FN:26,CreateScreen
FN:52,(anonymous_1)
FN:76,(anonymous_2)
FN:82,(anonymous_3)
FN:92,(anonymous_4)
FN:131,(anonymous_5)
FN:151,(anonymous_6)
FN:169,(anonymous_7)
FN:173,(anonymous_8)
FN:179,(anonymous_9)
FN:200,(anonymous_10)
FN:205,(anonymous_11)
FN:210,(anonymous_12)
FN:217,(anonymous_13)
FN:226,(anonymous_14)
FN:231,(anonymous_15)
FN:238,(anonymous_16)
FN:247,(anonymous_17)
FN:273,(anonymous_18)
FN:273,(anonymous_19)
FN:276,(anonymous_20)
FN:276,(anonymous_21)
FN:294,(anonymous_22)
FN:304,(anonymous_23)
FN:400,(anonymous_24)
FN:414,(anonymous_25)
FN:427,(anonymous_26)
FN:445,(anonymous_27)
FN:460,(anonymous_28)
FN:466,(anonymous_29)
FN:471,(anonymous_30)
FN:498,(anonymous_31)
FN:505,(anonymous_32)
FN:510,(anonymous_33)
FNF:34
FNH:0
FNDA:0,CreateScreen
FNDA:0,(anonymous_1)
FNDA:0,(anonymous_2)
FNDA:0,(anonymous_3)
FNDA:0,(anonymous_4)
FNDA:0,(anonymous_5)
FNDA:0,(anonymous_6)
FNDA:0,(anonymous_7)
FNDA:0,(anonymous_8)
FNDA:0,(anonymous_9)
FNDA:0,(anonymous_10)
FNDA:0,(anonymous_11)
FNDA:0,(anonymous_12)
FNDA:0,(anonymous_13)
FNDA:0,(anonymous_14)
FNDA:0,(anonymous_15)
FNDA:0,(anonymous_16)
FNDA:0,(anonymous_17)
FNDA:0,(anonymous_18)
FNDA:0,(anonymous_19)
FNDA:0,(anonymous_20)
FNDA:0,(anonymous_21)
FNDA:0,(anonymous_22)
FNDA:0,(anonymous_23)
FNDA:0,(anonymous_24)
FNDA:0,(anonymous_25)
FNDA:0,(anonymous_26)
FNDA:0,(anonymous_27)
FNDA:0,(anonymous_28)
FNDA:0,(anonymous_29)
FNDA:0,(anonymous_30)
FNDA:0,(anonymous_31)
FNDA:0,(anonymous_32)
FNDA:0,(anonymous_33)
DA:27,0
DA:28,0
DA:30,0
DA:31,0
DA:32,0
DA:33,0
DA:36,0
DA:37,0
DA:39,0
DA:40,0
DA:43,0
DA:52,0
DA:53,0
DA:54,0
DA:56,0
DA:57,0
DA:58,0
DA:60,0
DA:61,0
DA:62,0
DA:64,0
DA:65,0
DA:66,0
DA:68,0
DA:69,0
DA:70,0
DA:71,0
DA:72,0
DA:73,0
DA:76,0
DA:77,0
DA:78,0
DA:79,0
DA:82,0
DA:83,0
DA:84,0
DA:85,0
DA:88,0
DA:89,0
DA:92,0
DA:93,0
DA:95,0
DA:102,0
DA:103,0
DA:104,0
DA:105,0
DA:106,0
DA:108,0
DA:110,0
DA:113,0
DA:115,0
DA:116,0
DA:119,0
DA:122,0
DA:123,0
DA:124,0
DA:126,0
DA:127,0
DA:130,0
DA:131,0
DA:135,0
DA:138,0
DA:140,0
DA:141,0
DA:143,0
DA:144,0
DA:145,0
DA:147,0
DA:151,0
DA:153,0
DA:154,0
DA:155,0
DA:156,0
DA:159,0
DA:162,0
DA:169,0
DA:173,0
DA:179,0
DA:180,0
DA:181,0
DA:182,0
DA:189,0
DA:190,0
DA:193,0
DA:200,0
DA:201,0
DA:202,0
DA:205,0
DA:206,0
DA:207,0
DA:210,0
DA:211,0
DA:212,0
DA:213,0
DA:214,0
DA:217,0
DA:218,0
DA:219,0
DA:220,0
DA:221,0
DA:222,0
DA:226,0
DA:227,0
DA:228,0
DA:231,0
DA:232,0
DA:233,0
DA:234,0
DA:235,0
DA:238,0
DA:239,0
DA:240,0
DA:241,0
DA:242,0
DA:243,0
DA:247,0
DA:248,0
DA:249,0
DA:250,0
DA:251,0
DA:254,0
DA:255,0
DA:257,0
DA:258,0
DA:273,0
DA:276,0
DA:287,0
DA:290,0
DA:292,0
DA:294,0
DA:295,0
DA:297,0
DA:299,0
DA:302,0
DA:304,0
DA:305,0
DA:306,0
DA:307,0
DA:308,0
DA:309,0
DA:310,0
DA:311,0
DA:312,0
DA:315,0
DA:316,0
DA:318,0
DA:322,0
DA:401,0
DA:402,0
DA:415,0
DA:416,0
DA:428,0
DA:429,0
DA:430,0
DA:446,0
DA:447,0
DA:448,0
DA:461,0
DA:466,0
DA:471,0
DA:499,0
DA:505,0
DA:510,0
DA:550,0
LF:164
LH:0
BRDA:56,0,0,0
BRDA:56,0,1,0
BRDA:60,1,0,0
BRDA:60,1,1,0
BRDA:64,2,0,0
BRDA:64,2,1,0
BRDA:68,3,0,0
BRDA:68,3,1,0
BRDA:71,4,0,0
BRDA:71,4,1,0
BRDA:77,5,0,0
BRDA:77,5,1,0
BRDA:83,6,0,0
BRDA:83,6,1,0
BRDA:102,7,0,0
BRDA:102,7,1,0
BRDA:104,8,0,0
BRDA:104,8,1,0
BRDA:113,9,0,0
BRDA:113,9,1,0
BRDA:113,10,0,0
BRDA:113,10,1,0
BRDA:126,11,0,0
BRDA:126,11,1,0
BRDA:154,12,0,0
BRDA:154,12,1,0
BRDA:189,13,0,0
BRDA:189,13,1,0
BRDA:195,14,0,0
BRDA:195,14,1,0
BRDA:221,15,0,0
BRDA:221,15,1,0
BRDA:242,16,0,0
BRDA:242,16,1,0
BRDA:248,17,0,0
BRDA:248,17,1,0
BRDA:262,18,0,0
BRDA:262,18,1,0
BRDA:268,19,0,0
BRDA:268,19,1,0
BRDA:280,20,0,0
BRDA:280,20,1,0
BRDA:292,21,0,0
BRDA:292,21,1,0
BRDA:325,22,0,0
BRDA:325,22,1,0
BRDA:341,23,0,0
BRDA:341,23,1,0
BRDA:343,24,0,0
BRDA:343,24,1,0
BRDA:345,25,0,0
BRDA:345,25,1,0
BRDA:358,26,0,0
BRDA:358,26,1,0
BRDA:369,27,0,0
BRDA:369,27,1,0
BRDA:372,28,0,0
BRDA:372,28,1,0
BRDA:378,29,0,0
BRDA:378,29,1,0
BRDA:384,30,0,0
BRDA:384,30,1,0
BRDA:389,31,0,0
BRDA:389,31,1,0
BRDA:402,32,0,0
BRDA:402,32,1,0
BRDA:416,33,0,0
BRDA:416,33,1,0
BRDA:429,34,0,0
BRDA:429,34,1,0
BRDA:447,35,0,0
BRDA:447,35,1,0
BRDA:469,36,0,0
BRDA:469,36,1,0
BRDA:485,37,0,0
BRDA:485,37,1,0
BRDA:488,38,0,0
BRDA:488,38,1,0
BRDA:508,39,0,0
BRDA:508,39,1,0
BRDA:521,40,0,0
BRDA:521,40,1,0
BRDA:524,41,0,0
BRDA:524,41,1,0
BRDA:533,42,0,0
BRDA:533,42,1,0
BRDA:538,43,0,0
BRDA:538,43,1,0
BRF:88
BRH:0
end_of_record
TN:
SF:app\(tabs)\explore.tsx
FN:39,ExploreScreen
FN:68,(anonymous_1)
FN:71,(anonymous_2)
FN:75,(anonymous_3)
FN:79,(anonymous_4)
FN:81,(anonymous_5)
FN:84,(anonymous_6)
FN:92,(anonymous_7)
FN:105,(anonymous_8)
FN:107,(anonymous_9)
FN:109,(anonymous_10)
FN:117,(anonymous_11)
FN:122,(anonymous_12)
FN:127,(anonymous_13)
FN:201,(anonymous_14)
FN:213,(anonymous_15)
FN:227,(anonymous_16)
FN:245,(anonymous_17)
FN:380,(anonymous_18)
FN:431,(anonymous_19)
FN:463,(anonymous_20)
FN:468,(anonymous_21)
FN:473,(anonymous_22)
FN:485,(anonymous_23)
FN:487,(anonymous_24)
FNF:25
FNH:0
FNDA:0,ExploreScreen
FNDA:0,(anonymous_1)
FNDA:0,(anonymous_2)
FNDA:0,(anonymous_3)
FNDA:0,(anonymous_4)
FNDA:0,(anonymous_5)
FNDA:0,(anonymous_6)
FNDA:0,(anonymous_7)
FNDA:0,(anonymous_8)
FNDA:0,(anonymous_9)
FNDA:0,(anonymous_10)
FNDA:0,(anonymous_11)
FNDA:0,(anonymous_12)
FNDA:0,(anonymous_13)
FNDA:0,(anonymous_14)
FNDA:0,(anonymous_15)
FNDA:0,(anonymous_16)
FNDA:0,(anonymous_17)
FNDA:0,(anonymous_18)
FNDA:0,(anonymous_19)
FNDA:0,(anonymous_20)
FNDA:0,(anonymous_21)
FNDA:0,(anonymous_22)
FNDA:0,(anonymous_23)
FNDA:0,(anonymous_24)
DA:36,0
DA:37,0
DA:40,0
DA:41,0
DA:45,0
DA:48,0
DA:49,0
DA:50,0
DA:51,0
DA:54,0
DA:55,0
DA:60,0
DA:61,0
DA:63,0
DA:65,0
DA:68,0
DA:69,0
DA:70,0
DA:71,0
DA:72,0
DA:73,0
DA:75,0
DA:79,0
DA:80,0
DA:81,0
DA:82,0
DA:84,0
DA:88,0
DA:93,0
DA:95,0
DA:97,0
DA:99,0
DA:101,0
DA:105,0
DA:107,0
DA:109,0
DA:110,0
DA:111,0
DA:112,0
DA:113,0
DA:114,0
DA:117,0
DA:118,0
DA:119,0
DA:122,0
DA:126,0
DA:128,0
DA:201,0
DA:202,0
DA:203,0
DA:212,0
DA:213,0
DA:216,0
DA:217,0
DA:218,0
DA:228,0
DA:229,0
DA:235,0
DA:246,0
DA:247,0
DA:258,0
DA:381,0
DA:382,0
DA:395,0
DA:431,0
DA:464,0
DA:465,0
DA:469,0
DA:474,0
DA:475,0
DA:485,0
DA:487,0
DA:493,0
LF:73
LH:0
BRDA:69,0,0,0
BRDA:69,0,1,0
BRDA:80,1,0,0
BRDA:80,1,1,0
BRDA:93,2,0,0
BRDA:93,2,1,0
BRDA:93,2,2,0
BRDA:93,2,3,0
BRDA:99,3,0,0
BRDA:99,3,1,0
BRDA:99,4,0,0
BRDA:99,4,1,0
BRDA:105,5,0,0
BRDA:105,5,1,0
BRDA:107,6,0,0
BRDA:107,6,1,0
BRDA:124,7,0,0
BRDA:171,8,0,0
BRDA:171,8,1,0
BRDA:182,9,0,0
BRDA:182,9,1,0
BRDA:202,10,0,0
BRDA:202,10,1,0
BRDA:202,11,0,0
BRDA:202,11,1,0
BRDA:212,12,0,0
BRDA:212,12,1,0
BRDA:216,13,0,0
BRDA:216,13,1,0
BRDA:216,14,0,0
BRDA:216,14,1,0
BRDA:217,15,0,0
BRDA:217,15,1,0
BRDA:220,16,0,0
BRDA:220,16,1,0
BRDA:222,17,0,0
BRDA:222,17,1,0
BRDA:271,18,0,0
BRDA:271,18,1,0
BRDA:271,19,0,0
BRDA:271,19,1,0
BRDA:271,19,2,0
BRDA:461,20,0,0
BRDA:461,20,1,0
BRF:44
BRH:0
end_of_record
TN:
SF:app\(tabs)\index.tsx
FN:32,HomeScreen
FN:54,(anonymous_1)
FN:56,(anonymous_2)
FN:59,(anonymous_3)
FN:63,(anonymous_4)
FN:82,(anonymous_5)
FN:83,(anonymous_6)
FN:86,(anonymous_7)
FN:98,(anonymous_8)
FN:103,(anonymous_9)
FN:113,(anonymous_10)
FN:118,(anonymous_11)
FN:124,(anonymous_12)
FN:126,(anonymous_13)
FN:156,(anonymous_14)
FN:177,(anonymous_15)
FN:303,(anonymous_16)
FN:319,(anonymous_17)
FN:326,(anonymous_18)
FN:407,(anonymous_19)
FN:469,(anonymous_20)
FN:481,(anonymous_21)
FN:489,(anonymous_22)
FN:499,(anonymous_23)
FNF:24
FNH:0
FNDA:0,HomeScreen
FNDA:0,(anonymous_1)
FNDA:0,(anonymous_2)
FNDA:0,(anonymous_3)
FNDA:0,(anonymous_4)
FNDA:0,(anonymous_5)
FNDA:0,(anonymous_6)
FNDA:0,(anonymous_7)
FNDA:0,(anonymous_8)
FNDA:0,(anonymous_9)
FNDA:0,(anonymous_10)
FNDA:0,(anonymous_11)
FNDA:0,(anonymous_12)
FNDA:0,(anonymous_13)
FNDA:0,(anonymous_14)
FNDA:0,(anonymous_15)
FNDA:0,(anonymous_16)
FNDA:0,(anonymous_17)
FNDA:0,(anonymous_18)
FNDA:0,(anonymous_19)
FNDA:0,(anonymous_20)
FNDA:0,(anonymous_21)
FNDA:0,(anonymous_22)
FNDA:0,(anonymous_23)
DA:33,0
DA:34,0
DA:43,0
DA:45,0
DA:46,0
DA:47,0
DA:49,0
DA:50,0
DA:51,0
DA:54,0
DA:55,0
DA:56,0
DA:57,0
DA:59,0
DA:63,0
DA:65,0
DA:68,0
DA:73,0
DA:74,0
DA:78,0
DA:79,0
DA:82,0
DA:83,0
DA:84,0
DA:86,0
DA:87,0
DA:88,0
DA:95,0
DA:98,0
DA:99,0
DA:100,0
DA:101,0
DA:103,0
DA:104,0
DA:105,0
DA:109,0
DA:113,0
DA:114,0
DA:115,0
DA:118,0
DA:119,0
DA:120,0
DA:121,0
DA:124,0
DA:125,0
DA:127,0
DA:140,0
DA:157,0
DA:158,0
DA:178,0
DA:179,0
DA:304,0
DA:305,0
DA:320,0
DA:326,0
DA:407,0
DA:470,0
DA:471,0
DA:482,0
DA:489,0
DA:500,0
DA:501,0
DA:518,0
LF:63
LH:0
BRDA:46,0,0,0
BRDA:46,0,1,0
BRDA:55,1,0,0
BRDA:55,1,1,0
BRDA:73,2,0,0
BRDA:73,2,1,0
BRDA:106,3,0,0
BRDA:106,3,1,0
BRDA:119,4,0,0
BRDA:119,4,1,0
BRDA:120,5,0,0
BRDA:120,5,1,0
BRDA:163,6,0,0
BRDA:163,6,1,0
BRDA:184,7,0,0
BRDA:184,7,1,0
BRDA:310,8,0,0
BRDA:310,8,1,0
BRDA:312,9,0,0
BRDA:312,9,1,0
BRDA:338,10,0,0
BRDA:338,10,1,0
BRDA:400,11,0,0
BRDA:400,11,1,0
BRDA:404,12,0,0
BRDA:404,12,1,0
BRDA:463,13,0,0
BRDA:463,13,1,0
BRDA:479,14,0,0
BRDA:479,14,1,0
BRDA:486,15,0,0
BRDA:486,15,1,0
BRF:32
BRH:0
end_of_record
TN:
SF:app\(tabs)\leaderboard.tsx
FN:29,LeaderboardScreen
FN:40,(anonymous_1)
FN:41,(anonymous_2)
FN:42,(anonymous_3)
FN:43,(anonymous_4)
FN:44,(anonymous_5)
FN:45,(anonymous_6)
FN:46,(anonymous_7)
FN:47,(anonymous_8)
FN:48,(anonymous_9)
FN:57,(anonymous_10)
FN:59,(anonymous_11)
FN:62,(anonymous_12)
FN:65,(anonymous_13)
FN:70,(anonymous_14)
FN:78,(anonymous_15)
FN:83,(anonymous_16)
FN:87,(anonymous_17)
FN:124,(anonymous_18)
FN:145,(anonymous_19)
FN:217,(anonymous_20)
FN:225,(anonymous_21)
FNF:22
FNH:0
FNDA:0,LeaderboardScreen
FNDA:0,(anonymous_1)
FNDA:0,(anonymous_2)
FNDA:0,(anonymous_3)
FNDA:0,(anonymous_4)
FNDA:0,(anonymous_5)
FNDA:0,(anonymous_6)
FNDA:0,(anonymous_7)
FNDA:0,(anonymous_8)
FNDA:0,(anonymous_9)
FNDA:0,(anonymous_10)
FNDA:0,(anonymous_11)
FNDA:0,(anonymous_12)
FNDA:0,(anonymous_13)
FNDA:0,(anonymous_14)
FNDA:0,(anonymous_15)
FNDA:0,(anonymous_16)
FNDA:0,(anonymous_17)
FNDA:0,(anonymous_18)
FNDA:0,(anonymous_19)
FNDA:0,(anonymous_20)
FNDA:0,(anonymous_21)
DA:30,0
DA:31,0
DA:32,0
DA:35,0
DA:36,0
DA:37,0
DA:40,0
DA:41,0
DA:42,0
DA:43,0
DA:44,0
DA:45,0
DA:46,0
DA:47,0
DA:48,0
DA:51,0
DA:52,0
DA:53,0
DA:56,0
DA:57,0
DA:59,0
DA:62,0
DA:63,0
DA:64,0
DA:65,0
DA:66,0
DA:70,0
DA:71,0
DA:72,0
DA:73,0
DA:74,0
DA:78,0
DA:79,0
DA:83,0
DA:84,0
DA:87,0
DA:88,0
DA:145,0
DA:208,0
DA:218,0
DA:225,0
DA:258,0
LF:42
LH:0
BRDA:51,0,0,0
BRDA:51,0,1,0
BRDA:72,1,0,0
BRDA:72,1,1,0
BRDA:73,2,0,0
BRDA:73,2,1,0
BRDA:84,3,0,0
BRDA:84,3,1,0
BRDA:97,4,0,0
BRDA:97,4,1,0
BRDA:99,5,0,0
BRDA:99,5,1,0
BRDA:99,5,2,0
BRDA:136,6,0,0
BRDA:136,6,1,0
BRDA:158,7,0,0
BRDA:158,7,1,0
BRDA:170,8,0,0
BRDA:170,8,1,0
BRDA:170,9,0,0
BRDA:170,9,1,0
BRDA:201,10,0,0
BRDA:201,10,1,0
BRDA:229,11,0,0
BRDA:229,11,1,0
BRDA:234,12,0,0
BRDA:234,12,1,0
BRDA:235,13,0,0
BRDA:235,13,1,0
BRDA:251,14,0,0
BRDA:251,14,1,0
BRDA:251,14,2,0
BRDA:251,14,3,0
BRDA:251,14,4,0
BRF:34
BRH:0
end_of_record
TN:
SF:app\(tabs)\profile.tsx
FN:32,ProfileScreen
FN:48,(anonymous_1)
FN:50,(anonymous_2)
FN:68,(anonymous_3)
FN:74,(anonymous_4)
FN:82,(anonymous_5)
FN:90,(anonymous_6)
FN:97,(anonymous_7)
FN:99,(anonymous_8)
FN:100,(anonymous_9)
FN:101,(anonymous_10)
FN:140,(anonymous_11)
FN:146,(anonymous_12)
FN:179,(anonymous_13)
FN:222,(anonymous_14)
FN:228,(anonymous_15)
FN:229,(anonymous_16)
FN:346,(anonymous_17)
FN:353,(anonymous_18)
FN:388,(anonymous_19)
FN:401,(anonymous_20)
FN:449,(anonymous_21)
FN:535,MenuOption
FNF:23
FNH:0
FNDA:0,ProfileScreen
FNDA:0,(anonymous_1)
FNDA:0,(anonymous_2)
FNDA:0,(anonymous_3)
FNDA:0,(anonymous_4)
FNDA:0,(anonymous_5)
FNDA:0,(anonymous_6)
FNDA:0,(anonymous_7)
FNDA:0,(anonymous_8)
FNDA:0,(anonymous_9)
FNDA:0,(anonymous_10)
FNDA:0,(anonymous_11)
FNDA:0,(anonymous_12)
FNDA:0,(anonymous_13)
FNDA:0,(anonymous_14)
FNDA:0,(anonymous_15)
FNDA:0,(anonymous_16)
FNDA:0,(anonymous_17)
FNDA:0,(anonymous_18)
FNDA:0,(anonymous_19)
FNDA:0,(anonymous_20)
FNDA:0,(anonymous_21)
FNDA:0,MenuOption
DA:30,0
DA:41,0
DA:42,0
DA:43,0
DA:44,0
DA:45,0
DA:46,0
DA:48,0
DA:50,0
DA:51,0
DA:53,0
DA:54,0
DA:56,0
DA:57,0
DA:58,0
DA:59,0
DA:61,0
DA:62,0
DA:64,0
DA:68,0
DA:69,0
DA:76,0
DA:82,0
DA:83,0
DA:84,0
DA:86,0
DA:90,0
DA:91,0
DA:97,0
DA:98,0
DA:99,0
DA:100,0
DA:101,0
DA:106,0
DA:107,0
DA:109,0
DA:116,0
DA:118,0
DA:140,0
DA:146,0
DA:179,0
DA:222,0
DA:229,0
DA:230,0
DA:231,0
DA:347,0
DA:353,0
DA:388,0
DA:402,0
DA:403,0
DA:449,0
DA:550,0
DA:570,0
LF:53
LH:0
BRDA:51,0,0,0
BRDA:51,0,1,0
BRDA:83,1,0,0
BRDA:83,1,1,0
BRDA:109,2,0,0
BRDA:109,2,1,0
BRDA:122,3,0,0
BRDA:122,3,1,0
BRDA:155,4,0,0
BRDA:155,4,1,0
BRDA:187,5,0,0
BRDA:187,5,1,0
BRDA:196,6,0,0
BRDA:196,6,1,0
BRDA:211,7,0,0
BRDA:211,7,1,0
BRDA:230,8,0,0
BRDA:230,8,1,0
BRDA:237,9,0,0
BRDA:237,9,1,0
BRDA:252,10,0,0
BRDA:252,10,1,0
BRDA:260,11,0,0
BRDA:260,11,1,0
BRDA:263,12,0,0
BRDA:263,12,1,0
BRDA:267,13,0,0
BRDA:267,13,1,0
BRDA:272,14,0,0
BRDA:272,14,1,0
BRDA:273,15,0,0
BRDA:273,15,1,0
BRDA:280,16,0,0
BRDA:280,16,1,0
BRDA:285,17,0,0
BRDA:285,17,1,0
BRDA:297,18,0,0
BRDA:297,18,1,0
BRDA:301,19,0,0
BRDA:301,19,1,0
BRDA:302,20,0,0
BRDA:302,20,1,0
BRDA:306,21,0,0
BRDA:306,21,1,0
BRDA:310,22,0,0
BRDA:310,22,1,0
BRDA:311,23,0,0
BRDA:311,23,1,0
BRDA:315,24,0,0
BRDA:315,24,1,0
BRDA:319,25,0,0
BRDA:319,25,1,0
BRDA:320,26,0,0
BRDA:320,26,1,0
BRDA:328,27,0,0
BRDA:328,27,1,0
BRDA:333,28,0,0
BRDA:333,28,1,0
BRDA:351,29,0,0
BRDA:351,29,1,0
BRDA:364,30,0,0
BRDA:364,30,1,0
BRDA:385,31,0,0
BRDA:385,31,1,0
BRDA:411,32,0,0
BRDA:411,32,1,0
BRDA:412,33,0,0
BRDA:412,33,1,0
BRDA:418,34,0,0
BRDA:418,34,1,0
BRDA:422,35,0,0
BRDA:422,35,1,0
BRDA:429,36,0,0
BRDA:429,36,1,0
BRDA:445,37,0,0
BRDA:445,37,1,0
BRDA:452,38,0,0
BRDA:452,38,1,0
BRDA:456,39,0,0
BRDA:456,39,1,0
BRDA:461,40,0,0
BRDA:461,40,1,0
BRDA:471,41,0,0
BRDA:471,41,1,0
BRDA:475,42,0,0
BRDA:475,42,1,0
BRDA:484,43,0,0
BRDA:484,43,1,0
BRDA:498,44,0,0
BRDA:498,44,1,0
BRDA:505,45,0,0
BRDA:505,45,1,0
BRDA:538,46,0,0
BRDA:539,47,0,0
BRDA:552,48,0,0
BRDA:552,48,1,0
BRDA:556,49,0,0
BRDA:556,49,1,0
BRDA:560,50,0,0
BRDA:560,50,1,0
BRDA:564,51,0,0
BRDA:564,51,1,0
BRF:102
BRH:0
end_of_record
TN:
SF:app\(tabs)\saved.tsx
FN:26,SavedScreen
FN:35,(anonymous_1)
FN:36,(anonymous_2)
FN:39,(anonymous_3)
FN:44,(anonymous_4)
FN:53,(anonymous_5)
FN:163,(anonymous_6)
FN:184,(anonymous_7)
FN:198,(anonymous_8)
FN:254,(anonymous_9)
FN:266,(anonymous_10)
FN:267,(anonymous_11)
FN:277,(anonymous_12)
FN:278,(anonymous_13)
FNF:14
FNH:0
FNDA:0,SavedScreen
FNDA:0,(anonymous_1)
FNDA:0,(anonymous_2)
FNDA:0,(anonymous_3)
FNDA:0,(anonymous_4)
FNDA:0,(anonymous_5)
FNDA:0,(anonymous_6)
FNDA:0,(anonymous_7)
FNDA:0,(anonymous_8)
FNDA:0,(anonymous_9)
FNDA:0,(anonymous_10)
FNDA:0,(anonymous_11)
FNDA:0,(anonymous_12)
FNDA:0,(anonymous_13)
DA:23,0
DA:24,0
DA:27,0
DA:28,0
DA:29,0
DA:30,0
DA:31,0
DA:32,0
DA:33,0
DA:35,0
DA:36,0
DA:38,0
DA:39,0
DA:42,0
DA:43,0
DA:45,0
DA:50,0
DA:53,0
DA:60,0
DA:120,0
DA:164,0
DA:165,0
DA:185,0
DA:199,0
DA:200,0
DA:254,0
DA:266,0
DA:268,0
DA:277,0
DA:279,0
DA:293,0
LF:31
LH:0
BRDA:38,0,0,0
BRDA:38,0,1,0
BRDA:42,1,0,0
BRDA:42,1,1,0
BRDA:45,2,0,0
BRDA:45,2,1,0
BRDA:72,3,0,0
BRDA:72,3,1,0
BRDA:104,4,0,0
BRDA:104,4,1,0
BRDA:110,5,0,0
BRDA:110,5,1,0
BRDA:161,6,0,0
BRDA:161,6,1,0
BRDA:192,7,0,0
BRDA:192,7,1,0
BRDA:206,8,0,0
BRDA:206,8,1,0
BRDA:217,9,0,0
BRDA:217,9,1,0
BRDA:244,10,0,0
BRDA:244,10,1,0
BRDA:246,11,0,0
BRDA:246,11,1,0
BRDA:248,12,0,0
BRDA:248,12,1,0
BRDA:252,13,0,0
BRDA:252,13,1,0
BRDA:254,14,0,0
BRDA:254,14,1,0
BRF:30
BRH:0
end_of_record
TN:
SF:app\cooking\[id].tsx
FN:49,(anonymous_0)
FN:61,(anonymous_1)
FN:79,(anonymous_2)
FN:99,(anonymous_3)
FN:102,(anonymous_4)
FN:111,CookingModeScreen
FN:138,(anonymous_6)
FN:145,(anonymous_7)
FN:147,(anonymous_8)
FN:148,(anonymous_9)
FN:162,(anonymous_10)
FN:167,(anonymous_11)
FN:173,(anonymous_12)
FN:193,(anonymous_13)
FN:194,(anonymous_14)
FN:235,(anonymous_15)
FN:238,(anonymous_16)
FN:250,(anonymous_17)
FN:253,(anonymous_18)
FN:258,(anonymous_19)
FN:266,(anonymous_20)
FN:274,(anonymous_21)
FN:279,(anonymous_22)
FN:281,(anonymous_23)
FN:284,(anonymous_24)
FN:287,(anonymous_25)
FN:303,(anonymous_26)
FN:312,(anonymous_27)
FN:326,(anonymous_28)
FN:338,(anonymous_29)
FN:362,(anonymous_30)
FN:368,(anonymous_31)
FN:375,(anonymous_32)
FN:381,(anonymous_33)
FN:405,(anonymous_34)
FN:490,(anonymous_35)
FN:612,(anonymous_36)
FN:618,(anonymous_37)
FN:631,(anonymous_38)
FNF:39
FNH:0
FNDA:0,(anonymous_0)
FNDA:0,(anonymous_1)
FNDA:0,(anonymous_2)
FNDA:0,(anonymous_3)
FNDA:0,(anonymous_4)
FNDA:0,CookingModeScreen
FNDA:0,(anonymous_6)
FNDA:0,(anonymous_7)
FNDA:0,(anonymous_8)
FNDA:0,(anonymous_9)
FNDA:0,(anonymous_10)
FNDA:0,(anonymous_11)
FNDA:0,(anonymous_12)
FNDA:0,(anonymous_13)
FNDA:0,(anonymous_14)
FNDA:0,(anonymous_15)
FNDA:0,(anonymous_16)
FNDA:0,(anonymous_17)
FNDA:0,(anonymous_18)
FNDA:0,(anonymous_19)
FNDA:0,(anonymous_20)
FNDA:0,(anonymous_21)
FNDA:0,(anonymous_22)
FNDA:0,(anonymous_23)
FNDA:0,(anonymous_24)
FNDA:0,(anonymous_25)
FNDA:0,(anonymous_26)
FNDA:0,(anonymous_27)
FNDA:0,(anonymous_28)
FNDA:0,(anonymous_29)
FNDA:0,(anonymous_30)
FNDA:0,(anonymous_31)
FNDA:0,(anonymous_32)
FNDA:0,(anonymous_33)
FNDA:0,(anonymous_34)
FNDA:0,(anonymous_35)
FNDA:0,(anonymous_36)
FNDA:0,(anonymous_37)
FNDA:0,(anonymous_38)
DA:36,0
DA:39,0
DA:47,0
DA:49,0
DA:50,0
DA:51,0
DA:52,0
DA:54,0
DA:55,0
DA:57,0
DA:58,0
DA:59,0
DA:61,0
DA:62,0
DA:69,0
DA:73,0
DA:79,0
DA:88,0
DA:99,0
DA:100,0
DA:103,0
DA:112,0
DA:113,0
DA:117,0
DA:120,0
DA:121,0
DA:122,0
DA:123,0
DA:124,0
DA:127,0
DA:128,0
DA:129,0
DA:130,0
DA:133,0
DA:136,0
DA:138,0
DA:139,0
DA:140,0
DA:145,0
DA:146,0
DA:147,0
DA:148,0
DA:149,0
DA:150,0
DA:151,0
DA:152,0
DA:153,0
DA:154,0
DA:156,0
DA:160,0
DA:162,0
DA:163,0
DA:167,0
DA:168,0
DA:169,0
DA:170,0
DA:173,0
DA:174,0
DA:175,0
DA:178,0
DA:179,0
DA:180,0
DA:181,0
DA:182,0
DA:183,0
DA:185,0
DA:189,0
DA:193,0
DA:194,0
DA:196,0
DA:197,0
DA:198,0
DA:199,0
DA:203,0
DA:204,0
DA:210,0
DA:211,0
DA:225,0
DA:228,0
DA:229,0
DA:231,0
DA:235,0
DA:236,0
DA:237,0
DA:238,0
DA:239,0
DA:242,0
DA:243,0
DA:246,0
DA:250,0
DA:251,0
DA:252,0
DA:253,0
DA:254,0
DA:258,0
DA:259,0
DA:260,0
DA:264,0
DA:266,0
DA:267,0
DA:268,0
DA:269,0
DA:270,0
DA:271,0
DA:274,0
DA:275,0
DA:276,0
DA:279,0
DA:280,0
DA:281,0
DA:284,0
DA:285,0
DA:286,0
DA:287,0
DA:290,0
DA:291,0
DA:298,0
DA:299,0
DA:303,0
DA:312,0
DA:318,0
DA:319,0
DA:321,0
DA:326,0
DA:338,0
DA:362,0
DA:368,0
DA:375,0
DA:381,0
DA:406,0
DA:407,0
DA:491,0
DA:492,0
DA:613,0
DA:619,0
DA:631,0
DA:642,0
LF:137
LH:0
BRDA:139,0,0,0
BRDA:139,0,1,0
BRDA:146,1,0,0
BRDA:146,1,1,0
BRDA:149,2,0,0
BRDA:149,2,1,0
BRDA:160,3,0,0
BRDA:160,3,1,0
BRDA:163,4,0,0
BRDA:163,4,1,0
BRDA:170,5,0,0
BRDA:170,5,1,0
BRDA:178,6,0,0
BRDA:178,6,1,0
BRDA:189,7,0,0
BRDA:189,7,1,0
BRDA:193,8,0,0
BRDA:193,8,1,0
BRDA:196,9,0,0
BRDA:196,9,1,0
BRDA:210,10,0,0
BRDA:210,10,1,0
BRDA:218,11,0,0
BRDA:218,11,1,0
BRDA:219,12,0,0
BRDA:219,12,1,0
BRDA:220,13,0,0
BRDA:220,13,1,0
BRDA:221,14,0,0
BRDA:221,14,1,0
BRDA:222,15,0,0
BRDA:222,15,1,0
BRDA:237,16,0,0
BRDA:237,16,1,0
BRDA:237,17,0,0
BRDA:237,17,1,0
BRDA:242,18,0,0
BRDA:242,18,1,0
BRDA:252,19,0,0
BRDA:252,19,1,0
BRDA:290,20,0,0
BRDA:290,20,1,0
BRDA:298,21,0,0
BRDA:298,21,1,0
BRDA:298,22,0,0
BRDA:298,22,1,0
BRDA:337,23,0,0
BRDA:337,23,1,0
BRDA:341,24,0,0
BRDA:341,24,1,0
BRDA:343,25,0,0
BRDA:343,25,1,0
BRDA:346,26,0,0
BRDA:346,26,1,0
BRDA:354,27,0,0
BRDA:354,27,1,0
BRDA:392,28,0,0
BRDA:392,28,1,0
BRDA:396,29,0,0
BRDA:396,29,1,0
BRDA:401,30,0,0
BRDA:401,30,1,0
BRDA:447,31,0,0
BRDA:447,31,1,0
BRDA:456,32,0,0
BRDA:456,32,1,0
BRDA:477,33,0,0
BRDA:477,33,1,0
BRDA:486,34,0,0
BRDA:486,34,1,0
BRDA:501,35,0,0
BRDA:501,35,1,0
BRDA:507,36,0,0
BRDA:507,36,1,0
BRDA:527,37,0,0
BRDA:527,37,1,0
BRDA:535,38,0,0
BRDA:535,38,1,0
BRDA:551,39,0,0
BRDA:551,39,1,0
BRDA:555,40,0,0
BRDA:555,40,1,0
BRDA:567,41,0,0
BRDA:567,41,1,0
BRDA:849,42,0,0
BRDA:849,42,1,0
BRF:86
BRH:0
end_of_record
TN:
SF:app\recipe\[id].tsx
FN:27,(anonymous_0)
FN:53,RecipeDetailScreen
FN:78,(anonymous_2)
FN:83,(anonymous_3)
FN:106,(anonymous_4)
FN:107,(anonymous_5)
FN:111,(anonymous_6)
FN:155,(anonymous_7)
FN:162,(anonymous_8)
FN:181,(anonymous_9)
FN:183,(anonymous_10)
FN:185,(anonymous_11)
FN:203,(anonymous_12)
FN:234,(anonymous_13)
FN:243,(anonymous_14)
FN:280,(anonymous_15)
FN:314,(anonymous_16)
FN:314,(anonymous_17)
FN:338,(anonymous_18)
FN:338,(anonymous_19)
FN:387,(anonymous_20)
FN:421,(anonymous_21)
FN:443,(anonymous_22)
FN:462,(anonymous_23)
FN:488,(anonymous_24)
FN:491,(anonymous_25)
FN:503,(anonymous_26)
FN:554,(anonymous_27)
FN:587,(anonymous_28)
FN:611,(anonymous_29)
FNF:30
FNH:0
FNDA:0,(anonymous_0)
FNDA:0,RecipeDetailScreen
FNDA:0,(anonymous_2)
FNDA:0,(anonymous_3)
FNDA:0,(anonymous_4)
FNDA:0,(anonymous_5)
FNDA:0,(anonymous_6)
FNDA:0,(anonymous_7)
FNDA:0,(anonymous_8)
FNDA:0,(anonymous_9)
FNDA:0,(anonymous_10)
FNDA:0,(anonymous_11)
FNDA:0,(anonymous_12)
FNDA:0,(anonymous_13)
FNDA:0,(anonymous_14)
FNDA:0,(anonymous_15)
FNDA:0,(anonymous_16)
FNDA:0,(anonymous_17)
FNDA:0,(anonymous_18)
FNDA:0,(anonymous_19)
FNDA:0,(anonymous_20)
FNDA:0,(anonymous_21)
FNDA:0,(anonymous_22)
FNDA:0,(anonymous_23)
FNDA:0,(anonymous_24)
FNDA:0,(anonymous_25)
FNDA:0,(anonymous_26)
FNDA:0,(anonymous_27)
FNDA:0,(anonymous_28)
FNDA:0,(anonymous_29)
DA:27,0
DA:28,0
DA:29,0
DA:30,0
DA:31,0
DA:32,0
DA:33,0
DA:34,0
DA:35,0
DA:36,0
DA:38,0
DA:41,0
DA:42,0
DA:44,0
DA:47,0
DA:50,0
DA:54,0
DA:55,0
DA:56,0
DA:58,0
DA:59,0
DA:60,0
DA:63,0
DA:66,0
DA:74,0
DA:76,0
DA:77,0
DA:79,0
DA:83,0
DA:84,0
DA:106,0
DA:107,0
DA:108,0
DA:109,0
DA:111,0
DA:112,0
DA:113,0
DA:114,0
DA:115,0
DA:119,0
DA:120,0
DA:126,0
DA:127,0
DA:141,0
DA:144,0
DA:146,0
DA:150,0
DA:153,0
DA:155,0
DA:157,0
DA:158,0
DA:162,0
DA:163,0
DA:164,0
DA:165,0
DA:166,0
DA:170,0
DA:171,0
DA:174,0
DA:181,0
DA:182,0
DA:183,0
DA:185,0
DA:186,0
DA:187,0
DA:189,0
DA:192,0
DA:193,0
DA:203,0
DA:204,0
DA:205,0
DA:206,0
DA:208,0
DA:210,0
DA:213,0
DA:214,0
DA:229,0
DA:230,0
DA:234,0
DA:243,0
DA:249,0
DA:281,0
DA:314,0
DA:338,0
DA:388,0
DA:391,0
DA:422,0
DA:425,0
DA:443,0
DA:462,0
DA:489,0
DA:492,0
DA:494,0
DA:497,0
DA:499,0
DA:503,0
DA:556,0
DA:558,0
DA:560,0
DA:587,0
DA:611,0
DA:621,0
LF:102
LH:0
BRDA:28,0,0,0
BRDA:28,0,1,0
BRDA:28,1,0,0
BRDA:28,1,1,0
BRDA:30,2,0,0
BRDA:30,2,1,0
BRDA:34,3,0,0
BRDA:34,3,1,0
BRDA:41,4,0,0
BRDA:41,4,1,0
BRDA:44,5,0,0
BRDA:44,5,1,0
BRDA:109,6,0,0
BRDA:109,6,1,0
BRDA:112,7,0,0
BRDA:112,7,1,0
BRDA:126,8,0,0
BRDA:126,8,1,0
BRDA:134,9,0,0
BRDA:134,9,1,0
BRDA:135,10,0,0
BRDA:135,10,1,0
BRDA:136,11,0,0
BRDA:136,11,1,0
BRDA:137,12,0,0
BRDA:137,12,1,0
BRDA:138,13,0,0
BRDA:138,13,1,0
BRDA:153,14,0,0
BRDA:153,14,1,0
BRDA:157,15,0,0
BRDA:157,15,1,0
BRDA:163,16,0,0
BRDA:163,16,1,0
BRDA:165,17,0,0
BRDA:165,17,1,0
BRDA:170,18,0,0
BRDA:170,18,1,0
BRDA:182,19,0,0
BRDA:182,19,1,0
BRDA:186,20,0,0
BRDA:186,20,1,0
BRDA:205,21,0,0
BRDA:205,21,1,0
BRDA:213,22,0,0
BRDA:213,22,1,0
BRDA:229,23,0,0
BRDA:229,23,1,0
BRDA:285,24,0,0
BRDA:285,24,1,0
BRDA:288,25,0,0
BRDA:288,25,1,0
BRDA:321,26,0,0
BRDA:321,26,1,0
BRDA:326,27,0,0
BRDA:326,27,1,0
BRDA:329,28,0,0
BRDA:329,28,1,0
BRDA:375,29,0,0
BRDA:375,29,1,0
BRDA:389,30,0,0
BRDA:389,30,1,0
BRDA:406,31,0,0
BRDA:406,31,1,0
BRDA:423,32,0,0
BRDA:423,32,1,0
BRDA:441,33,0,0
BRDA:441,33,1,0
BRDA:448,34,0,0
BRDA:448,34,1,0
BRDA:453,35,0,0
BRDA:453,35,1,0
BRDA:461,36,0,0
BRDA:461,36,1,0
BRDA:467,37,0,0
BRDA:467,37,1,0
BRDA:472,38,0,0
BRDA:472,38,1,0
BRDA:485,39,0,0
BRDA:485,39,1,0
BRDA:492,40,0,0
BRDA:492,40,1,0
BRDA:494,41,0,0
BRDA:494,41,1,0
BRDA:494,42,0,0
BRDA:494,42,1,0
BRDA:509,43,0,0
BRDA:509,43,1,0
BRDA:512,44,0,0
BRDA:512,44,1,0
BRDA:524,45,0,0
BRDA:524,45,1,0
BRDA:529,46,0,0
BRDA:529,46,1,0
BRDA:556,47,0,0
BRDA:556,47,1,0
BRDA:558,48,0,0
BRDA:558,48,1,0
BRDA:564,49,0,0
BRDA:564,49,1,0
BRDA:570,50,0,0
BRDA:570,50,1,0
BRDA:597,51,0,0
BRDA:597,51,1,0
BRF:104
BRH:0
end_of_record
TN:
SF:components\AdBanner.tsx
FN:25,AdBanner
FNF:1
FNH:0
FNDA:0,AdBanner
DA:5,0
DA:6,0
DA:7,0
DA:9,0
DA:13,0
DA:14,0
DA:15,0
DA:16,0
DA:19,0
DA:23,0
DA:26,0
DA:27,0
DA:31,0
DA:32,0
DA:42,0
DA:55,0
LF:16
LH:0
BRDA:23,0,0,0
BRDA:23,0,1,0
BRDA:23,1,0,0
BRDA:23,1,1,0
BRDA:26,2,0,0
BRDA:26,2,1,0
BRDA:31,3,0,0
BRDA:31,3,1,0
BRDA:31,4,0,0
BRDA:31,4,1,0
BRF:10
BRH:0
end_of_record
TN:
SF:components\Logo.tsx
FN:4,Logo
FNF:1
FNH:0
FNDA:0,Logo
DA:5,0
DA:6,0
DA:8,0
DA:21,0
LF:4
LH:0
BRDA:4,0,0,0
BRDA:4,1,0,0
BRDA:5,2,0,0
BRDA:5,2,1,0
BRDA:5,3,0,0
BRDA:5,3,1,0
BRDA:6,4,0,0
BRDA:6,4,1,0
BRDA:6,5,0,0
BRDA:6,5,1,0
BRDA:14,6,0,0
BRDA:14,6,1,0
BRF:12
BRH:0
end_of_record
TN:
SF:components\RecipeCard.tsx
FN:12,RecipeCard
FN:33,(anonymous_1)
FNF:2
FNH:0
FNDA:0,RecipeCard
FNDA:0,(anonymous_1)
DA:13,0
DA:15,0
DA:34,0
DA:60,0
LF:4
LH:0
BRDA:26,0,0,0
BRDA:26,0,1,0
BRDA:33,1,0,0
BRDA:33,1,1,0
BRF:4
BRH:0
end_of_record
TN:
SF:components\external-link.tsx
FN:7,ExternalLink
FN:13,(anonymous_1)
FNF:2
FNH:0
FNDA:0,ExternalLink
FNDA:0,(anonymous_1)
DA:8,0
DA:14,0
DA:16,0
DA:18,0
LF:4
LH:0
BRDA:14,0,0,0
BRDA:14,0,1,0
BRF:2
BRH:0
end_of_record
TN:
SF:components\haptic-tab.tsx
FN:5,HapticTab
FN:9,(anonymous_1)
FNF:2
FNH:0
FNDA:0,HapticTab
FNDA:0,(anonymous_1)
DA:6,0
DA:10,0
DA:12,0
DA:14,0
LF:4
LH:0
BRDA:10,0,0,0
BRDA:10,0,1,0
BRF:2
BRH:0
end_of_record
TN:
SF:components\hello-wave.tsx
FN:3,HelloWave
FNF:1
FNH:0
FNDA:0,HelloWave
DA:4,0
LF:1
LH:0
BRF:0
BRH:0
end_of_record
TN:
SF:components\parallax-scroll-view.tsx
FN:21,ParallaxScrollView
FN:30,(anonymous_1)
FNF:2
FNH:0
FNDA:0,ParallaxScrollView
FNDA:0,(anonymous_1)
DA:14,0
DA:26,0
DA:27,0
DA:28,0
DA:29,0
DA:30,0
DA:31,0
DA:47,0
DA:65,0
LF:9
LH:0
BRDA:27,0,0,0
BRDA:27,0,1,0
BRF:2
BRH:0
end_of_record
TN:
SF:components\themed-text.tsx
FN:11,ThemedText
FNF:1
FNH:0
FNDA:0,ThemedText
DA:18,0
DA:20,0
DA:36,0
LF:3
LH:0
BRDA:15,0,0,0
BRDA:24,1,0,0
BRDA:24,1,1,0
BRDA:25,2,0,0
BRDA:25,2,1,0
BRDA:26,3,0,0
BRDA:26,3,1,0
BRDA:27,4,0,0
BRDA:27,4,1,0
BRDA:28,5,0,0
BRDA:28,5,1,0
BRF:11
BRH:0
end_of_record
TN:
SF:components\themed-view.tsx
FN:10,ThemedView
FNF:1
FNH:0
FNDA:0,ThemedView
DA:11,0
DA:13,0
LF:2
LH:0
BRF:0
BRH:0
end_of_record
TN:
SF:components\features\AiRecipeModal.tsx
FN:14,(anonymous_0)
FN:55,(anonymous_1)
FN:62,(anonymous_2)
FNF:3
FNH:0
FNDA:0,(anonymous_0)
FNDA:0,(anonymous_1)
FNDA:0,(anonymous_2)
DA:14,0
DA:15,0
DA:56,0
DA:63,0
DA:91,0
LF:5
LH:0
BRDA:31,0,0,0
BRDA:31,0,1,0
BRDA:37,1,0,0
BRDA:37,1,1,0
BRF:4
BRH:0
end_of_record
TN:
SF:components\features\SortModal.tsx
FN:17,(anonymous_0)
FN:52,(anonymous_1)
FN:63,(anonymous_2)
FNF:3
FNH:0
FNDA:0,(anonymous_0)
FNDA:0,(anonymous_1)
FNDA:0,(anonymous_2)
DA:17,0
DA:23,0
DA:25,0
DA:32,0
DA:53,0
DA:64,0
DA:65,0
DA:102,0
LF:8
LH:0
BRDA:49,0,0,0
BRDA:49,0,1,0
BRDA:58,1,0,0
BRDA:58,1,1,0
BRDA:73,2,0,0
BRDA:73,2,1,0
BRDA:81,3,0,0
BRDA:81,3,1,0
BRDA:85,4,0,0
BRDA:85,4,1,0
BRDA:91,5,0,0
BRDA:91,5,1,0
BRF:12
BRH:0
end_of_record
TN:
SF:components\feedback\EmptyState.tsx
FN:16,EmptyState
FNF:1
FNH:0
FNDA:0,EmptyState
DA:17,0
DA:19,0
DA:44,0
LF:3
LH:0
BRDA:21,0,0,0
BRDA:21,0,1,0
BRDA:32,1,0,0
BRDA:32,1,1,0
BRDA:37,2,0,0
BRDA:37,2,1,0
BRDA:37,2,2,0
BRF:7
BRH:0
end_of_record
TN:
SF:components\feedback\ErrorState.tsx
FN:14,ErrorState
FNF:1
FNH:0
FNDA:0,ErrorState
DA:15,0
DA:17,0
DA:38,0
LF:3
LH:0
BRDA:14,0,0,0
BRDA:31,1,0,0
BRDA:31,1,1,0
BRF:3
BRH:0
end_of_record
TN:
SF:components\feedback\GlobalErrorBoundary.tsx
FN:16,(anonymous_0)
FN:21,(anonymous_1)
FN:25,(anonymous_2)
FN:29,(anonymous_3)
FN:38,(anonymous_4)
FNF:5
FNH:0
FNDA:0,(anonymous_0)
FNDA:0,(anonymous_1)
FNDA:0,(anonymous_2)
FNDA:0,(anonymous_3)
FNDA:0,(anonymous_4)
DA:17,0
DA:18,0
DA:22,0
DA:26,0
DA:29,0
DA:30,0
DA:31,0
DA:34,0
DA:39,0
DA:40,0
DA:63,0
DA:67,0
LF:12
LH:0
BRDA:39,0,0,0
BRDA:39,0,1,0
BRDA:47,1,0,0
BRDA:47,1,1,0
BRF:4
BRH:0
end_of_record
TN:
SF:components\feedback\LoadingOverlay.tsx
FN:6,LoadingOverlay
FNF:1
FNH:0
FNDA:0,LoadingOverlay
DA:7,0
DA:8,0
DA:10,0
DA:12,0
DA:42,0
LF:5
LH:0
BRDA:10,0,0,0
BRDA:10,0,1,0
BRDA:24,1,0,0
BRDA:24,1,1,0
BRF:4
BRH:0
end_of_record
TN:
SF:components\feedback\OfflineBanner.tsx
FN:11,OfflineBanner
FNF:1
FNH:0
FNDA:0,OfflineBanner
DA:12,0
DA:14,0
DA:16,0
DA:30,0
LF:4
LH:0
BRDA:14,0,0,0
BRDA:14,0,1,0
BRF:2
BRH:0
end_of_record
TN:
SF:components\feedback\Skeleton.tsx
FN:12,Skeleton
FN:21,(anonymous_1)
FNF:2
FNH:0
FNDA:0,Skeleton
FNDA:0,(anonymous_1)
DA:18,0
DA:19,0
DA:21,0
DA:22,0
DA:38,0
LF:5
LH:0
BRDA:13,0,0,0
BRDA:14,1,0,0
BRDA:44,2,0,0
BRDA:44,2,1,0
BRF:4
BRH:0
end_of_record
TN:
SF:components\feedback\ToastConfig.tsx
FN:11,(anonymous_0)
FN:25,(anonymous_1)
FN:37,(anonymous_2)
FN:49,(anonymous_3)
FNF:4
FNH:0
FNDA:0,(anonymous_0)
FNDA:0,(anonymous_1)
FNDA:0,(anonymous_2)
FNDA:0,(anonymous_3)
DA:10,0
DA:12,0
DA:26,0
DA:38,0
DA:50,0
DA:68,0
LF:6
LH:0
BRDA:53,0,0,0
BRDA:53,0,1,0
BRDA:55,1,0,0
BRDA:55,1,1,0
BRF:4
BRH:0
end_of_record
TN:
SF:components\leaderboard\LeaderboardRow.tsx
FN:14,LeaderboardRow
FNF:1
FNH:0
FNDA:0,LeaderboardRow
DA:14,0
DA:20,0
DA:22,0
DA:24,0
DA:99,0
LF:5
LH:0
BRDA:22,0,0,0
BRDA:22,0,1,0
BRDA:22,1,0,0
BRDA:22,1,1,0
BRDA:28,2,0,0
BRDA:28,2,1,0
BRDA:31,3,0,0
BRDA:31,3,1,0
BRDA:31,4,0,0
BRDA:31,4,1,0
BRDA:40,5,0,0
BRDA:40,5,1,0
BRDA:50,6,0,0
BRDA:50,6,1,0
BRDA:62,7,0,0
BRDA:62,7,1,0
BRDA:66,8,0,0
BRDA:66,8,1,0
BRDA:68,9,0,0
BRDA:68,9,1,0
BRDA:77,10,0,0
BRDA:77,10,1,0
BRF:22
BRH:0
end_of_record
TN:
SF:components\leaderboard\MyRankCard.tsx
FN:13,MyRankCard
FNF:1
FNH:0
FNDA:0,MyRankCard
DA:14,0
DA:15,0
DA:17,0
DA:19,0
DA:21,0
DA:69,0
LF:6
LH:0
BRDA:17,0,0,0
BRDA:17,0,1,0
BRDA:17,1,0,0
BRDA:17,1,1,0
BRDA:19,2,0,0
BRDA:19,2,1,0
BRDA:19,3,0,0
BRDA:19,3,1,0
BRDA:19,4,0,0
BRDA:19,4,1,0
BRDA:42,5,0,0
BRDA:42,5,1,0
BRDA:48,6,0,0
BRDA:48,6,1,0
BRDA:51,7,0,0
BRDA:51,7,1,0
BRF:16
BRH:0
end_of_record
TN:
SF:components\leaderboard\Podium.tsx
FN:13,Podium
FN:22,(anonymous_1)
FNF:2
FNH:0
FNDA:0,Podium
FNDA:0,(anonymous_1)
DA:14,0
DA:18,0
DA:19,0
DA:20,0
DA:22,0
DA:26,0
DA:28,0
DA:29,0
DA:30,0
DA:33,0
DA:34,0
DA:35,0
DA:36,0
DA:38,0
DA:40,0
DA:96,0
DA:110,0
LF:17
LH:0
BRDA:26,0,0,0
BRDA:26,0,1,0
BRDA:33,1,0,0
BRDA:33,1,1,0
BRDA:33,2,0,0
BRDA:33,2,1,0
BRDA:34,3,0,0
BRDA:34,3,1,0
BRDA:35,4,0,0
BRDA:35,4,1,0
BRDA:35,5,0,0
BRDA:35,5,1,0
BRDA:36,6,0,0
BRDA:36,6,1,0
BRDA:36,7,0,0
BRDA:36,7,1,0
BRDA:38,8,0,0
BRDA:38,8,1,0
BRDA:38,9,0,0
BRDA:38,9,1,0
BRDA:43,10,0,0
BRDA:43,10,1,0
BRDA:47,11,0,0
BRDA:47,11,1,0
BRDA:70,12,0,0
BRDA:70,12,1,0
BRDA:87,13,0,0
BRDA:87,13,1,0
BRF:28
BRH:0
end_of_record
TN:
SF:components\ui\Button.tsx
FN:17,Button
FN:30,(anonymous_1)
FN:42,(anonymous_2)
FN:54,(anonymous_3)
FN:59,(anonymous_4)
FNF:5
FNH:0
FNDA:0,Button
FNDA:0,(anonymous_1)
FNDA:0,(anonymous_2)
FNDA:0,(anonymous_3)
FNDA:0,(anonymous_4)
DA:28,0
DA:30,0
DA:31,0
DA:32,0
DA:33,0
DA:34,0
DA:35,0
DA:36,0
DA:37,0
DA:38,0
DA:42,0
DA:43,0
DA:44,0
DA:45,0
DA:46,0
DA:47,0
DA:48,0
DA:49,0
DA:50,0
DA:54,0
DA:55,0
DA:56,0
DA:59,0
DA:60,0
DA:61,0
DA:62,0
DA:63,0
DA:67,0
DA:103,0
LF:29
LH:0
BRDA:20,0,0,0
BRDA:21,1,0,0
BRDA:22,2,0,0
BRDA:23,3,0,0
BRDA:31,4,0,0
BRDA:31,4,1,0
BRDA:32,5,0,0
BRDA:32,5,1,0
BRDA:32,5,2,0
BRDA:32,5,3,0
BRDA:32,5,4,0
BRDA:32,5,5,0
BRDA:43,6,0,0
BRDA:43,6,1,0
BRDA:44,7,0,0
BRDA:44,7,1,0
BRDA:44,7,2,0
BRDA:44,7,3,0
BRDA:44,7,4,0
BRDA:44,7,5,0
BRDA:55,8,0,0
BRDA:55,8,1,0
BRDA:55,9,0,0
BRDA:55,9,1,0
BRDA:60,10,0,0
BRDA:60,10,1,0
BRDA:60,10,2,0
BRDA:70,11,0,0
BRDA:70,11,1,0
BRDA:76,12,0,0
BRDA:76,12,1,0
BRDA:83,13,0,0
BRDA:83,13,1,0
BRDA:91,14,0,0
BRDA:91,14,1,0
BRDA:92,15,0,0
BRDA:92,15,1,0
BRF:37
BRH:0
end_of_record
TN:
SF:components\ui\Card.tsx
FN:12,Card
FN:15,(anonymous_1)
FNF:2
FNH:0
FNDA:0,Card
FNDA:0,(anonymous_1)
DA:13,0
DA:15,0
DA:16,0
DA:22,0
DA:23,0
DA:25,0
DA:26,0
DA:29,0
DA:32,0
DA:33,0
DA:40,0
LF:11
LH:0
BRDA:12,0,0,0
BRDA:22,1,0,0
BRDA:22,1,1,0
BRDA:25,2,0,0
BRDA:25,2,1,0
BRDA:32,3,0,0
BRDA:32,3,1,0
BRF:7
BRH:0
end_of_record
TN:
SF:components\ui\Chip.tsx
FN:12,Chip
FNF:1
FNH:0
FNDA:0,Chip
DA:13,0
DA:15,0
DA:43,0
LF:3
LH:0
BRDA:12,0,0,0
BRDA:22,1,0,0
BRDA:22,1,1,0
BRDA:23,2,0,0
BRDA:23,2,1,0
BRDA:34,3,0,0
BRDA:34,3,1,0
BRDA:34,4,0,0
BRDA:34,4,1,0
BRF:9
BRH:0
end_of_record
TN:
SF:components\ui\Divider.tsx
FN:9,Divider
FNF:1
FNH:0
FNDA:0,Divider
DA:10,0
DA:11,0
LF:2
LH:0
BRF:0
BRH:0
end_of_record
TN:
SF:components\ui\IconButton.tsx
FN:15,IconButton
FN:25,(anonymous_1)
FN:34,(anonymous_2)
FNF:3
FNH:0
FNDA:0,IconButton
FNDA:0,(anonymous_1)
FNDA:0,(anonymous_2)
DA:23,0
DA:25,0
DA:26,0
DA:27,0
DA:28,0
DA:29,0
DA:30,0
DA:34,0
DA:35,0
DA:36,0
DA:37,0
DA:38,0
DA:39,0
DA:40,0
DA:44,0
LF:15
LH:0
BRDA:18,0,0,0
BRDA:20,1,0,0
BRDA:26,2,0,0
BRDA:26,2,1,0
BRDA:26,2,2,0
BRDA:26,2,3,0
BRDA:35,3,0,0
BRDA:35,3,1,0
BRDA:36,4,0,0
BRDA:36,4,1,0
BRDA:36,4,2,0
BRDA:36,4,3,0
BRF:12
BRH:0
end_of_record
TN:
SF:components\ui\Input.tsx
FN:15,(anonymous_0)
FNF:1
FNH:0
FNDA:0,(anonymous_0)
DA:15,0
DA:25,0
DA:27,0
DA:76,0
LF:4
LH:0
BRDA:29,0,0,0
BRDA:29,0,1,0
BRDA:39,1,0,0
BRDA:39,1,1,0
BRDA:44,2,0,0
BRDA:44,2,1,0
BRDA:58,3,0,0
BRDA:58,3,1,0
BRDA:67,4,0,0
BRDA:67,4,1,0
BRF:10
BRH:0
end_of_record
TN:
SF:components\ui\LevelPill.tsx
FN:10,LevelPill
FNF:1
FNH:0
FNDA:0,LevelPill
DA:11,0
DA:13,0
DA:31,0
LF:3
LH:0
BRF:0
BRH:0
end_of_record
TN:
SF:components\ui\OfflineBanner.tsx
FN:12,OfflineBanner
FN:18,(anonymous_1)
FN:24,(anonymous_2)
FN:42,(anonymous_3)
FNF:4
FNH:0
FNDA:0,OfflineBanner
FNDA:0,(anonymous_1)
FNDA:0,(anonymous_2)
FNDA:0,(anonymous_3)
DA:16,0
DA:18,0
DA:19,0
DA:24,0
DA:25,0
DA:26,0
DA:29,0
DA:31,0
DA:43,0
DA:44,0
DA:53,0
LF:11
LH:0
BRDA:13,0,0,0
BRDA:29,1,0,0
BRDA:29,1,1,0
BRDA:41,2,0,0
BRDA:41,2,1,0
BRF:5
BRH:0
end_of_record
TN:
SF:components\ui\ProgressBar.tsx
FN:13,ProgressBar
FNF:1
FNH:0
FNDA:0,ProgressBar
DA:14,0
DA:16,0
DA:38,0
LF:3
LH:0
BRDA:13,0,0,0
BRDA:21,1,0,0
BRDA:21,1,1,0
BRDA:30,2,0,0
BRDA:30,2,1,0
BRF:5
BRH:0
end_of_record
TN:
SF:components\ui\RecipeCardUI.tsx
FN:20,RecipeCardUI
FNF:1
FNH:0
FNDA:0,RecipeCardUI
DA:31,0
DA:33,0
DA:101,0
LF:3
LH:0
BRDA:37,0,0,0
BRDA:37,0,1,0
BRDA:41,1,0,0
BRDA:41,1,1,0
BRDA:46,2,0,0
BRDA:46,2,1,0
BRDA:61,3,0,0
BRDA:61,3,1,0
BRDA:63,4,0,0
BRDA:63,4,1,0
BRDA:87,5,0,0
BRDA:87,5,1,0
BRF:12
BRH:0
end_of_record
TN:
SF:components\ui\SearchInput.tsx
FN:16,(anonymous_0)
FNF:1
FNH:0
FNDA:0,(anonymous_0)
DA:15,0
DA:27,0
DA:29,0
LF:3
LH:0
BRDA:21,0,0,0
BRDA:36,1,0,0
BRDA:36,1,1,0
BRDA:36,2,0,0
BRDA:36,2,1,0
BRF:5
BRH:0
end_of_record
TN:
SF:components\ui\SectionHeader.tsx
FN:12,SectionHeader
FNF:1
FNH:0
FNDA:0,SectionHeader
DA:13,0
DA:15,0
DA:27,0
LF:3
LH:0
BRDA:18,0,0,0
BRDA:18,0,1,0
BRDA:18,0,2,0
BRF:3
BRH:0
end_of_record
TN:
SF:components\ui\SegmentedControl.tsx
FN:12,SegmentedControl
FN:25,(anonymous_1)
FN:30,(anonymous_2)
FNF:3
FNH:0
FNDA:0,SegmentedControl
FNDA:0,(anonymous_1)
FNDA:0,(anonymous_2)
DA:13,0
DA:15,0
DA:26,0
DA:27,0
DA:30,0
DA:55,0
LF:6
LH:0
BRDA:34,0,0,0
BRDA:34,0,1,0
BRDA:36,1,0,0
BRDA:36,1,1,0
BRDA:38,2,0,0
BRDA:38,2,1,0
BRDA:44,3,0,0
BRDA:44,3,1,0
BRDA:44,4,0,0
BRDA:44,4,1,0
BRF:10
BRH:0
end_of_record
TN:
SF:components\ui\XPBadge.tsx
FN:10,XPBadge
FNF:1
FNH:0
FNDA:0,XPBadge
DA:11,0
DA:13,0
DA:31,0
LF:3
LH:0
BRF:0
BRH:0
end_of_record
TN:
SF:components\ui\collapsible.tsx
FN:10,Collapsible
FN:18,(anonymous_1)
FN:18,(anonymous_2)
FNF:3
FNH:0
FNDA:0,Collapsible
FNDA:0,(anonymous_1)
FNDA:0,(anonymous_2)
DA:11,0
DA:12,0
DA:14,0
DA:18,0
DA:35,0
LF:5
LH:0
BRDA:12,0,0,0
BRDA:12,0,1,0
BRDA:24,1,0,0
BRDA:24,1,1,0
BRDA:25,2,0,0
BRDA:25,2,1,0
BRDA:30,3,0,0
BRDA:30,3,1,0
BRF:8
BRH:0
end_of_record
TN:
SF:components\ui\icon-symbol.ios.tsx
FN:4,IconSymbol
FNF:1
FNH:0
FNDA:0,IconSymbol
DA:17,0
LF:1
LH:0
BRDA:6,0,0,0
BRDA:9,1,0,0
BRF:2
BRH:0
end_of_record
TN:
SF:components\ui\icon-symbol.tsx
FN:28,IconSymbol
FNF:1
FNH:0
FNDA:0,IconSymbol
DA:16,0
DA:40,0
LF:2
LH:0
BRDA:30,0,0,0
BRF:1
BRH:0
end_of_record
TN:
SF:constants\gamification.ts
FN:121,(anonymous_0)
FN:130,(anonymous_1)
FN:132,(anonymous_2)
FNF:3
FNH:0
FNDA:0,(anonymous_0)
FNDA:0,(anonymous_1)
FNDA:0,(anonymous_2)
DA:10,0
DA:93,0
DA:121,0
DA:122,0
DA:123,0
DA:124,0
DA:127,0
DA:130,0
DA:131,0
DA:132,0
LF:10
LH:0
BRDA:123,0,0,0
BRDA:123,0,1,0
BRDA:132,1,0,0
BRDA:132,1,1,0
BRF:4
BRH:0
end_of_record
TN:
SF:constants\theme.ts
FNF:0
FNH:0
DA:8,0
DA:9,0
DA:11,0
DA:30,0
LF:4
LH:0
BRF:0
BRH:0
end_of_record
TN:
SF:data\recipes.ts
FNF:0
FNH:0
DA:3,0
DA:14,0
LF:2
LH:0
BRF:0
BRH:0
end_of_record
TN:
SF:engines\cookingEngine.ts
FN:60,startCookingSession
FN:76,processCookingAction
FN:121,(anonymous_2)
FN:164,mapVoiceCommandToAction
FN:191,extractTimersFromSteps
FN:196,(anonymous_5)
FN:213,checkCompletionBadges
FNF:7
FNH:0
FNDA:0,startCookingSession
FNDA:0,processCookingAction
FNDA:0,(anonymous_2)
FNDA:0,mapVoiceCommandToAction
FNDA:0,extractTimersFromSteps
FNDA:0,(anonymous_5)
FNDA:0,checkCompletionBadges
DA:49,0
DA:50,0
DA:51,0
DA:61,0
DA:81,0
DA:82,0
DA:83,0
DA:84,0
DA:86,0
DA:88,0
DA:90,0
DA:91,0
DA:92,0
DA:94,0
DA:95,0
DA:98,0
DA:104,0
DA:107,0
DA:108,0
DA:110,0
DA:113,0
DA:114,0
DA:115,0
DA:117,0
DA:120,0
DA:121,0
DA:122,0
DA:124,0
DA:127,0
DA:128,0
DA:129,0
DA:132,0
DA:135,0
DA:137,0
DA:139,0
DA:141,0
DA:142,0
DA:143,0
DA:148,0
DA:150,0
DA:153,0
DA:167,0
DA:169,0
DA:170,0
DA:172,0
DA:173,0
DA:175,0
DA:178,0
DA:180,0
DA:181,0
DA:184,0
DA:194,0
DA:196,0
DA:198,0
DA:199,0
DA:200,0
DA:210,0
DA:214,0
DA:216,0
DA:218,0
DA:219,0
DA:221,0
LF:62
LH:0
BRDA:86,0,0,0
BRDA:86,0,1,0
BRDA:86,0,2,0
BRDA:86,0,3,0
BRDA:86,0,4,0
BRDA:88,1,0,0
BRDA:88,1,1,0
BRDA:90,2,0,0
BRDA:90,2,1,0
BRDA:107,3,0,0
BRDA:107,3,1,0
BRDA:114,4,0,0
BRDA:114,4,1,0
BRDA:114,5,0,0
BRDA:114,5,1,0
BRDA:122,6,0,0
BRDA:122,6,1,0
BRDA:127,7,0,0
BRDA:127,7,1,0
BRDA:135,8,0,0
BRDA:135,8,1,0
BRDA:137,9,0,0
BRDA:137,9,1,0
BRDA:141,10,0,0
BRDA:141,10,1,0
BRDA:169,11,0,0
BRDA:169,11,1,0
BRDA:169,12,0,0
BRDA:169,12,1,0
BRDA:169,12,2,0
BRDA:172,13,0,0
BRDA:172,13,1,0
BRDA:172,14,0,0
BRDA:172,14,1,0
BRDA:172,14,2,0
BRDA:175,15,0,0
BRDA:175,15,1,0
BRDA:175,16,0,0
BRDA:175,16,1,0
BRDA:180,17,0,0
BRDA:180,17,1,0
BRDA:180,18,0,0
BRDA:180,18,1,0
BRDA:199,19,0,0
BRDA:199,19,1,0
BRDA:218,20,0,0
BRDA:218,20,1,0
BRDA:219,21,0,0
BRDA:219,21,1,0
BRF:49
BRH:0
end_of_record
TN:
SF:engines\gamificationEngine.ts
FN:40,(anonymous_0)
FN:49,(anonymous_1)
FN:58,(anonymous_2)
FN:67,(anonymous_3)
FN:76,(anonymous_4)
FN:85,(anonymous_5)
FN:94,(anonymous_6)
FN:103,(anonymous_7)
FN:112,(anonymous_8)
FN:121,(anonymous_9)
FN:130,(anonymous_10)
FN:139,(anonymous_11)
FN:148,(anonymous_12)
FN:159,calculateLevel
FN:175,updateStats
FN:260,calculateXPAward
FN:322,processGamificationEvent
FN:343,(anonymous_17)
FN:360,(anonymous_18)
FN:370,(anonymous_19)
FNF:20
FNH:0
FNDA:0,(anonymous_0)
FNDA:0,(anonymous_1)
FNDA:0,(anonymous_2)
FNDA:0,(anonymous_3)
FNDA:0,(anonymous_4)
FNDA:0,(anonymous_5)
FNDA:0,(anonymous_6)
FNDA:0,(anonymous_7)
FNDA:0,(anonymous_8)
FNDA:0,(anonymous_9)
FNDA:0,(anonymous_10)
FNDA:0,(anonymous_11)
FNDA:0,(anonymous_12)
FNDA:0,calculateLevel
FNDA:0,updateStats
FNDA:0,calculateXPAward
FNDA:0,processGamificationEvent
FNDA:0,(anonymous_17)
FNDA:0,(anonymous_18)
FNDA:0,(anonymous_19)
DA:13,0
DA:26,0
DA:32,0
DA:40,0
DA:49,0
DA:58,0
DA:67,0
DA:76,0
DA:85,0
DA:94,0
DA:103,0
DA:112,0
DA:121,0
DA:130,0
DA:139,0
DA:148,0
DA:161,0
DA:162,0
DA:163,0
DA:169,0
DA:179,0
DA:180,0
DA:182,0
DA:183,0
DA:184,0
DA:187,0
DA:188,0
DA:191,0
DA:192,0
DA:193,0
DA:196,0
DA:199,0
DA:201,0
DA:206,0
DA:209,0
DA:210,0
DA:211,0
DA:213,0
DA:217,0
DA:220,0
DA:223,0
DA:224,0
DA:228,0
DA:232,0
DA:236,0
DA:240,0
DA:241,0
DA:242,0
DA:243,0
DA:244,0
DA:246,0
DA:247,0
DA:248,0
DA:249,0
DA:250,0
DA:251,0
DA:254,0
DA:264,0
DA:266,0
DA:267,0
DA:270,0
DA:271,0
DA:275,0
DA:276,0
DA:295,0
DA:300,0
DA:303,0
DA:304,0
DA:307,0
DA:308,0
DA:309,0
DA:312,0
DA:313,0
DA:316,0
DA:326,0
DA:328,0
DA:331,0
DA:334,0
DA:337,0
DA:338,0
DA:342,0
DA:343,0
DA:344,0
DA:345,0
DA:346,0
DA:347,0
DA:353,0
DA:354,0
DA:355,0
DA:357,0
DA:358,0
DA:359,0
DA:360,0
DA:361,0
DA:364,0
DA:370,0
LF:96
LH:0
BRDA:94,0,0,0
BRDA:94,0,1,0
BRDA:162,1,0,0
BRDA:162,1,1,0
BRDA:182,2,0,0
BRDA:182,2,1,0
BRDA:187,3,0,0
BRDA:187,3,1,0
BRDA:191,4,0,0
BRDA:191,4,1,0
BRDA:192,5,0,0
BRDA:192,5,1,0
BRDA:192,6,0,0
BRDA:192,6,1,0
BRDA:199,7,0,0
BRDA:199,7,1,0
BRDA:201,8,0,0
BRDA:201,8,1,0
BRDA:201,8,2,0
BRDA:206,9,0,0
BRDA:206,9,1,0
BRDA:209,10,0,0
BRDA:209,10,1,0
BRDA:210,11,0,0
BRDA:210,11,1,0
BRDA:223,12,0,0
BRDA:223,12,1,0
BRDA:228,13,0,0
BRDA:228,13,1,0
BRDA:229,14,0,0
BRDA:229,14,1,0
BRDA:240,15,0,0
BRDA:240,15,1,0
BRDA:241,16,0,0
BRDA:241,16,1,0
BRDA:243,17,0,0
BRDA:243,17,1,0
BRDA:246,18,0,0
BRDA:246,18,1,0
BRDA:248,19,0,0
BRDA:248,19,1,0
BRDA:250,20,0,0
BRDA:250,20,1,0
BRDA:266,21,0,0
BRDA:266,21,1,0
BRDA:270,22,0,0
BRDA:270,22,1,0
BRDA:275,23,0,0
BRDA:275,23,1,0
BRDA:303,24,0,0
BRDA:303,24,1,0
BRDA:303,25,0,0
BRDA:303,25,1,0
BRDA:308,26,0,0
BRDA:308,26,1,0
BRDA:312,27,0,0
BRDA:312,27,1,0
BRDA:328,28,0,0
BRDA:328,28,1,0
BRDA:337,29,0,0
BRDA:337,29,1,0
BRDA:344,30,0,0
BRDA:344,30,1,0
BRDA:345,31,0,0
BRDA:345,31,1,0
BRDA:358,32,0,0
BRDA:358,32,1,0
BRDA:359,33,0,0
BRDA:359,33,1,0
BRF:69
BRH:0
end_of_record
TN:
SF:hooks\use-color-scheme.ts
FNF:0
FNH:0
LF:0
LH:0
BRF:0
BRH:0
end_of_record
TN:
SF:hooks\use-color-scheme.web.ts
FN:7,useColorScheme
FN:10,(anonymous_1)
FNF:2
FNH:0
FNDA:0,useColorScheme
FNDA:0,(anonymous_1)
DA:8,0
DA:10,0
DA:11,0
DA:14,0
DA:16,0
DA:17,0
DA:20,0
LF:7
LH:0
BRDA:16,0,0,0
BRDA:16,0,1,0
BRF:2
BRH:0
end_of_record
TN:
SF:hooks\use-theme-color.ts
FN:9,useThemeColor
FNF:1
FNH:0
FNDA:0,useThemeColor
DA:13,0
DA:14,0
DA:16,0
DA:17,0
DA:19,0
LF:5
LH:0
BRDA:13,0,0,0
BRDA:13,0,1,0
BRDA:16,1,0,0
BRDA:16,1,1,0
BRF:4
BRH:0
end_of_record
TN:
SF:hooks\useCameraPermissions.ts
FN:6,useAppPermissions
FN:11,(anonymous_1)
FN:29,(anonymous_2)
FN:35,(anonymous_3)
FN:52,(anonymous_4)
FNF:5
FNH:0
FNDA:0,useAppPermissions
FNDA:0,(anonymous_1)
FNDA:0,(anonymous_2)
FNDA:0,(anonymous_3)
FNDA:0,(anonymous_4)
DA:7,0
DA:8,0
DA:9,0
DA:11,0
DA:12,0
DA:13,0
DA:16,0
DA:17,0
DA:18,0
DA:19,0
DA:20,0
DA:24,0
DA:29,0
DA:32,0
DA:35,0
DA:36,0
DA:37,0
DA:40,0
DA:41,0
DA:42,0
DA:43,0
DA:44,0
DA:47,0
DA:52,0
DA:55,0
DA:58,0
LF:26
LH:0
BRDA:12,0,0,0
BRDA:12,0,1,0
BRDA:16,1,0,0
BRDA:16,1,1,0
BRDA:36,2,0,0
BRDA:36,2,1,0
BRDA:40,3,0,0
BRDA:40,3,1,0
BRF:8
BRH:0
end_of_record
TN:
SF:hooks\useOfflineStatus.ts
FN:4,useOfflineStatus
FN:8,(anonymous_1)
FN:9,(anonymous_2)
FN:18,(anonymous_3)
FNF:4
FNH:0
FNDA:0,useOfflineStatus
FNDA:0,(anonymous_1)
FNDA:0,(anonymous_2)
FNDA:0,(anonymous_3)
DA:5,0
DA:6,0
DA:8,0
DA:9,0
DA:10,0
DA:12,0
DA:14,0
DA:15,0
DA:18,0
DA:21,0
LF:10
LH:0
BRF:0
BRH:0
end_of_record
TN:
SF:i18n\index.ts
FN:512,(anonymous_0)
FNF:1
FNH:0
FNDA:0,(anonymous_0)
DA:4,0
DA:505,0
DA:506,0
DA:507,0
DA:508,0
DA:511,0
DA:512,0
DA:514,0
DA:515,0
DA:516,0
DA:517,0
DA:519,0
DA:520,0
DA:521,0
DA:523,0
DA:524,0
DA:528,0
DA:529,0
DA:535,0
DA:536,0
DA:537,0
DA:541,0
LF:22
LH:0
BRDA:505,0,0,0
BRDA:505,0,1,0
BRDA:514,1,0,0
BRDA:514,1,1,0
BRDA:515,2,0,0
BRDA:515,2,1,0
BRDA:520,3,0,0
BRDA:520,3,1,0
BRDA:520,4,0,0
BRDA:520,4,1,0
BRDA:520,4,2,0
BRDA:528,5,0,0
BRDA:528,5,1,0
BRDA:536,6,0,0
BRDA:536,6,1,0
BRDA:536,7,0,0
BRDA:536,7,1,0
BRF:17
BRH:0
end_of_record
TN:
SF:lib\supabase.ts
FN:11,(anonymous_0)
FNF:1
FNH:0
FNDA:0,(anonymous_0)
DA:7,0
DA:8,0
DA:11,0
DA:13,0
DA:14,0
DA:16,0
DA:17,0
DA:20,0
LF:8
LH:0
BRDA:11,0,0,0
BRDA:11,0,1,0
BRDA:11,0,2,0
BRDA:13,1,0,0
BRDA:13,1,1,0
BRDA:14,2,0,0
BRDA:14,2,1,0
BRDA:16,3,0,0
BRDA:16,3,1,0
BRF:9
BRH:0
end_of_record
TN:
SF:models\recipe.ts
FNF:0
FNH:0
LF:0
LH:0
BRF:0
BRH:0
end_of_record
TN:
SF:selectors\gamificationSelectors.ts
FN:10,(anonymous_0)
FN:43,(anonymous_1)
FN:44,(anonymous_2)
FN:44,(anonymous_3)
FN:55,(anonymous_4)
FN:56,(anonymous_5)
FN:57,(anonymous_6)
FN:58,(anonymous_7)
FN:59,(anonymous_8)
FN:60,(anonymous_9)
FNF:10
FNH:0
FNDA:0,(anonymous_0)
FNDA:0,(anonymous_1)
FNDA:0,(anonymous_2)
FNDA:0,(anonymous_3)
FNDA:0,(anonymous_4)
FNDA:0,(anonymous_5)
FNDA:0,(anonymous_6)
FNDA:0,(anonymous_7)
FNDA:0,(anonymous_8)
FNDA:0,(anonymous_9)
DA:10,0
DA:15,0
DA:21,0
DA:23,0
DA:25,0
DA:26,0
DA:28,0
DA:31,0
DA:32,0
DA:34,0
DA:35,0
DA:37,0
DA:43,0
DA:44,0
DA:55,0
DA:56,0
DA:57,0
DA:58,0
DA:59,0
DA:60,0
DA:62,0
LF:21
LH:0
BRDA:15,0,0,0
BRDA:15,0,1,0
BRF:2
BRH:0
end_of_record
TN:
SF:services\aiRecipes.ts
FN:32,(anonymous_0)
FN:36,(anonymous_1)
FN:40,(anonymous_2)
FN:44,(anonymous_3)
FN:53,(anonymous_4)
FN:57,(anonymous_5)
FN:87,(anonymous_6)
FN:123,(anonymous_7)
FN:192,(anonymous_8)
FNF:9
FNH:9
FNDA:4,(anonymous_0)
FNDA:4,(anonymous_1)
FNDA:4,(anonymous_2)
FNDA:4,(anonymous_3)
FNDA:4,(anonymous_4)
FNDA:4,(anonymous_5)
FNDA:2,(anonymous_6)
FNDA:4,(anonymous_7)
FNDA:6,(anonymous_8)
DA:6,2
DA:11,2
DA:17,2
DA:22,2
DA:28,2
DA:32,4
DA:36,4
DA:40,4
DA:44,4
DA:47,2
DA:53,4
DA:57,4
DA:90,2
DA:102,2
DA:109,2
DA:110,2
DA:111,2
DA:112,2
DA:113,2
DA:116,1
DA:128,4
DA:138,4
DA:142,4
DA:181,4
DA:182,4
DA:183,4
DA:184,4
DA:185,4
DA:188,0
DA:194,6
DA:196,6
DA:198,6
DA:199,6
DA:200,6
DA:201,6
DA:203,6
DA:207,2
LF:37
LH:36
BRDA:32,0,0,4
BRDA:32,0,1,0
BRDA:36,1,0,4
BRDA:36,1,1,0
BRDA:40,2,0,4
BRDA:40,2,1,0
BRDA:44,3,0,4
BRDA:44,3,1,0
BRDA:53,4,0,4
BRDA:53,4,1,0
BRDA:57,5,0,4
BRDA:57,5,1,0
BRDA:125,6,0,1
BRDA:128,7,0,1
BRDA:128,7,1,3
BRDA:130,8,0,1
BRDA:130,8,1,0
BRDA:131,9,0,1
BRDA:131,9,1,1
BRDA:132,10,0,1
BRDA:132,10,1,0
BRDA:133,11,0,1
BRDA:133,11,1,1
BRDA:138,12,0,1
BRDA:138,12,1,3
BRDA:200,13,0,6
BRDA:200,13,1,0
BRDA:200,14,0,6
BRDA:200,14,1,6
BRF:29
BRH:20
end_of_record
TN:
SF:services\geminiClient.ts
FN:19,(anonymous_0)
FN:29,(anonymous_1)
FN:38,(anonymous_2)
FN:39,(anonymous_3)
FN:63,(anonymous_4)
FNF:5
FNH:1
FNDA:1,(anonymous_0)
FNDA:0,(anonymous_1)
FNDA:0,(anonymous_2)
FNDA:0,(anonymous_3)
FNDA:0,(anonymous_4)
DA:3,1
DA:5,1
DA:6,1
DA:9,1
DA:12,1
DA:13,1
DA:14,1
DA:20,1
DA:30,0
DA:32,0
DA:34,0
DA:35,0
DA:36,0
DA:39,0
DA:43,0
DA:44,0
DA:46,0
DA:47,0
DA:50,0
DA:53,0
DA:55,0
DA:60,0
DA:61,0
DA:62,0
DA:63,0
DA:64,0
DA:68,0
DA:69,0
DA:71,0
DA:72,0
DA:74,0
DA:75,0
DA:78,0
DA:81,0
DA:85,1
LF:35
LH:9
BRDA:3,0,0,1
BRDA:3,0,1,1
BRDA:5,1,0,1
BRDA:5,1,1,0
BRDA:19,2,0,1
BRDA:32,3,0,0
BRDA:32,3,1,0
BRDA:46,4,0,0
BRDA:46,4,1,0
BRDA:55,5,0,0
BRDA:55,5,1,0
BRDA:55,5,2,0
BRDA:55,5,3,0
BRDA:60,6,0,0
BRDA:60,6,1,0
BRDA:60,7,0,0
BRDA:60,7,1,0
BRDA:68,8,0,0
BRDA:68,8,1,0
BRDA:71,9,0,0
BRDA:71,9,1,0
BRDA:74,10,0,0
BRDA:74,10,1,0
BRF:23
BRH:4
end_of_record
TN:
SF:services\haptics.ts
FN:7,(anonymous_0)
FN:10,(anonymous_1)
FN:13,(anonymous_2)
FN:16,(anonymous_3)
FN:19,(anonymous_4)
FN:22,(anonymous_5)
FN:25,(anonymous_6)
FNF:7
FNH:0
FNDA:0,(anonymous_0)
FNDA:0,(anonymous_1)
FNDA:0,(anonymous_2)
FNDA:0,(anonymous_3)
FNDA:0,(anonymous_4)
FNDA:0,(anonymous_5)
FNDA:0,(anonymous_6)
DA:4,0
DA:6,0
DA:8,0
DA:11,0
DA:14,0
DA:17,0
DA:20,0
DA:23,0
DA:26,0
LF:9
LH:0
BRDA:8,0,0,0
BRDA:8,0,1,0
BRDA:11,1,0,0
BRDA:11,1,1,0
BRDA:14,2,0,0
BRDA:14,2,1,0
BRDA:17,3,0,0
BRDA:17,3,1,0
BRDA:20,4,0,0
BRDA:20,4,1,0
BRDA:23,5,0,0
BRDA:23,5,1,0
BRDA:26,6,0,0
BRDA:26,6,1,0
BRF:14
BRH:0
end_of_record
TN:
SF:services\imageCapture.ts
FN:12,(anonymous_0)
FN:37,(anonymous_1)
FNF:2
FNH:0
FNDA:0,(anonymous_0)
FNDA:0,(anonymous_1)
DA:7,1
DA:13,0
DA:14,0
DA:21,0
DA:22,0
DA:26,0
DA:28,0
DA:29,0
DA:38,0
DA:39,0
DA:41,0
DA:42,0
LF:12
LH:1
BRDA:21,0,0,0
BRDA:21,0,1,0
BRDA:21,1,0,0
BRDA:21,1,1,0
BRF:4
BRH:0
end_of_record
TN:
SF:services\leaderboardRealtime.ts
FN:17,(anonymous_0)
FN:68,(anonymous_1)
FN:120,(anonymous_2)
FN:128,(anonymous_3)
FN:148,(anonymous_4)
FN:160,(anonymous_5)
FNF:6
FNH:0
FNDA:0,(anonymous_0)
FNDA:0,(anonymous_1)
FNDA:0,(anonymous_2)
FNDA:0,(anonymous_3)
FNDA:0,(anonymous_4)
FNDA:0,(anonymous_5)
DA:6,0
DA:12,0
DA:18,0
DA:19,0
DA:20,0
DA:22,0
DA:24,0
DA:35,0
DA:37,0
DA:40,0
DA:51,0
DA:53,0
DA:54,0
DA:56,0
DA:57,0
DA:60,0
DA:69,0
DA:71,0
DA:73,0
DA:79,0
DA:80,0
DA:83,0
DA:91,0
DA:99,0
DA:101,0
DA:104,0
DA:109,0
DA:111,0
DA:121,0
DA:123,0
DA:131,0
DA:132,0
DA:135,0
DA:141,0
DA:142,0
DA:149,0
DA:150,0
DA:151,0
DA:152,0
DA:161,0
DA:162,0
DA:163,0
DA:164,0
DA:169,0
LF:44
LH:0
BRDA:35,0,0,0
BRDA:35,0,1,0
BRDA:37,1,0,0
BRDA:37,1,1,0
BRDA:51,2,0,0
BRDA:51,2,1,0
BRDA:53,3,0,0
BRDA:53,3,1,0
BRDA:57,4,0,0
BRDA:57,4,1,0
BRDA:79,5,0,0
BRDA:79,5,1,0
BRDA:99,6,0,0
BRDA:99,6,1,0
BRDA:99,7,0,0
BRDA:99,7,1,0
BRDA:109,8,0,0
BRDA:109,8,1,0
BRDA:121,9,0,0
BRDA:121,9,1,0
BRDA:132,10,0,0
BRDA:132,10,1,0
BRDA:132,11,0,0
BRDA:132,11,1,0
BRDA:141,12,0,0
BRDA:141,12,1,0
BRDA:141,13,0,0
BRDA:141,13,1,0
BRDA:149,14,0,0
BRDA:149,14,1,0
BRDA:151,15,0,0
BRDA:151,15,1,0
BRDA:151,16,0,0
BRDA:151,16,1,0
BRDA:161,17,0,0
BRDA:161,17,1,0
BRF:36
BRH:0
end_of_record
TN:
SF:services\notificationService.ts
FN:8,(anonymous_0)
FN:18,(anonymous_1)
FN:68,(anonymous_2)
FN:71,(anonymous_3)
FN:97,(anonymous_4)
FNF:5
FNH:0
FNDA:0,(anonymous_0)
FNDA:0,(anonymous_1)
FNDA:0,(anonymous_2)
FNDA:0,(anonymous_3)
FNDA:0,(anonymous_4)
DA:7,0
DA:8,0
DA:17,0
DA:21,0
DA:22,0
DA:30,0
DA:31,0
DA:32,0
DA:34,0
DA:35,0
DA:36,0
DA:39,0
DA:40,0
DA:41,0
DA:44,0
DA:46,0
DA:47,0
DA:50,0
DA:53,0
DA:57,0
DA:59,0
DA:62,0
DA:65,0
DA:70,0
DA:71,0
DA:73,0
DA:75,0
DA:87,0
DA:98,0
LF:29
LH:0
BRDA:21,0,0,0
BRDA:21,0,1,0
BRDA:30,1,0,0
BRDA:30,1,1,0
BRDA:34,2,0,0
BRDA:34,2,1,0
BRDA:39,3,0,0
BRDA:39,3,1,0
BRDA:46,4,0,0
BRDA:46,4,1,0
BRDA:47,5,0,0
BRDA:47,5,1,0
BRDA:73,6,0,0
BRDA:73,6,1,0
BRDA:75,7,0,0
BRDA:75,7,1,0
BRDA:97,8,0,0
BRF:17
BRH:0
end_of_record
TN:
SF:services\recommendations.ts
FN:4,(anonymous_0)
FN:13,(anonymous_1)
FN:19,(anonymous_2)
FN:26,(anonymous_3)
FN:27,(anonymous_4)
FN:32,(anonymous_5)
FN:44,(anonymous_6)
FN:50,(anonymous_7)
FN:53,(anonymous_8)
FN:55,(anonymous_9)
FN:57,(anonymous_10)
FN:57,(anonymous_11)
FN:60,(anonymous_12)
FN:61,(anonymous_13)
FN:66,(anonymous_14)
FN:71,(anonymous_15)
FN:74,(anonymous_16)
FN:77,(anonymous_17)
FN:80,(anonymous_18)
FNF:19
FNH:0
FNDA:0,(anonymous_0)
FNDA:0,(anonymous_1)
FNDA:0,(anonymous_2)
FNDA:0,(anonymous_3)
FNDA:0,(anonymous_4)
FNDA:0,(anonymous_5)
FNDA:0,(anonymous_6)
FNDA:0,(anonymous_7)
FNDA:0,(anonymous_8)
FNDA:0,(anonymous_9)
FNDA:0,(anonymous_10)
FNDA:0,(anonymous_11)
FNDA:0,(anonymous_12)
FNDA:0,(anonymous_13)
FNDA:0,(anonymous_14)
FNDA:0,(anonymous_15)
FNDA:0,(anonymous_16)
FNDA:0,(anonymous_17)
FNDA:0,(anonymous_18)
DA:4,0
DA:5,0
DA:6,0
DA:7,0
DA:8,0
DA:10,0
DA:13,0
DA:14,0
DA:15,0
DA:16,0
DA:19,0
DA:25,0
DA:26,0
DA:27,0
DA:29,0
DA:32,0
DA:34,0
DA:37,0
DA:39,0
DA:43,0
DA:44,0
DA:47,0
DA:50,0
DA:51,0
DA:53,0
DA:55,0
DA:57,0
DA:60,0
DA:61,0
DA:66,0
DA:67,0
DA:68,0
DA:71,0
DA:72,0
DA:74,0
DA:76,0
DA:79,0
DA:80,0
DA:84,0
DA:88,0
LF:40
LH:0
BRDA:34,0,0,0
BRDA:34,0,1,0
BRDA:37,1,0,0
BRDA:37,1,1,0
BRDA:37,2,0,0
BRDA:37,2,1,0
BRDA:43,3,0,0
BRDA:43,3,1,0
BRDA:51,4,0,0
BRDA:51,4,1,0
BRDA:51,5,0,0
BRDA:51,5,1,0
BRDA:61,6,0,0
BRDA:61,6,1,0
BRDA:76,7,0,0
BRDA:76,7,1,0
BRDA:79,8,0,0
BRDA:79,8,1,0
BRDA:84,9,0,0
BRDA:84,9,1,0
BRDA:84,10,0,0
BRDA:84,10,1,0
BRDA:85,11,0,0
BRDA:85,11,1,0
BRDA:88,12,0,0
BRDA:88,12,1,0
BRF:26
BRH:0
end_of_record
TN:
SF:services\seedService.ts
FN:7,(anonymous_0)
FNF:1
FNH:0
FNDA:0,(anonymous_0)
DA:4,0
DA:6,0
DA:8,0
DA:11,0
DA:12,0
DA:18,0
DA:19,0
DA:22,0
DA:23,0
DA:24,0
DA:36,0
DA:39,0
DA:43,0
DA:44,0
DA:46,0
DA:53,0
DA:54,0
DA:56,0
DA:75,0
DA:76,0
DA:82,0
DA:86,0
LF:22
LH:0
BRDA:18,0,0,0
BRDA:18,0,1,0
BRDA:18,1,0,0
BRDA:18,1,1,0
BRDA:22,2,0,0
BRDA:22,2,1,0
BRDA:36,3,0,0
BRDA:36,3,1,0
BRDA:53,4,0,0
BRDA:53,4,1,0
BRDA:63,5,0,0
BRDA:63,5,1,0
BRDA:72,6,0,0
BRDA:72,6,1,0
BRDA:75,7,0,0
BRDA:75,7,1,0
BRF:16
BRH:0
end_of_record
TN:
SF:services\syncService.ts
FN:6,(anonymous_0)
FN:16,(anonymous_1)
FN:47,(anonymous_2)
FNF:3
FNH:0
FNDA:0,(anonymous_0)
FNDA:0,(anonymous_1)
FNDA:0,(anonymous_2)
DA:5,0
DA:7,0
DA:8,0
DA:9,0
DA:11,0
DA:12,0
DA:17,0
DA:18,0
DA:19,0
DA:20,0
DA:23,0
DA:26,0
DA:27,0
DA:28,0
DA:41,0
DA:43,0
DA:47,0
DA:49,0
DA:51,0
DA:53,0
DA:54,0
DA:56,0
DA:58,0
DA:61,0
DA:62,0
DA:63,0
DA:64,0
DA:65,0
DA:71,0
DA:75,0
DA:76,0
DA:77,0
DA:78,0
DA:81,0
DA:84,0
DA:88,0
DA:105,0
DA:107,0
DA:109,0
DA:110,0
DA:112,0
DA:114,0
DA:117,0
DA:118,0
DA:119,0
DA:122,0
LF:46
LH:0
BRDA:9,0,0,0
BRDA:9,0,1,0
BRDA:18,1,0,0
BRDA:18,1,1,0
BRDA:26,2,0,0
BRDA:26,2,1,0
BRDA:41,3,0,0
BRDA:41,3,1,0
BRDA:49,4,0,0
BRDA:49,4,1,0
BRDA:58,5,0,0
BRDA:58,5,1,0
BRDA:58,6,0,0
BRDA:58,6,1,0
BRDA:61,7,0,0
BRDA:61,7,1,0
BRDA:61,8,0,0
BRDA:61,8,1,0
BRDA:75,9,0,0
BRDA:75,9,1,0
BRDA:77,10,0,0
BRDA:77,10,1,0
BRDA:94,11,0,0
BRDA:94,11,1,0
BRDA:105,12,0,0
BRDA:105,12,1,0
BRDA:109,13,0,0
BRDA:109,13,1,0
BRDA:109,14,0,0
BRDA:109,14,1,0
BRDA:117,15,0,0
BRDA:117,15,1,0
BRF:32
BRH:0
end_of_record
TN:
SF:services\toast.ts
FN:4,(anonymous_0)
FN:13,(anonymous_1)
FN:22,(anonymous_2)
FN:32,(anonymous_3)
FN:41,(anonymous_4)
FNF:5
FNH:0
FNDA:0,(anonymous_0)
FNDA:0,(anonymous_1)
FNDA:0,(anonymous_2)
FNDA:0,(anonymous_3)
FNDA:0,(anonymous_4)
DA:3,0
DA:5,0
DA:14,0
DA:23,0
DA:33,0
DA:42,0
LF:6
LH:0
BRF:0
BRH:0
end_of_record
TN:
SF:store\useStore.ts
FN:186,(anonymous_0)
FN:188,(anonymous_1)
FN:189,(anonymous_2)
FN:193,(anonymous_3)
FN:199,(anonymous_4)
FN:231,(anonymous_5)
FN:254,(anonymous_6)
FN:287,(anonymous_7)
FN:288,(anonymous_8)
FN:291,(anonymous_9)
FN:292,(anonymous_10)
FN:293,(anonymous_11)
FN:297,(anonymous_12)
FN:298,(anonymous_13)
FN:299,(anonymous_14)
FN:304,(anonymous_15)
FN:305,(anonymous_16)
FN:306,(anonymous_17)
FN:314,(anonymous_18)
FN:315,(anonymous_19)
FN:316,(anonymous_20)
FN:320,(anonymous_21)
FN:321,(anonymous_22)
FN:322,(anonymous_23)
FN:324,(anonymous_24)
FN:328,(anonymous_25)
FN:330,(anonymous_26)
FN:347,(anonymous_27)
FN:348,(anonymous_28)
FN:351,(anonymous_29)
FN:352,(anonymous_30)
FN:363,(anonymous_31)
FN:364,(anonymous_32)
FN:397,(anonymous_33)
FN:398,(anonymous_34)
FN:402,(anonymous_35)
FN:426,(anonymous_36)
FN:436,(anonymous_37)
FN:464,(anonymous_38)
FN:465,(anonymous_39)
FN:469,(anonymous_40)
FN:486,(anonymous_41)
FN:490,(anonymous_42)
FN:490,(anonymous_43)
FN:492,(anonymous_44)
FN:501,(anonymous_45)
FN:504,(anonymous_46)
FN:511,(anonymous_47)
FN:514,(anonymous_48)
FN:525,(anonymous_49)
FN:526,(anonymous_50)
FN:527,(anonymous_51)
FN:531,(anonymous_52)
FN:532,(anonymous_53)
FN:533,(anonymous_54)
FN:535,(anonymous_55)
FN:545,(anonymous_56)
FN:547,(anonymous_57)
FN:549,(anonymous_58)
FN:551,(anonymous_59)
FN:552,(anonymous_60)
FN:553,(anonymous_61)
FN:556,(anonymous_62)
FN:565,(anonymous_63)
FN:577,(anonymous_64)
FN:579,(anonymous_65)
FN:581,(anonymous_66)
FN:582,(anonymous_67)
FN:587,(anonymous_68)
FNF:69
FNH:0
FNDA:0,(anonymous_0)
FNDA:0,(anonymous_1)
FNDA:0,(anonymous_2)
FNDA:0,(anonymous_3)
FNDA:0,(anonymous_4)
FNDA:0,(anonymous_5)
FNDA:0,(anonymous_6)
FNDA:0,(anonymous_7)
FNDA:0,(anonymous_8)
FNDA:0,(anonymous_9)
FNDA:0,(anonymous_10)
FNDA:0,(anonymous_11)
FNDA:0,(anonymous_12)
FNDA:0,(anonymous_13)
FNDA:0,(anonymous_14)
FNDA:0,(anonymous_15)
FNDA:0,(anonymous_16)
FNDA:0,(anonymous_17)
FNDA:0,(anonymous_18)
FNDA:0,(anonymous_19)
FNDA:0,(anonymous_20)
FNDA:0,(anonymous_21)
FNDA:0,(anonymous_22)
FNDA:0,(anonymous_23)
FNDA:0,(anonymous_24)
FNDA:0,(anonymous_25)
FNDA:0,(anonymous_26)
FNDA:0,(anonymous_27)
FNDA:0,(anonymous_28)
FNDA:0,(anonymous_29)
FNDA:0,(anonymous_30)
FNDA:0,(anonymous_31)
FNDA:0,(anonymous_32)
FNDA:0,(anonymous_33)
FNDA:0,(anonymous_34)
FNDA:0,(anonymous_35)
FNDA:0,(anonymous_36)
FNDA:0,(anonymous_37)
FNDA:0,(anonymous_38)
FNDA:0,(anonymous_39)
FNDA:0,(anonymous_40)
FNDA:0,(anonymous_41)
FNDA:0,(anonymous_42)
FNDA:0,(anonymous_43)
FNDA:0,(anonymous_44)
FNDA:0,(anonymous_45)
FNDA:0,(anonymous_46)
FNDA:0,(anonymous_47)
FNDA:0,(anonymous_48)
FNDA:0,(anonymous_49)
FNDA:0,(anonymous_50)
FNDA:0,(anonymous_51)
FNDA:0,(anonymous_52)
FNDA:0,(anonymous_53)
FNDA:0,(anonymous_54)
FNDA:0,(anonymous_55)
FNDA:0,(anonymous_56)
FNDA:0,(anonymous_57)
FNDA:0,(anonymous_58)
FNDA:0,(anonymous_59)
FNDA:0,(anonymous_60)
FNDA:0,(anonymous_61)
FNDA:0,(anonymous_62)
FNDA:0,(anonymous_63)
FNDA:0,(anonymous_64)
FNDA:0,(anonymous_65)
FNDA:0,(anonymous_66)
FNDA:0,(anonymous_67)
FNDA:0,(anonymous_68)
DA:184,0
DA:186,0
DA:189,0
DA:190,0
DA:191,0
DA:193,0
DA:197,0
DA:199,0
DA:232,0
DA:233,0
DA:248,0
DA:249,0
DA:250,0
DA:253,0
DA:254,0
DA:278,0
DA:281,0
DA:288,0
DA:292,0
DA:294,0
DA:298,0
DA:299,0
DA:305,0
DA:306,0
DA:312,0
DA:315,0
DA:317,0
DA:321,0
DA:322,0
DA:324,0
DA:328,0
DA:330,0
DA:348,0
DA:352,0
DA:353,0
DA:354,0
DA:355,0
DA:364,0
DA:365,0
DA:372,0
DA:374,0
DA:375,0
DA:376,0
DA:378,0
DA:379,0
DA:380,0
DA:381,0
DA:383,0
DA:384,0
DA:386,0
DA:388,0
DA:392,0
DA:393,0
DA:395,0
DA:398,0
DA:399,0
DA:402,0
DA:403,0
DA:406,0
DA:407,0
DA:409,0
DA:419,0
DA:427,0
DA:428,0
DA:429,0
DA:436,0
DA:437,0
DA:439,0
DA:440,0
DA:442,0
DA:443,0
DA:445,0
DA:446,0
DA:448,0
DA:449,0
DA:451,0
DA:452,0
DA:455,0
DA:456,0
DA:465,0
DA:467,0
DA:469,0
DA:473,0
DA:474,0
DA:479,0
DA:486,0
DA:490,0
DA:492,0
DA:504,0
DA:514,0
DA:526,0
DA:528,0
DA:532,0
DA:533,0
DA:535,0
DA:546,0
DA:548,0
DA:550,0
DA:551,0
DA:553,0
DA:555,0
DA:556,0
DA:558,0
DA:559,0
DA:560,0
DA:564,0
DA:565,0
DA:567,0
DA:568,0
DA:569,0
DA:575,0
DA:578,0
DA:580,0
DA:581,0
DA:583,0
DA:587,0
LF:116
LH:0
BRDA:192,0,0,0
BRDA:192,0,1,0
BRDA:248,1,0,0
BRDA:248,1,1,0
BRDA:253,2,0,0
BRDA:253,2,1,0
BRDA:253,3,0,0
BRDA:253,3,1,0
BRDA:255,4,0,0
BRDA:255,4,1,0
BRDA:270,5,0,0
BRDA:270,5,1,0
BRDA:271,6,0,0
BRDA:271,6,1,0
BRDA:294,7,0,0
BRDA:294,7,1,0
BRDA:317,8,0,0
BRDA:317,8,1,0
BRDA:363,9,0,0
BRDA:365,10,0,0
BRDA:365,10,1,0
BRDA:374,11,0,0
BRDA:374,11,1,0
BRDA:378,12,0,0
BRDA:378,12,1,0
BRDA:383,13,0,0
BRDA:383,13,1,0
BRDA:384,14,0,0
BRDA:384,14,1,0
BRDA:392,15,0,0
BRDA:392,15,1,0
BRDA:399,16,0,0
BRDA:399,16,1,0
BRDA:403,17,0,0
BRDA:403,17,1,0
BRDA:429,18,0,0
BRDA:429,18,1,0
BRDA:437,19,0,0
BRDA:437,19,1,0
BRDA:440,20,0,0
BRDA:440,20,1,0
BRDA:440,20,2,0
BRDA:440,20,3,0
BRDA:442,21,0,0
BRDA:442,21,1,0
BRDA:445,22,0,0
BRDA:445,22,1,0
BRDA:448,23,0,0
BRDA:448,23,1,0
BRDA:451,24,0,0
BRDA:451,24,1,0
BRDA:455,25,0,0
BRDA:455,25,1,0
BRDA:473,26,0,0
BRDA:473,26,1,0
BRDA:528,27,0,0
BRDA:528,27,1,0
BRDA:559,28,0,0
BRDA:559,28,1,0
BRDA:568,29,0,0
BRDA:568,29,1,0
BRF:61
BRH:0
end_of_record
TN:
SF:stores\aiCaptureStore.ts
FN:64,(anonymous_0)
FN:77,(anonymous_1)
FN:83,(anonymous_2)
FN:110,(anonymous_3)
FN:119,(anonymous_4)
FN:128,(anonymous_5)
FN:133,(anonymous_6)
FN:156,(anonymous_7)
FN:163,(anonymous_8)
FN:165,(anonymous_9)
FN:169,(anonymous_10)
FN:173,(anonymous_11)
FN:211,(anonymous_12)
FN:217,(anonymous_13)
FN:238,(anonymous_14)
FN:244,(anonymous_15)
FN:263,(anonymous_16)
FNF:17
FNH:6
FNDA:1,(anonymous_0)
FNDA:1,(anonymous_1)
FNDA:3,(anonymous_2)
FNDA:0,(anonymous_3)
FNDA:0,(anonymous_4)
FNDA:2,(anonymous_5)
FNDA:2,(anonymous_6)
FNDA:0,(anonymous_7)
FNDA:0,(anonymous_8)
FNDA:0,(anonymous_9)
FNDA:0,(anonymous_10)
FNDA:2,(anonymous_11)
FNDA:0,(anonymous_12)
FNDA:0,(anonymous_13)
FNDA:0,(anonymous_14)
FNDA:0,(anonymous_15)
FNDA:0,(anonymous_16)
DA:64,1
DA:78,1
DA:80,1
DA:84,3
DA:85,3
DA:92,3
DA:93,2
DA:94,1
DA:100,1
DA:103,1
DA:111,0
DA:120,0
DA:129,2
DA:130,2
DA:131,2
DA:133,2
DA:135,1
DA:143,1
DA:144,1
DA:157,0
DA:158,0
DA:159,0
DA:164,0
DA:165,0
DA:170,0
DA:174,2
DA:175,2
DA:176,1
DA:180,1
DA:183,1
DA:184,1
DA:186,1
DA:188,1
DA:193,1
DA:198,0
DA:199,0
DA:212,0
DA:214,0
DA:218,0
DA:219,0
DA:223,0
DA:238,0
DA:244,0
DA:260,0
DA:264,0
LF:45
LH:26
BRDA:93,0,0,1
BRDA:93,0,1,1
BRDA:97,1,0,1
BRDA:97,1,1,0
BRDA:139,2,0,1
BRDA:139,2,1,0
BRDA:140,3,0,1
BRDA:140,3,1,0
BRDA:147,4,0,0
BRDA:147,4,1,1
BRDA:148,5,0,0
BRDA:148,5,1,1
BRDA:150,6,0,1
BRDA:150,6,1,0
BRDA:158,7,0,0
BRDA:158,7,1,0
BRDA:175,8,0,1
BRDA:175,8,1,1
BRDA:186,9,0,1
BRDA:186,9,1,0
BRDA:202,10,0,0
BRDA:202,10,1,0
BRDA:203,11,0,0
BRDA:203,11,1,0
BRDA:205,12,0,0
BRDA:205,12,1,0
BRDA:212,13,0,0
BRDA:212,13,1,0
BRDA:219,14,0,0
BRDA:219,14,1,0
BRDA:232,15,0,0
BRDA:232,15,1,0
BRDA:247,16,0,0
BRDA:247,16,1,0
BRF:34
BRH:11
end_of_record
TN:
SF:stores\cookingStore.ts
FN:34,(anonymous_0)
FN:39,(anonymous_1)
FN:45,(anonymous_2)
FN:51,(anonymous_3)
FN:53,(anonymous_4)
FN:53,(anonymous_5)
FN:55,(anonymous_6)
FN:55,(anonymous_7)
FN:59,(anonymous_8)
FN:59,(anonymous_9)
FN:75,(anonymous_10)
FN:75,(anonymous_11)
FN:90,(anonymous_12)
FN:90,(anonymous_13)
FN:101,(anonymous_14)
FN:101,(anonymous_15)
FN:112,(anonymous_16)
FN:112,(anonymous_17)
FN:125,(anonymous_18)
FNF:19
FNH:0
FNDA:0,(anonymous_0)
FNDA:0,(anonymous_1)
FNDA:0,(anonymous_2)
FNDA:0,(anonymous_3)
FNDA:0,(anonymous_4)
FNDA:0,(anonymous_5)
FNDA:0,(anonymous_6)
FNDA:0,(anonymous_7)
FNDA:0,(anonymous_8)
FNDA:0,(anonymous_9)
FNDA:0,(anonymous_10)
FNDA:0,(anonymous_11)
FNDA:0,(anonymous_12)
FNDA:0,(anonymous_13)
FNDA:0,(anonymous_14)
FNDA:0,(anonymous_15)
FNDA:0,(anonymous_16)
FNDA:0,(anonymous_17)
FNDA:0,(anonymous_18)
DA:32,0
DA:34,0
DA:39,0
DA:45,0
DA:51,0
DA:53,0
DA:55,0
DA:59,0
DA:60,0
DA:61,0
DA:75,0
DA:76,0
DA:77,0
DA:78,0
DA:90,0
DA:91,0
DA:92,0
DA:93,0
DA:101,0
DA:102,0
DA:103,0
DA:104,0
DA:112,0
DA:113,0
DA:114,0
DA:115,0
DA:125,0
LF:27
LH:0
BRDA:77,0,0,0
BRDA:77,0,1,0
BRDA:84,1,0,0
BRDA:84,1,1,0
BRDA:92,2,0,0
BRDA:92,2,1,0
BRDA:103,3,0,0
BRDA:103,3,1,0
BRDA:114,4,0,0
BRDA:114,4,1,0
BRF:10
BRH:0
end_of_record
TN:
SF:stores\gamificationStore.ts
FN:13,(anonymous_0)
FN:45,(anonymous_1)
FN:71,(anonymous_2)
FN:87,(anonymous_3)
FN:89,(anonymous_4)
FN:114,(anonymous_5)
FN:128,(anonymous_6)
FN:129,(anonymous_7)
FN:148,getStartOfWeek
FNF:9
FNH:0
FNDA:0,(anonymous_0)
FNDA:0,(anonymous_1)
FNDA:0,(anonymous_2)
FNDA:0,(anonymous_3)
FNDA:0,(anonymous_4)
FNDA:0,(anonymous_5)
FNDA:0,(anonymous_6)
FNDA:0,(anonymous_7)
FNDA:0,getStartOfWeek
DA:13,0
DA:43,0
DA:45,0
DA:72,0
DA:73,0
DA:76,0
DA:79,0
DA:82,0
DA:83,0
DA:87,0
DA:90,0
DA:93,0
DA:96,0
DA:97,0
DA:100,0
DA:108,0
DA:115,0
DA:116,0
DA:118,0
DA:119,0
DA:128,0
DA:129,0
DA:149,0
DA:150,0
DA:151,0
DA:152,0
DA:153,0
DA:154,0
LF:28
LH:0
BRDA:73,0,0,0
BRDA:73,0,1,0
BRDA:82,1,0,0
BRDA:82,1,1,0
BRDA:118,2,0,0
BRDA:118,2,1,0
BRDA:151,3,0,0
BRDA:151,3,1,0
BRF:8
BRH:0
end_of_record
TN:
SF:stores\syncStore.ts
FN:24,(anonymous_0)
FN:27,(anonymous_1)
FN:27,(anonymous_2)
FN:36,(anonymous_3)
FN:36,(anonymous_4)
FN:37,(anonymous_5)
FN:40,(anonymous_6)
FN:42,(anonymous_7)
FN:46,(anonymous_8)
FNF:9
FNH:0
FNDA:0,(anonymous_0)
FNDA:0,(anonymous_1)
FNDA:0,(anonymous_2)
FNDA:0,(anonymous_3)
FNDA:0,(anonymous_4)
FNDA:0,(anonymous_5)
FNDA:0,(anonymous_6)
FNDA:0,(anonymous_7)
FNDA:0,(anonymous_8)
DA:22,0
DA:24,0
DA:27,0
DA:36,0
DA:37,0
DA:40,0
DA:42,0
DA:46,0
LF:8
LH:0
BRF:0
BRH:0
end_of_record
TN:
SF:stores\uiStore.ts
FN:10,(anonymous_0)
FN:13,(anonymous_1)
FN:14,(anonymous_2)
FNF:3
FNH:0
FNDA:0,(anonymous_0)
FNDA:0,(anonymous_1)
FNDA:0,(anonymous_2)
DA:10,0
DA:13,0
DA:14,0
LF:3
LH:0
BRF:0
BRH:0
end_of_record
TN:
SF:stores\userStore.ts
FN:52,(anonymous_0)
FN:67,(anonymous_1)
FN:67,(anonymous_2)
FN:72,(anonymous_3)
FN:72,(anonymous_4)
FN:75,(anonymous_5)
FN:78,(anonymous_6)
FN:80,(anonymous_7)
FN:80,(anonymous_8)
FN:100,(anonymous_9)
FN:100,(anonymous_10)
FN:110,(anonymous_11)
FN:110,(anonymous_12)
FN:122,(anonymous_13)
FN:122,(anonymous_14)
FN:123,(anonymous_15)
FN:134,(anonymous_16)
FNF:17
FNH:0
FNDA:0,(anonymous_0)
FNDA:0,(anonymous_1)
FNDA:0,(anonymous_2)
FNDA:0,(anonymous_3)
FNDA:0,(anonymous_4)
FNDA:0,(anonymous_5)
FNDA:0,(anonymous_6)
FNDA:0,(anonymous_7)
FNDA:0,(anonymous_8)
FNDA:0,(anonymous_9)
FNDA:0,(anonymous_10)
FNDA:0,(anonymous_11)
FNDA:0,(anonymous_12)
FNDA:0,(anonymous_13)
FNDA:0,(anonymous_14)
FNDA:0,(anonymous_15)
FNDA:0,(anonymous_16)
DA:50,0
DA:52,0
DA:67,0
DA:72,0
DA:75,0
DA:78,0
DA:80,0
DA:81,0
DA:84,0
DA:85,0
DA:86,0
DA:87,0
DA:91,0
DA:100,0
DA:101,0
DA:102,0
DA:110,0
DA:122,0
DA:123,0
DA:124,0
DA:125,0
DA:126,0
DA:134,0
LF:23
LH:0
BRDA:86,0,0,0
BRDA:86,0,1,0
BRDA:101,1,0,0
BRDA:101,1,1,0
BRDA:110,2,0,0
BRDA:125,3,0,0
BRDA:125,3,1,0
BRF:7
BRH:0
end_of_record
TN:
SF:sync\supabaseSync.ts
FN:11,getDeviceId
FN:30,processSupabaseTask
FN:66,syncRecipe
FNF:3
FNH:0
FNDA:0,getDeviceId
FNDA:0,processSupabaseTask
FNDA:0,syncRecipe
DA:5,0
DA:12,0
DA:13,0
DA:14,0
DA:15,0
DA:16,0
DA:18,0
DA:21,0
DA:31,0
DA:32,0
DA:38,0
DA:40,0
DA:42,0
DA:43,0
DA:46,0
DA:49,0
DA:50,0
DA:51,0
DA:54,0
DA:56,0
DA:58,0
DA:67,0
DA:68,0
DA:71,0
DA:75,0
DA:76,0
DA:77,0
DA:79,0
DA:80,0
DA:85,0
DA:86,0
DA:93,0
LF:32
LH:0
BRDA:14,0,0,0
BRDA:14,0,1,0
BRDA:40,1,0,0
BRDA:40,1,1,0
BRDA:49,2,0,0
BRDA:49,2,1,0
BRDA:75,3,0,0
BRDA:75,3,1,0
BRDA:77,4,0,0
BRDA:77,4,1,0
BRDA:85,5,0,0
BRDA:85,5,1,0
BRF:12
BRH:0
end_of_record
TN:
SF:sync\syncQueue.ts
FN:43,addToQueue
FN:64,removeFromQueue
FN:65,(anonymous_2)
FN:72,markTaskFailed
FN:73,(anonymous_4)
FN:88,isTaskReadyForRetry
FN:102,getNextBatch
FN:104,(anonymous_7)
FN:105,(anonymous_8)
FN:113,processTask
FN:129,flushQueue
FN:157,generateId
FNF:12
FNH:0
FNDA:0,addToQueue
FNDA:0,removeFromQueue
FNDA:0,(anonymous_2)
FNDA:0,markTaskFailed
FNDA:0,(anonymous_4)
FNDA:0,isTaskReadyForRetry
FNDA:0,getNextBatch
FNDA:0,(anonymous_7)
FNDA:0,(anonymous_8)
FNDA:0,processTask
FNDA:0,flushQueue
FNDA:0,generateId
DA:33,0
DA:34,0
DA:49,0
DA:58,0
DA:65,0
DA:73,0
DA:74,0
DA:76,0
DA:89,0
DA:90,0
DA:92,0
DA:93,0
DA:95,0
DA:103,0
DA:104,0
DA:105,0
DA:117,0
DA:118,0
DA:120,0
DA:133,0
DA:134,0
DA:136,0
DA:139,0
DA:140,0
DA:141,0
DA:143,0
DA:144,0
DA:146,0
DA:150,0
DA:158,0
LF:30
LH:0
BRDA:74,0,0,0
BRDA:74,0,1,0
BRDA:89,1,0,0
BRDA:89,1,1,0
BRDA:90,2,0,0
BRDA:90,2,1,0
BRDA:102,3,0,0
BRDA:104,4,0,0
BRDA:104,4,1,0
BRDA:120,5,0,0
BRDA:120,5,1,0
BRDA:143,6,0,0
BRDA:143,6,1,0
BRDA:146,7,0,0
BRDA:146,7,1,0
BRF:15
BRH:0
end_of_record
TN:
SF:theme\tokens.ts
FNF:0
FNH:0
DA:3,0
DA:46,0
DA:55,0
DA:63,0
DA:73,0
LF:5
LH:0
BRF:0
BRH:0
end_of_record
TN:
SF:theme\useTheme.ts
FN:4,useTheme
FNF:1
FNH:0
FNDA:0,useTheme
DA:5,0
DA:6,0
DA:8,0
DA:10,0
LF:4
LH:0
BRDA:8,0,0,0
BRDA:8,0,1,0
BRF:2
BRH:0
end_of_record
TN:
SF:types\gamification.ts
FNF:0
FNH:0
LF:0
LH:0
BRF:0
BRH:0
end_of_record
TN:
SF:utils\chefIdentity.ts
FN:33,generateAvatarSeed
FN:40,getAvatarColor
FN:52,getChefTitle
FN:55,(anonymous_3)
FN:62,getChefInitials
FNF:5
FNH:0
FNDA:0,generateAvatarSeed
FNDA:0,getAvatarColor
FNDA:0,getChefTitle
FNDA:0,(anonymous_3)
FNDA:0,getChefInitials
DA:9,0
DA:34,0
DA:41,0
DA:42,0
DA:43,0
DA:45,0
DA:46,0
DA:55,0
DA:56,0
DA:63,0
DA:64,0
DA:65,0
DA:66,0
DA:68,0
LF:14
LH:0
BRDA:56,0,0,0
BRDA:56,0,1,0
BRDA:63,1,0,0
BRDA:63,1,1,0
BRDA:65,2,0,0
BRDA:65,2,1,0
BRF:6
BRH:0
end_of_record
TN:
SF:utils\imagePrep.ts
FN:18,prepareImageForAI
FN:59,processImage
FN:74,(anonymous_2)
FN:77,(anonymous_3)
FN:77,(anonymous_4)
FNF:5
FNH:0
FNDA:0,prepareImageForAI
FNDA:0,processImage
FNDA:0,(anonymous_2)
FNDA:0,(anonymous_3)
FNDA:0,(anonymous_4)
DA:22,0
DA:24,0
DA:27,0
DA:52,0
DA:56,0
DA:74,0
DA:76,0
DA:77,0
DA:80,0
DA:81,0
DA:82,0
DA:83,0
DA:85,0
DA:93,0
DA:95,0
DA:102,0
DA:106,0
LF:17
LH:0
BRDA:20,0,0,0
BRDA:22,1,0,0
BRDA:22,2,0,0
BRDA:81,3,0,0
BRDA:81,3,1,0
BRDA:81,4,0,0
BRDA:81,4,1,0
BRDA:82,5,0,0
BRDA:82,5,1,0
BRDA:93,6,0,0
BRDA:93,6,1,0
BRF:11
BRH:0
end_of_record
TN:
SF:utils\pantryMatcher.ts
FN:18,normalizeIngredient
FN:52,isIngredientMatch
FN:74,calculatePantryMatch
FN:80,(anonymous_3)
FN:98,(anonymous_4)
FN:99,(anonymous_5)
FN:125,sortRecipesByMatch
FN:131,(anonymous_7)
FN:135,(anonymous_8)
FN:136,(anonymous_9)
FNF:10
FNH:0
FNDA:0,normalizeIngredient
FNDA:0,isIngredientMatch
FNDA:0,calculatePantryMatch
FNDA:0,(anonymous_3)
FNDA:0,(anonymous_4)
FNDA:0,(anonymous_5)
FNDA:0,sortRecipesByMatch
FNDA:0,(anonymous_7)
FNDA:0,(anonymous_8)
FNDA:0,(anonymous_9)
DA:19,0
DA:21,0
DA:24,0
DA:27,0
DA:32,0
DA:34,0
DA:35,0
DA:39,0
DA:40,0
DA:42,0
DA:45,0
DA:53,0
DA:54,0
DA:56,0
DA:59,0
DA:68,0
DA:79,0
DA:80,0
DA:83,0
DA:84,0
DA:85,0
DA:95,0
DA:96,0
DA:98,0
DA:99,0
DA:100,0
DA:103,0
DA:104,0
DA:106,0
DA:110,0
DA:111,0
DA:113,0
DA:130,0
DA:131,0
DA:135,0
DA:136,0
LF:36
LH:0
BRDA:19,0,0,0
BRDA:19,0,1,0
BRDA:32,1,0,0
BRDA:32,1,1,0
BRDA:35,2,0,0
BRDA:35,2,1,0
BRDA:35,3,0,0
BRDA:35,3,1,0
BRDA:40,4,0,0
BRDA:40,4,1,0
BRDA:40,5,0,0
BRDA:40,5,1,0
BRDA:56,6,0,0
BRDA:56,6,1,0
BRDA:56,7,0,0
BRDA:56,7,1,0
BRDA:59,8,0,0
BRDA:59,8,1,0
BRDA:68,9,0,0
BRDA:68,9,1,0
BRDA:84,10,0,0
BRDA:84,10,1,0
BRDA:103,11,0,0
BRDA:103,11,1,0
BRDA:128,12,0,0
BRF:25
BRH:0
end_of_record
